[2.048s] DEBUG:colcon:Command line arguments: ['/usr/bin/colcon', 'build', '--symlink-install']
[2.048s] DEBUG:colcon:Parsed command line arguments: Namespace(log_base=None, log_level=None, verb_name='build', build_base='build', install_base='install', merge_install=False, symlink_install=True, test_result_base=None, continue_on_error=False, executor='parallel', parallel_workers=8, event_handlers=None, ignore_user_meta=False, metas=['./colcon.meta'], base_paths=['.'], packages_ignore=None, packages_ignore_regex=None, paths=None, packages_up_to=None, packages_up_to_regex=None, packages_above=None, packages_above_and_dependencies=None, packages_above_depth=None, packages_select_by_dep=None, packages_skip_by_dep=None, packages_skip_up_to=None, packages_select_build_failed=False, packages_skip_build_finished=False, packages_select_test_failures=False, packages_skip_test_passed=False, packages_select=None, packages_skip=None, packages_select_regex=None, packages_skip_regex=None, packages_start=None, packages_end=None, allow_overriding=[], cmake_args=None, cmake_target=None, cmake_target_skip_unavailable=False, cmake_clean_cache=False, cmake_clean_first=False, cmake_force_configure=False, ament_cmake_args=None, catkin_cmake_args=None, catkin_skip_building_tests=False, verb_parser=<colcon_defaults.argument_parser.defaults.DefaultArgumentsDecorator object at 0x7f513550e8f0>, verb_extension=<colcon_core.verb.build.BuildVerb object at 0x7f513550d1b0>, main=<bound method BuildVerb.main of <colcon_core.verb.build.BuildVerb object at 0x7f513550d1b0>>)
[2.145s] Level 1:colcon.colcon_core.package_discovery:discover_packages(colcon_meta) check parameters
[2.145s] Level 1:colcon.colcon_core.package_discovery:discover_packages(recursive) check parameters
[2.145s] Level 1:colcon.colcon_core.package_discovery:discover_packages(ignore) check parameters
[2.145s] Level 1:colcon.colcon_core.package_discovery:discover_packages(path) check parameters
[2.146s] Level 1:colcon.colcon_core.package_discovery:discover_packages(colcon_meta) discover
[2.146s] Level 1:colcon.colcon_core.package_discovery:discover_packages(recursive) discover
[2.146s] INFO:colcon.colcon_core.package_discovery:Crawling recursively for packages in '/home/kaduver4/ros2_ws'
[2.146s] Level 1:colcon.colcon_core.package_identification:_identify(.) by extensions ['ignore', 'ignore_ament_install']
[2.146s] Level 1:colcon.colcon_core.package_identification:_identify(.) by extension 'ignore'
[2.147s] Level 1:colcon.colcon_core.package_identification:_identify(.) by extension 'ignore_ament_install'
[2.147s] Level 1:colcon.colcon_core.package_identification:_identify(.) by extensions ['colcon_pkg']
[2.147s] Level 1:colcon.colcon_core.package_identification:_identify(.) by extension 'colcon_pkg'
[2.147s] Level 1:colcon.colcon_core.package_identification:_identify(.) by extensions ['colcon_meta']
[2.147s] Level 1:colcon.colcon_core.package_identification:_identify(.) by extension 'colcon_meta'
[2.147s] Level 1:colcon.colcon_core.package_identification:_identify(.) by extensions ['ros']
[2.147s] Level 1:colcon.colcon_core.package_identification:_identify(.) by extension 'ros'
[2.165s] Level 1:colcon.colcon_core.package_identification:_identify(.) by extensions ['cmake', 'python']
[2.165s] Level 1:colcon.colcon_core.package_identification:_identify(.) by extension 'cmake'
[2.165s] Level 1:colcon.colcon_core.package_identification:_identify(.) by extension 'python'
[2.166s] Level 1:colcon.colcon_core.package_identification:_identify(.) by extensions ['python_setup_py']
[2.166s] Level 1:colcon.colcon_core.package_identification:_identify(.) by extension 'python_setup_py'
[2.166s] Level 1:colcon.colcon_core.package_identification:_identify(build) by extensions ['ignore', 'ignore_ament_install']
[2.166s] Level 1:colcon.colcon_core.package_identification:_identify(build) by extension 'ignore'
[2.166s] Level 1:colcon.colcon_core.package_identification:_identify(build) ignored
[2.166s] Level 1:colcon.colcon_core.package_identification:_identify(install) by extensions ['ignore', 'ignore_ament_install']
[2.166s] Level 1:colcon.colcon_core.package_identification:_identify(install) by extension 'ignore'
[2.167s] Level 1:colcon.colcon_core.package_identification:_identify(install) ignored
[2.167s] Level 1:colcon.colcon_core.package_identification:_identify(log) by extensions ['ignore', 'ignore_ament_install']
[2.167s] Level 1:colcon.colcon_core.package_identification:_identify(log) by extension 'ignore'
[2.167s] Level 1:colcon.colcon_core.package_identification:_identify(log) ignored
[2.167s] Level 1:colcon.colcon_core.package_identification:_identify(src) by extensions ['ignore', 'ignore_ament_install']
[2.167s] Level 1:colcon.colcon_core.package_identification:_identify(src) by extension 'ignore'
[2.167s] Level 1:colcon.colcon_core.package_identification:_identify(src) by extension 'ignore_ament_install'
[2.167s] Level 1:colcon.colcon_core.package_identification:_identify(src) by extensions ['colcon_pkg']
[2.167s] Level 1:colcon.colcon_core.package_identification:_identify(src) by extension 'colcon_pkg'
[2.167s] Level 1:colcon.colcon_core.package_identification:_identify(src) by extensions ['colcon_meta']
[2.168s] Level 1:colcon.colcon_core.package_identification:_identify(src) by extension 'colcon_meta'
[2.168s] Level 1:colcon.colcon_core.package_identification:_identify(src) by extensions ['ros']
[2.168s] Level 1:colcon.colcon_core.package_identification:_identify(src) by extension 'ros'
[2.168s] Level 1:colcon.colcon_core.package_identification:_identify(src) by extensions ['cmake', 'python']
[2.168s] Level 1:colcon.colcon_core.package_identification:_identify(src) by extension 'cmake'
[2.168s] Level 1:colcon.colcon_core.package_identification:_identify(src) by extension 'python'
[2.168s] Level 1:colcon.colcon_core.package_identification:_identify(src) by extensions ['python_setup_py']
[2.168s] Level 1:colcon.colcon_core.package_identification:_identify(src) by extension 'python_setup_py'
[2.168s] Level 1:colcon.colcon_core.package_identification:_identify(src/my_reactive_robot) by extensions ['ignore', 'ignore_ament_install']
[2.168s] Level 1:colcon.colcon_core.package_identification:_identify(src/my_reactive_robot) by extension 'ignore'
[2.168s] Level 1:colcon.colcon_core.package_identification:_identify(src/my_reactive_robot) by extension 'ignore_ament_install'
[2.168s] Level 1:colcon.colcon_core.package_identification:_identify(src/my_reactive_robot) by extensions ['colcon_pkg']
[2.169s] Level 1:colcon.colcon_core.package_identification:_identify(src/my_reactive_robot) by extension 'colcon_pkg'
[2.169s] Level 1:colcon.colcon_core.package_identification:_identify(src/my_reactive_robot) by extensions ['colcon_meta']
[2.169s] Level 1:colcon.colcon_core.package_identification:_identify(src/my_reactive_robot) by extension 'colcon_meta'
[2.169s] Level 1:colcon.colcon_core.package_identification:_identify(src/my_reactive_robot) by extensions ['ros']
[2.169s] Level 1:colcon.colcon_core.package_identification:_identify(src/my_reactive_robot) by extension 'ros'
[2.173s] DEBUG:colcon.colcon_core.package_identification:Package 'src/my_reactive_robot' with type 'ros.ament_cmake' and name 'my_reactive_robot'
[2.173s] Level 1:colcon.colcon_core.package_discovery:discover_packages(recursive) using defaults
[2.173s] Level 1:colcon.colcon_core.package_discovery:discover_packages(ignore) discover
[2.173s] Level 1:colcon.colcon_core.package_discovery:discover_packages(ignore) using defaults
[2.173s] Level 1:colcon.colcon_core.package_discovery:discover_packages(path) discover
[2.173s] Level 1:colcon.colcon_core.package_discovery:discover_packages(path) using defaults
[2.359s] Level 1:colcon.colcon_core.package_discovery:discover_packages(prefix_path) check parameters
[2.360s] Level 1:colcon.colcon_core.package_discovery:discover_packages(prefix_path) discover
[2.418s] DEBUG:colcon.colcon_installed_package_information.package_discovery:Found 1 installed packages in /home/kaduver4/ros2_ws/install
[2.449s] DEBUG:colcon.colcon_installed_package_information.package_discovery:Found 337 installed packages in /opt/ros/humble
[2.474s] Level 1:colcon.colcon_core.package_discovery:discover_packages(prefix_path) using defaults
[2.650s] Level 5:colcon.colcon_core.verb:set package 'my_reactive_robot' build argument 'cmake_args' from command line to 'None'
[2.650s] Level 5:colcon.colcon_core.verb:set package 'my_reactive_robot' build argument 'cmake_target' from command line to 'None'
[2.650s] Level 5:colcon.colcon_core.verb:set package 'my_reactive_robot' build argument 'cmake_target_skip_unavailable' from command line to 'False'
[2.650s] Level 5:colcon.colcon_core.verb:set package 'my_reactive_robot' build argument 'cmake_clean_cache' from command line to 'False'
[2.650s] Level 5:colcon.colcon_core.verb:set package 'my_reactive_robot' build argument 'cmake_clean_first' from command line to 'False'
[2.650s] Level 5:colcon.colcon_core.verb:set package 'my_reactive_robot' build argument 'cmake_force_configure' from command line to 'False'
[2.650s] Level 5:colcon.colcon_core.verb:set package 'my_reactive_robot' build argument 'ament_cmake_args' from command line to 'None'
[2.650s] Level 5:colcon.colcon_core.verb:set package 'my_reactive_robot' build argument 'catkin_cmake_args' from command line to 'None'
[2.650s] Level 5:colcon.colcon_core.verb:set package 'my_reactive_robot' build argument 'catkin_skip_building_tests' from command line to 'False'
[2.650s] DEBUG:colcon.colcon_core.verb:Building package 'my_reactive_robot' with the following arguments: {'ament_cmake_args': None, 'build_base': '/home/kaduver4/ros2_ws/build/my_reactive_robot', 'catkin_cmake_args': None, 'catkin_skip_building_tests': False, 'cmake_args': None, 'cmake_clean_cache': False, 'cmake_clean_first': False, 'cmake_force_configure': False, 'cmake_target': None, 'cmake_target_skip_unavailable': False, 'install_base': '/home/kaduver4/ros2_ws/install/my_reactive_robot', 'merge_install': False, 'path': '/home/kaduver4/ros2_ws/src/my_reactive_robot', 'symlink_install': True, 'test_result_base': None}
[2.680s] INFO:colcon.colcon_core.executor:Executing jobs using 'parallel' executor
[2.710s] DEBUG:colcon.colcon_parallel_executor.executor.parallel:run_until_complete
[2.710s] INFO:colcon.colcon_ros.task.ament_cmake.build:Building ROS package in '/home/kaduver4/ros2_ws/src/my_reactive_robot' with build type 'ament_cmake'
[2.711s] INFO:colcon.colcon_cmake.task.cmake.build:Building CMake package in '/home/kaduver4/ros2_ws/src/my_reactive_robot'
[2.755s] INFO:colcon.colcon_core.plugin_system:Skipping extension 'colcon_core.shell.bat': Not used on non-Windows systems
[2.756s] INFO:colcon.colcon_core.shell:Skip shell extension 'powershell' for command environment: Not usable outside of PowerShell
[2.756s] DEBUG:colcon.colcon_core.shell:Skip shell extension 'dsv' for command environment
[2.864s] DEBUG:colcon.colcon_core.event_handler.log_command:Invoking command in '/home/kaduver4/ros2_ws/build/my_reactive_robot': CMAKE_PREFIX_PATH=${CMAKE_PREFIX_PATH}:/opt/ros/humble /usr/bin/cmake --build /home/kaduver4/ros2_ws/build/my_reactive_robot -- -j8 -l8
[2.945s] DEBUG:colcon.colcon_core.event_handler.log_command:Invoked command in '/home/kaduver4/ros2_ws/build/my_reactive_robot' returned '0': CMAKE_PREFIX_PATH=${CMAKE_PREFIX_PATH}:/opt/ros/humble /usr/bin/cmake --build /home/kaduver4/ros2_ws/build/my_reactive_robot -- -j8 -l8
[3.003s] DEBUG:colcon.colcon_core.event_handler.log_command:Invoking command in '/home/kaduver4/ros2_ws/build/my_reactive_robot': CMAKE_PREFIX_PATH=${CMAKE_PREFIX_PATH}:/opt/ros/humble /usr/bin/cmake --install /home/kaduver4/ros2_ws/build/my_reactive_robot
[3.042s] Level 1:colcon.colcon_core.environment:create_environment_scripts_only(my_reactive_robot)
[3.044s] DEBUG:colcon.colcon_core.event_handler.log_command:Invoked command in '/home/kaduver4/ros2_ws/build/my_reactive_robot' returned '0': CMAKE_PREFIX_PATH=${CMAKE_PREFIX_PATH}:/opt/ros/humble /usr/bin/cmake --install /home/kaduver4/ros2_ws/build/my_reactive_robot
[3.081s] Level 1:colcon.colcon_core.environment:checking '/home/kaduver4/ros2_ws/install/my_reactive_robot' for CMake module files
[3.082s] Level 1:colcon.colcon_core.environment:checking '/home/kaduver4/ros2_ws/install/my_reactive_robot' for CMake config files
[3.083s] Level 1:colcon.colcon_core.shell:create_environment_hook('my_reactive_robot', 'cmake_prefix_path')
[3.118s] INFO:colcon.colcon_core.shell:Creating environment hook '/home/kaduver4/ros2_ws/install/my_reactive_robot/share/my_reactive_robot/hook/cmake_prefix_path.ps1'
[3.119s] INFO:colcon.colcon_core.shell:Creating environment descriptor '/home/kaduver4/ros2_ws/install/my_reactive_robot/share/my_reactive_robot/hook/cmake_prefix_path.dsv'
[3.120s] INFO:colcon.colcon_core.shell:Creating environment hook '/home/kaduver4/ros2_ws/install/my_reactive_robot/share/my_reactive_robot/hook/cmake_prefix_path.sh'
[3.121s] Level 1:colcon.colcon_core.environment:checking '/home/kaduver4/ros2_ws/install/my_reactive_robot/bin'
[3.122s] Level 1:colcon.colcon_core.environment:checking '/home/kaduver4/ros2_ws/install/my_reactive_robot/lib/pkgconfig/my_reactive_robot.pc'
[3.122s] Level 1:colcon.colcon_core.environment:checking '/home/kaduver4/ros2_ws/install/my_reactive_robot/lib/python3.10/site-packages'
[3.122s] Level 1:colcon.colcon_core.environment:checking '/home/kaduver4/ros2_ws/install/my_reactive_robot/bin'
[3.155s] INFO:colcon.colcon_core.shell:Creating package script '/home/kaduver4/ros2_ws/install/my_reactive_robot/share/my_reactive_robot/package.ps1'
[3.157s] INFO:colcon.colcon_core.shell:Creating package descriptor '/home/kaduver4/ros2_ws/install/my_reactive_robot/share/my_reactive_robot/package.dsv'
[3.158s] INFO:colcon.colcon_core.shell:Creating package script '/home/kaduver4/ros2_ws/install/my_reactive_robot/share/my_reactive_robot/package.sh'
[3.160s] INFO:colcon.colcon_core.shell:Creating package script '/home/kaduver4/ros2_ws/install/my_reactive_robot/share/my_reactive_robot/package.bash'
[3.162s] INFO:colcon.colcon_core.shell:Creating package script '/home/kaduver4/ros2_ws/install/my_reactive_robot/share/my_reactive_robot/package.zsh'
[3.163s] Level 1:colcon.colcon_core.environment:create_file_with_runtime_dependencies(/home/kaduver4/ros2_ws/install/my_reactive_robot/share/colcon-core/packages/my_reactive_robot)
[3.244s] Level 1:colcon.colcon_core.environment:create_environment_scripts_only(my_reactive_robot)
[3.276s] Level 1:colcon.colcon_core.environment:checking '/home/kaduver4/ros2_ws/install/my_reactive_robot' for CMake module files
[3.277s] Level 1:colcon.colcon_core.environment:checking '/home/kaduver4/ros2_ws/install/my_reactive_robot' for CMake config files
[3.277s] Level 1:colcon.colcon_core.shell:create_environment_hook('my_reactive_robot', 'cmake_prefix_path')
[3.307s] INFO:colcon.colcon_core.shell:Creating environment hook '/home/kaduver4/ros2_ws/install/my_reactive_robot/share/my_reactive_robot/hook/cmake_prefix_path.ps1'
[3.308s] INFO:colcon.colcon_core.shell:Creating environment descriptor '/home/kaduver4/ros2_ws/install/my_reactive_robot/share/my_reactive_robot/hook/cmake_prefix_path.dsv'
[3.309s] INFO:colcon.colcon_core.shell:Creating environment hook '/home/kaduver4/ros2_ws/install/my_reactive_robot/share/my_reactive_robot/hook/cmake_prefix_path.sh'
[3.309s] Level 1:colcon.colcon_core.environment:checking '/home/kaduver4/ros2_ws/install/my_reactive_robot/bin'
[3.309s] Level 1:colcon.colcon_core.environment:checking '/home/kaduver4/ros2_ws/install/my_reactive_robot/lib/pkgconfig/my_reactive_robot.pc'
[3.310s] Level 1:colcon.colcon_core.environment:checking '/home/kaduver4/ros2_ws/install/my_reactive_robot/lib/python3.10/site-packages'
[3.310s] Level 1:colcon.colcon_core.environment:checking '/home/kaduver4/ros2_ws/install/my_reactive_robot/bin'
[3.340s] INFO:colcon.colcon_core.shell:Creating package script '/home/kaduver4/ros2_ws/install/my_reactive_robot/share/my_reactive_robot/package.ps1'
[3.342s] INFO:colcon.colcon_core.shell:Creating package descriptor '/home/kaduver4/ros2_ws/install/my_reactive_robot/share/my_reactive_robot/package.dsv'
[3.342s] INFO:colcon.colcon_core.shell:Creating package script '/home/kaduver4/ros2_ws/install/my_reactive_robot/share/my_reactive_robot/package.sh'
[3.343s] INFO:colcon.colcon_core.shell:Creating package script '/home/kaduver4/ros2_ws/install/my_reactive_robot/share/my_reactive_robot/package.bash'
[3.344s] INFO:colcon.colcon_core.shell:Creating package script '/home/kaduver4/ros2_ws/install/my_reactive_robot/share/my_reactive_robot/package.zsh'
[3.344s] Level 1:colcon.colcon_core.environment:create_file_with_runtime_dependencies(/home/kaduver4/ros2_ws/install/my_reactive_robot/share/colcon-core/packages/my_reactive_robot)
[3.345s] DEBUG:colcon.colcon_parallel_executor.executor.parallel:closing loop
[3.345s] DEBUG:colcon.colcon_parallel_executor.executor.parallel:loop closed
[3.345s] DEBUG:colcon.colcon_parallel_executor.executor.parallel:run_until_complete finished with '0'
[3.345s] DEBUG:colcon.colcon_core.event_reactor:joining thread
[3.423s] INFO:colcon.colcon_core.plugin_system:Skipping extension 'colcon_notification.desktop_notification.terminal_notifier': Not used on non-Darwin systems
[3.423s] INFO:colcon.colcon_core.plugin_system:Skipping extension 'colcon_notification.desktop_notification.win32': Not used on non-Windows systems
[3.424s] INFO:colcon.colcon_notification.desktop_notification:Sending desktop notification using 'notify2'
[3.455s] DEBUG:colcon.colcon_core.event_reactor:joined thread
[3.486s] INFO:colcon.colcon_core.shell:Creating prefix script '/home/kaduver4/ros2_ws/install/local_setup.ps1'
[3.488s] INFO:colcon.colcon_core.shell:Creating prefix util module '/home/kaduver4/ros2_ws/install/_local_setup_util_ps1.py'
[3.490s] INFO:colcon.colcon_core.shell:Creating prefix chain script '/home/kaduver4/ros2_ws/install/setup.ps1'
[3.522s] INFO:colcon.colcon_core.shell:Creating prefix script '/home/kaduver4/ros2_ws/install/local_setup.sh'
[3.523s] INFO:colcon.colcon_core.shell:Creating prefix util module '/home/kaduver4/ros2_ws/install/_local_setup_util_sh.py'
[3.524s] INFO:colcon.colcon_core.shell:Creating prefix chain script '/home/kaduver4/ros2_ws/install/setup.sh'
[3.558s] INFO:colcon.colcon_core.shell:Creating prefix script '/home/kaduver4/ros2_ws/install/local_setup.bash'
[3.559s] INFO:colcon.colcon_core.shell:Creating prefix chain script '/home/kaduver4/ros2_ws/install/setup.bash'
[3.592s] INFO:colcon.colcon_core.shell:Creating prefix script '/home/kaduver4/ros2_ws/install/local_setup.zsh'
[3.593s] INFO:colcon.colcon_core.shell:Creating prefix chain script '/home/kaduver4/ros2_ws/install/setup.zsh'
