[0.094s] Invoking command in '/home/kaduver4/ros2_ws/build/my_reactive_robot': CMAKE_PREFIX_PATH=${CMAKE_PREFIX_PATH}:/opt/ros/humble /usr/bin/cmake --build /home/kaduver4/ros2_ws/build/my_reactive_robot -- -j8 -l8
[0.147s] Invoked command in '/home/kaduver4/ros2_ws/build/my_reactive_robot' returned '0': CMAKE_PREFIX_PATH=${CMAKE_PREFIX_PATH}:/opt/ros/humble /usr/bin/cmake --build /home/kaduver4/ros2_ws/build/my_reactive_robot -- -j8 -l8
[0.201s] Invoking command in '/home/kaduver4/ros2_ws/build/my_reactive_robot': CMAKE_PREFIX_PATH=${CMAKE_PREFIX_PATH}:/opt/ros/humble /usr/bin/cmake --install /home/kaduver4/ros2_ws/build/my_reactive_robot
[0.209s] -- Install configuration: ""
[0.209s] -- Execute custom install script
[0.210s] -- Up-to-date symlink: /home/kaduver4/ros2_ws/install/my_reactive_robot/share/my_reactive_robot/launch/hail_mary.launch.py
[0.210s] -- Up-to-date symlink: /home/kaduver4/ros2_ws/install/my_reactive_robot/share/my_reactive_robot/launch/my_gazebo.launch.py
[0.211s] -- Up-to-date symlink: /home/kaduver4/ros2_ws/install/my_reactive_robot/share/my_reactive_robot/launch/my_gazebo.launch.xml
[0.211s] -- Up-to-date symlink: /home/kaduver4/ros2_ws/install/my_reactive_robot/share/my_reactive_robot/launch/test.launch.py
[0.211s] -- Symlinking: /home/kaduver4/ros2_ws/install/my_reactive_robot/share/my_reactive_robot/meshes/bases/burger_base.stl
[0.227s] -- Symlinking: /home/kaduver4/ros2_ws/install/my_reactive_robot/share/my_reactive_robot/meshes/bases/waffle_base.stl
[0.249s] -- Symlinking: /home/kaduver4/ros2_ws/install/my_reactive_robot/share/my_reactive_robot/meshes/bases/waffle_pi_base.stl
[0.264s] -- Symlinking: /home/kaduver4/ros2_ws/install/my_reactive_robot/share/my_reactive_robot/meshes/sensors/astra.dae
[0.279s] -- Symlinking: /home/kaduver4/ros2_ws/install/my_reactive_robot/share/my_reactive_robot/meshes/sensors/astra.jpg
[0.298s] -- Symlinking: /home/kaduver4/ros2_ws/install/my_reactive_robot/share/my_reactive_robot/meshes/sensors/lds.stl
[0.313s] -- Symlinking: /home/kaduver4/ros2_ws/install/my_reactive_robot/share/my_reactive_robot/meshes/sensors/r200.dae
[0.328s] -- Symlinking: /home/kaduver4/ros2_ws/install/my_reactive_robot/share/my_reactive_robot/meshes/sensors/r200.jpg
[0.344s] -- Symlinking: /home/kaduver4/ros2_ws/install/my_reactive_robot/share/my_reactive_robot/meshes/wheels/left_tire.stl
[0.361s] -- Symlinking: /home/kaduver4/ros2_ws/install/my_reactive_robot/share/my_reactive_robot/meshes/wheels/right_tire.stl
[0.379s] -- Up-to-date symlink: /home/kaduver4/ros2_ws/install/my_reactive_robot/share/my_reactive_robot/worlds/my_world.world
[0.379s] -- Up-to-date symlink: /home/kaduver4/ros2_ws/install/my_reactive_robot/share/my_reactive_robot/urdf/my_robot.urdf
[0.380s] -- Up-to-date symlink: /home/kaduver4/ros2_ws/install/my_reactive_robot/share/my_reactive_robot/urdf/my_round_robot.xacro.urdf
[0.380s] -- Symlinking: /home/kaduver4/ros2_ws/install/my_reactive_robot/share/my_reactive_robot/urdf/turtle_bot.urdf
[0.399s] -- Up-to-date symlink: /home/kaduver4/ros2_ws/install/my_reactive_robot/share/my_reactive_robot/rviz/rviz_basic_settings.rviz
[0.399s] -- Up-to-date symlink: /home/kaduver4/ros2_ws/install/my_reactive_robot/share/ament_index/resource_index/package_run_dependencies/my_reactive_robot
[0.399s] -- Up-to-date symlink: /home/kaduver4/ros2_ws/install/my_reactive_robot/share/ament_index/resource_index/parent_prefix_path/my_reactive_robot
[0.399s] -- Up-to-date symlink: /home/kaduver4/ros2_ws/install/my_reactive_robot/share/my_reactive_robot/environment/ament_prefix_path.sh
[0.400s] -- Up-to-date symlink: /home/kaduver4/ros2_ws/install/my_reactive_robot/share/my_reactive_robot/environment/ament_prefix_path.dsv
[0.400s] -- Up-to-date symlink: /home/kaduver4/ros2_ws/install/my_reactive_robot/share/my_reactive_robot/environment/path.sh
[0.401s] -- Up-to-date symlink: /home/kaduver4/ros2_ws/install/my_reactive_robot/share/my_reactive_robot/environment/path.dsv
[0.401s] -- Up-to-date symlink: /home/kaduver4/ros2_ws/install/my_reactive_robot/share/my_reactive_robot/local_setup.bash
[0.401s] -- Up-to-date symlink: /home/kaduver4/ros2_ws/install/my_reactive_robot/share/my_reactive_robot/local_setup.sh
[0.401s] -- Up-to-date symlink: /home/kaduver4/ros2_ws/install/my_reactive_robot/share/my_reactive_robot/local_setup.zsh
[0.401s] -- Up-to-date symlink: /home/kaduver4/ros2_ws/install/my_reactive_robot/share/my_reactive_robot/local_setup.dsv
[0.402s] -- Symlinking: /home/kaduver4/ros2_ws/install/my_reactive_robot/share/my_reactive_robot/package.dsv
[0.411s] -- Up-to-date symlink: /home/kaduver4/ros2_ws/install/my_reactive_robot/share/ament_index/resource_index/packages/my_reactive_robot
[0.412s] -- Up-to-date symlink: /home/kaduver4/ros2_ws/install/my_reactive_robot/share/my_reactive_robot/cmake/my_reactive_robotConfig.cmake
[0.412s] -- Up-to-date symlink: /home/kaduver4/ros2_ws/install/my_reactive_robot/share/my_reactive_robot/cmake/my_reactive_robotConfig-version.cmake
[0.412s] -- Up-to-date symlink: /home/kaduver4/ros2_ws/install/my_reactive_robot/share/my_reactive_robot/package.xml
[0.414s] Invoked command in '/home/kaduver4/ros2_ws/build/my_reactive_robot' returned '0': CMAKE_PREFIX_PATH=${CMAKE_PREFIX_PATH}:/opt/ros/humble /usr/bin/cmake --install /home/kaduver4/ros2_ws/build/my_reactive_robot
