[2.453s] DEBUG:colcon:Command line arguments: ['/usr/bin/colcon', 'build', '--symlink-install']
[2.453s] DEBUG:colcon:Parsed command line arguments: Namespace(log_base=None, log_level=None, verb_name='build', build_base='build', install_base='install', merge_install=False, symlink_install=True, test_result_base=None, continue_on_error=False, executor='parallel', parallel_workers=8, event_handlers=None, ignore_user_meta=False, metas=['./colcon.meta'], base_paths=['.'], packages_ignore=None, packages_ignore_regex=None, paths=None, packages_up_to=None, packages_up_to_regex=None, packages_above=None, packages_above_and_dependencies=None, packages_above_depth=None, packages_select_by_dep=None, packages_skip_by_dep=None, packages_skip_up_to=None, packages_select_build_failed=False, packages_skip_build_finished=False, packages_select_test_failures=False, packages_skip_test_passed=False, packages_select=None, packages_skip=None, packages_select_regex=None, packages_skip_regex=None, packages_start=None, packages_end=None, allow_overriding=[], cmake_args=None, cmake_target=None, cmake_target_skip_unavailable=False, cmake_clean_cache=False, cmake_clean_first=False, cmake_force_configure=False, ament_cmake_args=None, catkin_cmake_args=None, catkin_skip_building_tests=False, verb_parser=<colcon_defaults.argument_parser.defaults.DefaultArgumentsDecorator object at 0x7effa1ec28f0>, verb_extension=<colcon_core.verb.build.BuildVerb object at 0x7effa1ec11b0>, main=<bound method BuildVerb.main of <colcon_core.verb.build.BuildVerb object at 0x7effa1ec11b0>>)
[2.553s] Level 1:colcon.colcon_core.package_discovery:discover_packages(colcon_meta) check parameters
[2.553s] Level 1:colcon.colcon_core.package_discovery:discover_packages(recursive) check parameters
[2.553s] Level 1:colcon.colcon_core.package_discovery:discover_packages(ignore) check parameters
[2.553s] Level 1:colcon.colcon_core.package_discovery:discover_packages(path) check parameters
[2.553s] Level 1:colcon.colcon_core.package_discovery:discover_packages(colcon_meta) discover
[2.553s] Level 1:colcon.colcon_core.package_discovery:discover_packages(recursive) discover
[2.553s] INFO:colcon.colcon_core.package_discovery:Crawling recursively for packages in '/home/kaduver4/ros2_ws'
[2.553s] Level 1:colcon.colcon_core.package_identification:_identify(.) by extensions ['ignore', 'ignore_ament_install']
[2.554s] Level 1:colcon.colcon_core.package_identification:_identify(.) by extension 'ignore'
[2.554s] Level 1:colcon.colcon_core.package_identification:_identify(.) by extension 'ignore_ament_install'
[2.554s] Level 1:colcon.colcon_core.package_identification:_identify(.) by extensions ['colcon_pkg']
[2.554s] Level 1:colcon.colcon_core.package_identification:_identify(.) by extension 'colcon_pkg'
[2.554s] Level 1:colcon.colcon_core.package_identification:_identify(.) by extensions ['colcon_meta']
[2.554s] Level 1:colcon.colcon_core.package_identification:_identify(.) by extension 'colcon_meta'
[2.554s] Level 1:colcon.colcon_core.package_identification:_identify(.) by extensions ['ros']
[2.554s] Level 1:colcon.colcon_core.package_identification:_identify(.) by extension 'ros'
[2.576s] Level 1:colcon.colcon_core.package_identification:_identify(.) by extensions ['cmake', 'python']
[2.577s] Level 1:colcon.colcon_core.package_identification:_identify(.) by extension 'cmake'
[2.577s] Level 1:colcon.colcon_core.package_identification:_identify(.) by extension 'python'
[2.577s] Level 1:colcon.colcon_core.package_identification:_identify(.) by extensions ['python_setup_py']
[2.577s] Level 1:colcon.colcon_core.package_identification:_identify(.) by extension 'python_setup_py'
[2.577s] Level 1:colcon.colcon_core.package_identification:_identify(build) by extensions ['ignore', 'ignore_ament_install']
[2.577s] Level 1:colcon.colcon_core.package_identification:_identify(build) by extension 'ignore'
[2.577s] Level 1:colcon.colcon_core.package_identification:_identify(build) ignored
[2.578s] Level 1:colcon.colcon_core.package_identification:_identify(install) by extensions ['ignore', 'ignore_ament_install']
[2.578s] Level 1:colcon.colcon_core.package_identification:_identify(install) by extension 'ignore'
[2.578s] Level 1:colcon.colcon_core.package_identification:_identify(install) ignored
[2.578s] Level 1:colcon.colcon_core.package_identification:_identify(log) by extensions ['ignore', 'ignore_ament_install']
[2.578s] Level 1:colcon.colcon_core.package_identification:_identify(log) by extension 'ignore'
[2.578s] Level 1:colcon.colcon_core.package_identification:_identify(log) ignored
[2.578s] Level 1:colcon.colcon_core.package_identification:_identify(src) by extensions ['ignore', 'ignore_ament_install']
[2.579s] Level 1:colcon.colcon_core.package_identification:_identify(src) by extension 'ignore'
[2.579s] Level 1:colcon.colcon_core.package_identification:_identify(src) by extension 'ignore_ament_install'
[2.579s] Level 1:colcon.colcon_core.package_identification:_identify(src) by extensions ['colcon_pkg']
[2.579s] Level 1:colcon.colcon_core.package_identification:_identify(src) by extension 'colcon_pkg'
[2.579s] Level 1:colcon.colcon_core.package_identification:_identify(src) by extensions ['colcon_meta']
[2.579s] Level 1:colcon.colcon_core.package_identification:_identify(src) by extension 'colcon_meta'
[2.579s] Level 1:colcon.colcon_core.package_identification:_identify(src) by extensions ['ros']
[2.579s] Level 1:colcon.colcon_core.package_identification:_identify(src) by extension 'ros'
[2.579s] Level 1:colcon.colcon_core.package_identification:_identify(src) by extensions ['cmake', 'python']
[2.579s] Level 1:colcon.colcon_core.package_identification:_identify(src) by extension 'cmake'
[2.579s] Level 1:colcon.colcon_core.package_identification:_identify(src) by extension 'python'
[2.579s] Level 1:colcon.colcon_core.package_identification:_identify(src) by extensions ['python_setup_py']
[2.580s] Level 1:colcon.colcon_core.package_identification:_identify(src) by extension 'python_setup_py'
[2.580s] Level 1:colcon.colcon_core.package_identification:_identify(src/my_reactive_robot) by extensions ['ignore', 'ignore_ament_install']
[2.580s] Level 1:colcon.colcon_core.package_identification:_identify(src/my_reactive_robot) by extension 'ignore'
[2.580s] Level 1:colcon.colcon_core.package_identification:_identify(src/my_reactive_robot) by extension 'ignore_ament_install'
[2.580s] Level 1:colcon.colcon_core.package_identification:_identify(src/my_reactive_robot) by extensions ['colcon_pkg']
[2.580s] Level 1:colcon.colcon_core.package_identification:_identify(src/my_reactive_robot) by extension 'colcon_pkg'
[2.580s] Level 1:colcon.colcon_core.package_identification:_identify(src/my_reactive_robot) by extensions ['colcon_meta']
[2.580s] Level 1:colcon.colcon_core.package_identification:_identify(src/my_reactive_robot) by extension 'colcon_meta'
[2.580s] Level 1:colcon.colcon_core.package_identification:_identify(src/my_reactive_robot) by extensions ['ros']
[2.580s] Level 1:colcon.colcon_core.package_identification:_identify(src/my_reactive_robot) by extension 'ros'
[2.584s] DEBUG:colcon.colcon_core.package_identification:Package 'src/my_reactive_robot' with type 'ros.ament_cmake' and name 'my_reactive_robot'
[2.584s] Level 1:colcon.colcon_core.package_discovery:discover_packages(recursive) using defaults
[2.585s] Level 1:colcon.colcon_core.package_discovery:discover_packages(ignore) discover
[2.585s] Level 1:colcon.colcon_core.package_discovery:discover_packages(ignore) using defaults
[2.585s] Level 1:colcon.colcon_core.package_discovery:discover_packages(path) discover
[2.585s] Level 1:colcon.colcon_core.package_discovery:discover_packages(path) using defaults
[2.772s] Level 1:colcon.colcon_core.package_discovery:discover_packages(prefix_path) check parameters
[2.772s] Level 1:colcon.colcon_core.package_discovery:discover_packages(prefix_path) discover
[2.837s] DEBUG:colcon.colcon_installed_package_information.package_discovery:Found 1 installed packages in /home/kaduver4/ros2_ws/install
[2.870s] DEBUG:colcon.colcon_installed_package_information.package_discovery:Found 337 installed packages in /opt/ros/humble
[2.896s] Level 1:colcon.colcon_core.package_discovery:discover_packages(prefix_path) using defaults
[3.086s] Level 5:colcon.colcon_core.verb:set package 'my_reactive_robot' build argument 'cmake_args' from command line to 'None'
[3.086s] Level 5:colcon.colcon_core.verb:set package 'my_reactive_robot' build argument 'cmake_target' from command line to 'None'
[3.086s] Level 5:colcon.colcon_core.verb:set package 'my_reactive_robot' build argument 'cmake_target_skip_unavailable' from command line to 'False'
[3.086s] Level 5:colcon.colcon_core.verb:set package 'my_reactive_robot' build argument 'cmake_clean_cache' from command line to 'False'
[3.086s] Level 5:colcon.colcon_core.verb:set package 'my_reactive_robot' build argument 'cmake_clean_first' from command line to 'False'
[3.086s] Level 5:colcon.colcon_core.verb:set package 'my_reactive_robot' build argument 'cmake_force_configure' from command line to 'False'
[3.086s] Level 5:colcon.colcon_core.verb:set package 'my_reactive_robot' build argument 'ament_cmake_args' from command line to 'None'
[3.086s] Level 5:colcon.colcon_core.verb:set package 'my_reactive_robot' build argument 'catkin_cmake_args' from command line to 'None'
[3.086s] Level 5:colcon.colcon_core.verb:set package 'my_reactive_robot' build argument 'catkin_skip_building_tests' from command line to 'False'
[3.086s] DEBUG:colcon.colcon_core.verb:Building package 'my_reactive_robot' with the following arguments: {'ament_cmake_args': None, 'build_base': '/home/kaduver4/ros2_ws/build/my_reactive_robot', 'catkin_cmake_args': None, 'catkin_skip_building_tests': False, 'cmake_args': None, 'cmake_clean_cache': False, 'cmake_clean_first': False, 'cmake_force_configure': False, 'cmake_target': None, 'cmake_target_skip_unavailable': False, 'install_base': '/home/kaduver4/ros2_ws/install/my_reactive_robot', 'merge_install': False, 'path': '/home/kaduver4/ros2_ws/src/my_reactive_robot', 'symlink_install': True, 'test_result_base': None}
[3.116s] INFO:colcon.colcon_core.executor:Executing jobs using 'parallel' executor
[3.147s] DEBUG:colcon.colcon_parallel_executor.executor.parallel:run_until_complete
[3.147s] INFO:colcon.colcon_ros.task.ament_cmake.build:Building ROS package in '/home/kaduver4/ros2_ws/src/my_reactive_robot' with build type 'ament_cmake'
[3.148s] INFO:colcon.colcon_cmake.task.cmake.build:Building CMake package in '/home/kaduver4/ros2_ws/src/my_reactive_robot'
[3.186s] INFO:colcon.colcon_core.plugin_system:Skipping extension 'colcon_core.shell.bat': Not used on non-Windows systems
[3.187s] INFO:colcon.colcon_core.shell:Skip shell extension 'powershell' for command environment: Not usable outside of PowerShell
[3.187s] DEBUG:colcon.colcon_core.shell:Skip shell extension 'dsv' for command environment
[3.308s] DEBUG:colcon.colcon_core.event_handler.log_command:Invoking command in '/home/kaduver4/ros2_ws/build/my_reactive_robot': CMAKE_PREFIX_PATH=${CMAKE_PREFIX_PATH}:/opt/ros/humble /usr/bin/cmake --build /home/kaduver4/ros2_ws/build/my_reactive_robot -- -j8 -l8
[3.965s] DEBUG:colcon.colcon_core.event_handler.log_command:Invoked command in '/home/kaduver4/ros2_ws/build/my_reactive_robot' returned '0': CMAKE_PREFIX_PATH=${CMAKE_PREFIX_PATH}:/opt/ros/humble /usr/bin/cmake --build /home/kaduver4/ros2_ws/build/my_reactive_robot -- -j8 -l8
[4.024s] DEBUG:colcon.colcon_core.event_handler.log_command:Invoking command in '/home/kaduver4/ros2_ws/build/my_reactive_robot': CMAKE_PREFIX_PATH=${CMAKE_PREFIX_PATH}:/opt/ros/humble /usr/bin/cmake --install /home/kaduver4/ros2_ws/build/my_reactive_robot
[4.063s] Level 1:colcon.colcon_core.environment:create_environment_scripts_only(my_reactive_robot)
[4.065s] DEBUG:colcon.colcon_core.event_handler.log_command:Invoked command in '/home/kaduver4/ros2_ws/build/my_reactive_robot' returned '0': CMAKE_PREFIX_PATH=${CMAKE_PREFIX_PATH}:/opt/ros/humble /usr/bin/cmake --install /home/kaduver4/ros2_ws/build/my_reactive_robot
[4.125s] Level 1:colcon.colcon_core.environment:checking '/home/kaduver4/ros2_ws/install/my_reactive_robot' for CMake module files
[4.126s] Level 1:colcon.colcon_core.environment:checking '/home/kaduver4/ros2_ws/install/my_reactive_robot' for CMake config files
[4.128s] Level 1:colcon.colcon_core.shell:create_environment_hook('my_reactive_robot', 'cmake_prefix_path')
[4.168s] INFO:colcon.colcon_core.shell:Creating environment hook '/home/kaduver4/ros2_ws/install/my_reactive_robot/share/my_reactive_robot/hook/cmake_prefix_path.ps1'
[4.169s] INFO:colcon.colcon_core.shell:Creating environment descriptor '/home/kaduver4/ros2_ws/install/my_reactive_robot/share/my_reactive_robot/hook/cmake_prefix_path.dsv'
[4.170s] INFO:colcon.colcon_core.shell:Creating environment hook '/home/kaduver4/ros2_ws/install/my_reactive_robot/share/my_reactive_robot/hook/cmake_prefix_path.sh'
[4.171s] Level 1:colcon.colcon_core.environment:checking '/home/kaduver4/ros2_ws/install/my_reactive_robot/bin'
[4.171s] Level 1:colcon.colcon_core.environment:checking '/home/kaduver4/ros2_ws/install/my_reactive_robot/lib/pkgconfig/my_reactive_robot.pc'
[4.171s] Level 1:colcon.colcon_core.environment:checking '/home/kaduver4/ros2_ws/install/my_reactive_robot/lib/python3.10/site-packages'
[4.172s] Level 1:colcon.colcon_core.environment:checking '/home/kaduver4/ros2_ws/install/my_reactive_robot/bin'
[4.206s] INFO:colcon.colcon_core.shell:Creating package script '/home/kaduver4/ros2_ws/install/my_reactive_robot/share/my_reactive_robot/package.ps1'
[4.207s] INFO:colcon.colcon_core.shell:Creating package descriptor '/home/kaduver4/ros2_ws/install/my_reactive_robot/share/my_reactive_robot/package.dsv'
[4.208s] INFO:colcon.colcon_core.shell:Creating package script '/home/kaduver4/ros2_ws/install/my_reactive_robot/share/my_reactive_robot/package.sh'
[4.209s] INFO:colcon.colcon_core.shell:Creating package script '/home/kaduver4/ros2_ws/install/my_reactive_robot/share/my_reactive_robot/package.bash'
[4.211s] INFO:colcon.colcon_core.shell:Creating package script '/home/kaduver4/ros2_ws/install/my_reactive_robot/share/my_reactive_robot/package.zsh'
[4.212s] Level 1:colcon.colcon_core.environment:create_file_with_runtime_dependencies(/home/kaduver4/ros2_ws/install/my_reactive_robot/share/colcon-core/packages/my_reactive_robot)
[4.310s] Level 1:colcon.colcon_core.environment:create_environment_scripts_only(my_reactive_robot)
[4.341s] Level 1:colcon.colcon_core.environment:checking '/home/kaduver4/ros2_ws/install/my_reactive_robot' for CMake module files
[4.342s] Level 1:colcon.colcon_core.environment:checking '/home/kaduver4/ros2_ws/install/my_reactive_robot' for CMake config files
[4.342s] Level 1:colcon.colcon_core.shell:create_environment_hook('my_reactive_robot', 'cmake_prefix_path')
[4.373s] INFO:colcon.colcon_core.shell:Creating environment hook '/home/kaduver4/ros2_ws/install/my_reactive_robot/share/my_reactive_robot/hook/cmake_prefix_path.ps1'
[4.374s] INFO:colcon.colcon_core.shell:Creating environment descriptor '/home/kaduver4/ros2_ws/install/my_reactive_robot/share/my_reactive_robot/hook/cmake_prefix_path.dsv'
[4.375s] INFO:colcon.colcon_core.shell:Creating environment hook '/home/kaduver4/ros2_ws/install/my_reactive_robot/share/my_reactive_robot/hook/cmake_prefix_path.sh'
[4.375s] Level 1:colcon.colcon_core.environment:checking '/home/kaduver4/ros2_ws/install/my_reactive_robot/bin'
[4.376s] Level 1:colcon.colcon_core.environment:checking '/home/kaduver4/ros2_ws/install/my_reactive_robot/lib/pkgconfig/my_reactive_robot.pc'
[4.376s] Level 1:colcon.colcon_core.environment:checking '/home/kaduver4/ros2_ws/install/my_reactive_robot/lib/python3.10/site-packages'
[4.376s] Level 1:colcon.colcon_core.environment:checking '/home/kaduver4/ros2_ws/install/my_reactive_robot/bin'
[4.408s] INFO:colcon.colcon_core.shell:Creating package script '/home/kaduver4/ros2_ws/install/my_reactive_robot/share/my_reactive_robot/package.ps1'
[4.409s] INFO:colcon.colcon_core.shell:Creating package descriptor '/home/kaduver4/ros2_ws/install/my_reactive_robot/share/my_reactive_robot/package.dsv'
[4.409s] INFO:colcon.colcon_core.shell:Creating package script '/home/kaduver4/ros2_ws/install/my_reactive_robot/share/my_reactive_robot/package.sh'
[4.410s] INFO:colcon.colcon_core.shell:Creating package script '/home/kaduver4/ros2_ws/install/my_reactive_robot/share/my_reactive_robot/package.bash'
[4.411s] INFO:colcon.colcon_core.shell:Creating package script '/home/kaduver4/ros2_ws/install/my_reactive_robot/share/my_reactive_robot/package.zsh'
[4.411s] Level 1:colcon.colcon_core.environment:create_file_with_runtime_dependencies(/home/kaduver4/ros2_ws/install/my_reactive_robot/share/colcon-core/packages/my_reactive_robot)
[4.412s] DEBUG:colcon.colcon_parallel_executor.executor.parallel:closing loop
[4.412s] DEBUG:colcon.colcon_parallel_executor.executor.parallel:loop closed
[4.412s] DEBUG:colcon.colcon_parallel_executor.executor.parallel:run_until_complete finished with '0'
[4.412s] DEBUG:colcon.colcon_core.event_reactor:joining thread
[4.458s] INFO:colcon.colcon_core.plugin_system:Skipping extension 'colcon_notification.desktop_notification.terminal_notifier': Not used on non-Darwin systems
[4.458s] INFO:colcon.colcon_core.plugin_system:Skipping extension 'colcon_notification.desktop_notification.win32': Not used on non-Windows systems
[4.458s] INFO:colcon.colcon_notification.desktop_notification:Sending desktop notification using 'notify2'
[4.480s] DEBUG:colcon.colcon_core.event_reactor:joined thread
[4.514s] INFO:colcon.colcon_core.shell:Creating prefix script '/home/kaduver4/ros2_ws/install/local_setup.ps1'
[4.515s] INFO:colcon.colcon_core.shell:Creating prefix util module '/home/kaduver4/ros2_ws/install/_local_setup_util_ps1.py'
[4.518s] INFO:colcon.colcon_core.shell:Creating prefix chain script '/home/kaduver4/ros2_ws/install/setup.ps1'
[4.554s] INFO:colcon.colcon_core.shell:Creating prefix script '/home/kaduver4/ros2_ws/install/local_setup.sh'
[4.555s] INFO:colcon.colcon_core.shell:Creating prefix util module '/home/kaduver4/ros2_ws/install/_local_setup_util_sh.py'
[4.556s] INFO:colcon.colcon_core.shell:Creating prefix chain script '/home/kaduver4/ros2_ws/install/setup.sh'
[4.590s] INFO:colcon.colcon_core.shell:Creating prefix script '/home/kaduver4/ros2_ws/install/local_setup.bash'
[4.591s] INFO:colcon.colcon_core.shell:Creating prefix chain script '/home/kaduver4/ros2_ws/install/setup.bash'
[4.623s] INFO:colcon.colcon_core.shell:Creating prefix script '/home/kaduver4/ros2_ws/install/local_setup.zsh'
[4.624s] INFO:colcon.colcon_core.shell:Creating prefix chain script '/home/kaduver4/ros2_ws/install/setup.zsh'
