[0.513s] Invoking command in '/home/kaduver4/ros2_ws/build/my_reactive_robot': CMAKE_PREFIX_PATH=${CMAKE_PREFIX_PATH}:/home/kaduver4/ros2_ws/install/my_controller:/opt/ros/humble /usr/bin/cmake --build /home/kaduver4/ros2_ws/build/my_reactive_robot -- -j8 -l8
[0.550s] -- Found ament_cmake: 1.3.5 (/opt/ros/humble/share/ament_cmake/cmake)
[0.740s] -- Override CMake install command with custom implementation using symlinks instead of copying resources
[0.757s] -- Found ament_lint_auto: 0.12.8 (/opt/ros/humble/share/ament_lint_auto/cmake)
[0.850s] -- Added test 'flake8' to check Python code syntax and style conventions
[0.851s] -- Added test 'lint_cmake' to check CMake code style
[0.852s] -- Added test 'pep257' to check Python code against some of the docstring style conventions in PEP 257
[0.854s] -- Added test 'xmllint' to check XML markup files
[0.857s] -- Configuring done
[0.863s] -- Generating done
[0.865s] -- Build files have been written to: /home/kaduver4/ros2_ws/build/my_reactive_robot
[0.901s] Invoked command in '/home/kaduver4/ros2_ws/build/my_reactive_robot' returned '0': CMAKE_PREFIX_PATH=${CMAKE_PREFIX_PATH}:/home/kaduver4/ros2_ws/install/my_controller:/opt/ros/humble /usr/bin/cmake --build /home/kaduver4/ros2_ws/build/my_reactive_robot -- -j8 -l8
[0.952s] Invoking command in '/home/kaduver4/ros2_ws/build/my_reactive_robot': CMAKE_PREFIX_PATH=${CMAKE_PREFIX_PATH}:/home/kaduver4/ros2_ws/install/my_controller:/opt/ros/humble /usr/bin/cmake --install /home/kaduver4/ros2_ws/build/my_reactive_robot
[0.967s] -- Install configuration: ""
[0.968s] -- Execute custom install script
[0.969s] -- Up-to-date symlink: /home/kaduver4/ros2_ws/install/my_reactive_robot/share/my_reactive_robot/launch/launch.py
[0.970s] -- Up-to-date symlink: /home/kaduver4/ros2_ws/install/my_reactive_robot/share/my_reactive_robot/worlds/my_world.world
[0.970s] -- Up-to-date symlink: /home/kaduver4/ros2_ws/install/my_reactive_robot/share/ament_index/resource_index/package_run_dependencies/my_reactive_robot
[0.970s] -- Up-to-date symlink: /home/kaduver4/ros2_ws/install/my_reactive_robot/share/ament_index/resource_index/parent_prefix_path/my_reactive_robot
[0.971s] -- Up-to-date symlink: /home/kaduver4/ros2_ws/install/my_reactive_robot/share/my_reactive_robot/environment/ament_prefix_path.sh
[0.971s] -- Up-to-date symlink: /home/kaduver4/ros2_ws/install/my_reactive_robot/share/my_reactive_robot/environment/ament_prefix_path.dsv
[0.972s] -- Up-to-date symlink: /home/kaduver4/ros2_ws/install/my_reactive_robot/share/my_reactive_robot/environment/path.sh
[0.972s] -- Up-to-date symlink: /home/kaduver4/ros2_ws/install/my_reactive_robot/share/my_reactive_robot/environment/path.dsv
[0.973s] -- Up-to-date symlink: /home/kaduver4/ros2_ws/install/my_reactive_robot/share/my_reactive_robot/local_setup.bash
[0.973s] -- Up-to-date symlink: /home/kaduver4/ros2_ws/install/my_reactive_robot/share/my_reactive_robot/local_setup.sh
[0.973s] -- Up-to-date symlink: /home/kaduver4/ros2_ws/install/my_reactive_robot/share/my_reactive_robot/local_setup.zsh
[0.974s] -- Up-to-date symlink: /home/kaduver4/ros2_ws/install/my_reactive_robot/share/my_reactive_robot/local_setup.dsv
[0.974s] -- Symlinking: /home/kaduver4/ros2_ws/install/my_reactive_robot/share/my_reactive_robot/package.dsv
[0.987s] -- Up-to-date symlink: /home/kaduver4/ros2_ws/install/my_reactive_robot/share/ament_index/resource_index/packages/my_reactive_robot
[0.988s] -- Up-to-date symlink: /home/kaduver4/ros2_ws/install/my_reactive_robot/share/my_reactive_robot/cmake/my_reactive_robotConfig.cmake
[0.988s] -- Up-to-date symlink: /home/kaduver4/ros2_ws/install/my_reactive_robot/share/my_reactive_robot/cmake/my_reactive_robotConfig-version.cmake
[0.988s] -- Up-to-date symlink: /home/kaduver4/ros2_ws/install/my_reactive_robot/share/my_reactive_robot/package.xml
[0.992s] Invoked command in '/home/kaduver4/ros2_ws/build/my_reactive_robot' returned '0': CMAKE_PREFIX_PATH=${CMAKE_PREFIX_PATH}:/home/kaduver4/ros2_ws/install/my_controller:/opt/ros/humble /usr/bin/cmake --install /home/kaduver4/ros2_ws/build/my_reactive_robot
