[2.599s] DEBUG:colcon:Command line arguments: ['/usr/bin/colcon', 'build', '--symlink-install']
[2.599s] DEBUG:colcon:Parsed command line arguments: Namespace(log_base=None, log_level=None, verb_name='build', build_base='build', install_base='install', merge_install=False, symlink_install=True, test_result_base=None, continue_on_error=False, executor='parallel', parallel_workers=8, event_handlers=None, ignore_user_meta=False, metas=['./colcon.meta'], base_paths=['.'], packages_ignore=None, packages_ignore_regex=None, paths=None, packages_up_to=None, packages_up_to_regex=None, packages_above=None, packages_above_and_dependencies=None, packages_above_depth=None, packages_select_by_dep=None, packages_skip_by_dep=None, packages_skip_up_to=None, packages_select_build_failed=False, packages_skip_build_finished=False, packages_select_test_failures=False, packages_skip_test_passed=False, packages_select=None, packages_skip=None, packages_select_regex=None, packages_skip_regex=None, packages_start=None, packages_end=None, allow_overriding=[], cmake_args=None, cmake_target=None, cmake_target_skip_unavailable=False, cmake_clean_cache=False, cmake_clean_first=False, cmake_force_configure=False, ament_cmake_args=None, catkin_cmake_args=None, catkin_skip_building_tests=False, verb_parser=<colcon_defaults.argument_parser.defaults.DefaultArgumentsDecorator object at 0x7f41a42d5f00>, verb_extension=<colcon_core.verb.build.BuildVerb object at 0x7f41a42d6c80>, main=<bound method BuildVerb.main of <colcon_core.verb.build.BuildVerb object at 0x7f41a42d6c80>>)
[2.717s] Level 1:colcon.colcon_core.package_discovery:discover_packages(colcon_meta) check parameters
[2.718s] Level 1:colcon.colcon_core.package_discovery:discover_packages(recursive) check parameters
[2.718s] Level 1:colcon.colcon_core.package_discovery:discover_packages(ignore) check parameters
[2.718s] Level 1:colcon.colcon_core.package_discovery:discover_packages(path) check parameters
[2.718s] Level 1:colcon.colcon_core.package_discovery:discover_packages(colcon_meta) discover
[2.718s] Level 1:colcon.colcon_core.package_discovery:discover_packages(recursive) discover
[2.718s] INFO:colcon.colcon_core.package_discovery:Crawling recursively for packages in '/home/kaduver4/ros2_ws/src'
[2.718s] Level 1:colcon.colcon_core.package_identification:_identify(.) by extensions ['ignore', 'ignore_ament_install']
[2.719s] Level 1:colcon.colcon_core.package_identification:_identify(.) by extension 'ignore'
[2.719s] Level 1:colcon.colcon_core.package_identification:_identify(.) by extension 'ignore_ament_install'
[2.719s] Level 1:colcon.colcon_core.package_identification:_identify(.) by extensions ['colcon_pkg']
[2.719s] Level 1:colcon.colcon_core.package_identification:_identify(.) by extension 'colcon_pkg'
[2.719s] Level 1:colcon.colcon_core.package_identification:_identify(.) by extensions ['colcon_meta']
[2.719s] Level 1:colcon.colcon_core.package_identification:_identify(.) by extension 'colcon_meta'
[2.719s] Level 1:colcon.colcon_core.package_identification:_identify(.) by extensions ['ros']
[2.719s] Level 1:colcon.colcon_core.package_identification:_identify(.) by extension 'ros'
[2.743s] Level 1:colcon.colcon_core.package_identification:_identify(.) by extensions ['cmake', 'python']
[2.743s] Level 1:colcon.colcon_core.package_identification:_identify(.) by extension 'cmake'
[2.743s] Level 1:colcon.colcon_core.package_identification:_identify(.) by extension 'python'
[2.743s] Level 1:colcon.colcon_core.package_identification:_identify(.) by extensions ['python_setup_py']
[2.743s] Level 1:colcon.colcon_core.package_identification:_identify(.) by extension 'python_setup_py'
[2.744s] Level 1:colcon.colcon_core.package_identification:_identify(build) by extensions ['ignore', 'ignore_ament_install']
[2.744s] Level 1:colcon.colcon_core.package_identification:_identify(build) by extension 'ignore'
[2.744s] Level 1:colcon.colcon_core.package_identification:_identify(build) ignored
[2.744s] Level 1:colcon.colcon_core.package_identification:_identify(install) by extensions ['ignore', 'ignore_ament_install']
[2.744s] Level 1:colcon.colcon_core.package_identification:_identify(install) by extension 'ignore'
[2.744s] Level 1:colcon.colcon_core.package_identification:_identify(install) ignored
[2.745s] Level 1:colcon.colcon_core.package_identification:_identify(log) by extensions ['ignore', 'ignore_ament_install']
[2.745s] Level 1:colcon.colcon_core.package_identification:_identify(log) by extension 'ignore'
[2.745s] Level 1:colcon.colcon_core.package_identification:_identify(log) ignored
[2.745s] Level 1:colcon.colcon_core.package_identification:_identify(my_controller) by extensions ['ignore', 'ignore_ament_install']
[2.745s] Level 1:colcon.colcon_core.package_identification:_identify(my_controller) by extension 'ignore'
[2.745s] Level 1:colcon.colcon_core.package_identification:_identify(my_controller) by extension 'ignore_ament_install'
[2.745s] Level 1:colcon.colcon_core.package_identification:_identify(my_controller) by extensions ['colcon_pkg']
[2.745s] Level 1:colcon.colcon_core.package_identification:_identify(my_controller) by extension 'colcon_pkg'
[2.746s] Level 1:colcon.colcon_core.package_identification:_identify(my_controller) by extensions ['colcon_meta']
[2.746s] Level 1:colcon.colcon_core.package_identification:_identify(my_controller) by extension 'colcon_meta'
[2.746s] Level 1:colcon.colcon_core.package_identification:_identify(my_controller) by extensions ['ros']
[2.746s] Level 1:colcon.colcon_core.package_identification:_identify(my_controller) by extension 'ros'
[2.753s] DEBUG:colcon.colcon_core.package_identification:Package 'my_controller' with type 'ros.ament_python' and name 'my_controller'
[2.753s] Level 1:colcon.colcon_core.package_identification:_identify(my_reactive_robot) by extensions ['ignore', 'ignore_ament_install']
[2.753s] Level 1:colcon.colcon_core.package_identification:_identify(my_reactive_robot) by extension 'ignore'
[2.753s] Level 1:colcon.colcon_core.package_identification:_identify(my_reactive_robot) by extension 'ignore_ament_install'
[2.753s] Level 1:colcon.colcon_core.package_identification:_identify(my_reactive_robot) by extensions ['colcon_pkg']
[2.753s] Level 1:colcon.colcon_core.package_identification:_identify(my_reactive_robot) by extension 'colcon_pkg'
[2.753s] Level 1:colcon.colcon_core.package_identification:_identify(my_reactive_robot) by extensions ['colcon_meta']
[2.754s] Level 1:colcon.colcon_core.package_identification:_identify(my_reactive_robot) by extension 'colcon_meta'
[2.754s] Level 1:colcon.colcon_core.package_identification:_identify(my_reactive_robot) by extensions ['ros']
[2.754s] Level 1:colcon.colcon_core.package_identification:_identify(my_reactive_robot) by extension 'ros'
[2.755s] DEBUG:colcon.colcon_core.package_identification:Package 'my_reactive_robot' with type 'ros.ament_cmake' and name 'my_reactive_robot'
[2.755s] Level 1:colcon.colcon_core.package_discovery:discover_packages(recursive) using defaults
[2.755s] Level 1:colcon.colcon_core.package_discovery:discover_packages(ignore) discover
[2.755s] Level 1:colcon.colcon_core.package_discovery:discover_packages(ignore) using defaults
[2.755s] Level 1:colcon.colcon_core.package_discovery:discover_packages(path) discover
[2.755s] Level 1:colcon.colcon_core.package_discovery:discover_packages(path) using defaults
[2.988s] Level 1:colcon.colcon_core.package_discovery:discover_packages(prefix_path) check parameters
[2.988s] Level 1:colcon.colcon_core.package_discovery:discover_packages(prefix_path) discover
[3.067s] DEBUG:colcon.colcon_installed_package_information.package_discovery:Found 3 installed packages in /home/kaduver4/ros2_ws/install
[3.107s] DEBUG:colcon.colcon_installed_package_information.package_discovery:Found 338 installed packages in /opt/ros/humble
[3.142s] Level 1:colcon.colcon_core.package_discovery:discover_packages(prefix_path) using defaults
[3.408s] Level 5:colcon.colcon_core.verb:set package 'my_controller' build argument 'cmake_args' from command line to 'None'
[3.409s] Level 5:colcon.colcon_core.verb:set package 'my_controller' build argument 'cmake_target' from command line to 'None'
[3.409s] Level 5:colcon.colcon_core.verb:set package 'my_controller' build argument 'cmake_target_skip_unavailable' from command line to 'False'
[3.409s] Level 5:colcon.colcon_core.verb:set package 'my_controller' build argument 'cmake_clean_cache' from command line to 'False'
[3.409s] Level 5:colcon.colcon_core.verb:set package 'my_controller' build argument 'cmake_clean_first' from command line to 'False'
[3.409s] Level 5:colcon.colcon_core.verb:set package 'my_controller' build argument 'cmake_force_configure' from command line to 'False'
[3.409s] Level 5:colcon.colcon_core.verb:set package 'my_controller' build argument 'ament_cmake_args' from command line to 'None'
[3.409s] Level 5:colcon.colcon_core.verb:set package 'my_controller' build argument 'catkin_cmake_args' from command line to 'None'
[3.409s] Level 5:colcon.colcon_core.verb:set package 'my_controller' build argument 'catkin_skip_building_tests' from command line to 'False'
[3.409s] DEBUG:colcon.colcon_core.verb:Building package 'my_controller' with the following arguments: {'ament_cmake_args': None, 'build_base': '/home/kaduver4/ros2_ws/src/build/my_controller', 'catkin_cmake_args': None, 'catkin_skip_building_tests': False, 'cmake_args': None, 'cmake_clean_cache': False, 'cmake_clean_first': False, 'cmake_force_configure': False, 'cmake_target': None, 'cmake_target_skip_unavailable': False, 'install_base': '/home/kaduver4/ros2_ws/src/install/my_controller', 'merge_install': False, 'path': '/home/kaduver4/ros2_ws/src/my_controller', 'symlink_install': True, 'test_result_base': None}
[3.451s] Level 5:colcon.colcon_core.verb:set package 'my_reactive_robot' build argument 'cmake_args' from command line to 'None'
[3.451s] Level 5:colcon.colcon_core.verb:set package 'my_reactive_robot' build argument 'cmake_target' from command line to 'None'
[3.451s] Level 5:colcon.colcon_core.verb:set package 'my_reactive_robot' build argument 'cmake_target_skip_unavailable' from command line to 'False'
[3.451s] Level 5:colcon.colcon_core.verb:set package 'my_reactive_robot' build argument 'cmake_clean_cache' from command line to 'False'
[3.451s] Level 5:colcon.colcon_core.verb:set package 'my_reactive_robot' build argument 'cmake_clean_first' from command line to 'False'
[3.451s] Level 5:colcon.colcon_core.verb:set package 'my_reactive_robot' build argument 'cmake_force_configure' from command line to 'False'
[3.451s] Level 5:colcon.colcon_core.verb:set package 'my_reactive_robot' build argument 'ament_cmake_args' from command line to 'None'
[3.452s] Level 5:colcon.colcon_core.verb:set package 'my_reactive_robot' build argument 'catkin_cmake_args' from command line to 'None'
[3.452s] Level 5:colcon.colcon_core.verb:set package 'my_reactive_robot' build argument 'catkin_skip_building_tests' from command line to 'False'
[3.452s] DEBUG:colcon.colcon_core.verb:Building package 'my_reactive_robot' with the following arguments: {'ament_cmake_args': None, 'build_base': '/home/kaduver4/ros2_ws/src/build/my_reactive_robot', 'catkin_cmake_args': None, 'catkin_skip_building_tests': False, 'cmake_args': None, 'cmake_clean_cache': False, 'cmake_clean_first': False, 'cmake_force_configure': False, 'cmake_target': None, 'cmake_target_skip_unavailable': False, 'install_base': '/home/kaduver4/ros2_ws/src/install/my_reactive_robot', 'merge_install': False, 'path': '/home/kaduver4/ros2_ws/src/my_reactive_robot', 'symlink_install': True, 'test_result_base': None}
[3.491s] INFO:colcon.colcon_core.executor:Executing jobs using 'parallel' executor
[3.531s] DEBUG:colcon.colcon_parallel_executor.executor.parallel:run_until_complete
[3.532s] INFO:colcon.colcon_ros.task.ament_python.build:Building ROS package in '/home/kaduver4/ros2_ws/src/my_controller' with build type 'ament_python'
[3.533s] Level 1:colcon.colcon_core.shell:create_environment_hook('my_controller', 'ament_prefix_path')
[3.576s] INFO:colcon.colcon_core.plugin_system:Skipping extension 'colcon_core.shell.bat': Not used on non-Windows systems
[3.577s] INFO:colcon.colcon_core.shell:Creating environment hook '/home/kaduver4/ros2_ws/src/install/my_controller/share/my_controller/hook/ament_prefix_path.ps1'
[3.578s] INFO:colcon.colcon_core.shell:Creating environment descriptor '/home/kaduver4/ros2_ws/src/install/my_controller/share/my_controller/hook/ament_prefix_path.dsv'
[3.579s] INFO:colcon.colcon_core.shell:Creating environment hook '/home/kaduver4/ros2_ws/src/install/my_controller/share/my_controller/hook/ament_prefix_path.sh'
[3.620s] INFO:colcon.colcon_core.shell:Skip shell extension 'powershell' for command environment: Not usable outside of PowerShell
[3.621s] DEBUG:colcon.colcon_core.shell:Skip shell extension 'dsv' for command environment
[3.740s] INFO:colcon.colcon_ros.task.ament_cmake.build:Building ROS package in '/home/kaduver4/ros2_ws/src/my_reactive_robot' with build type 'ament_cmake'
[3.741s] INFO:colcon.colcon_cmake.task.cmake.build:Building CMake package in '/home/kaduver4/ros2_ws/src/my_reactive_robot'
[3.781s] INFO:colcon.colcon_core.shell:Skip shell extension 'powershell' for command environment: Not usable outside of PowerShell
[3.782s] DEBUG:colcon.colcon_core.shell:Skip shell extension 'dsv' for command environment
[4.628s] INFO:colcon.colcon_core.task.python.build:Building Python package in '/home/kaduver4/ros2_ws/src/my_controller'
[4.665s] INFO:colcon.colcon_core.shell:Skip shell extension 'powershell' for command environment: Not usable outside of PowerShell
[4.665s] DEBUG:colcon.colcon_core.shell:Skip shell extension 'dsv' for command environment
[4.794s] DEBUG:colcon.colcon_core.event_handler.log_command:Invoking command in '/home/kaduver4/ros2_ws/src/build/my_reactive_robot': CMAKE_PREFIX_PATH=${CMAKE_PREFIX_PATH}:/home/kaduver4/ros2_ws/install/my_controller:/opt/ros/humble /usr/bin/cmake /home/kaduver4/ros2_ws/src/my_reactive_robot -DAMENT_CMAKE_SYMLINK_INSTALL=1 -DCMAKE_INSTALL_PREFIX=/home/kaduver4/ros2_ws/src/install/my_reactive_robot
[5.800s] DEBUG:colcon.colcon_core.event_handler.log_command:Invoking command in '/home/kaduver4/ros2_ws/src/build/my_controller': PYTHONPATH=/home/kaduver4/ros2_ws/src/build/my_controller/prefix_override:/home/kaduver4/ros2_ws/src/install/my_controller/lib/python3.10/site-packages:${PYTHONPATH} /usr/bin/python3 setup.py develop --editable --build-directory /home/kaduver4/ros2_ws/src/build/my_controller/build --no-deps install_data
[6.727s] DEBUG:colcon.colcon_core.event_handler.log_command:Invoked command in '/home/kaduver4/ros2_ws/src/build/my_reactive_robot' returned '0': CMAKE_PREFIX_PATH=${CMAKE_PREFIX_PATH}:/home/kaduver4/ros2_ws/install/my_controller:/opt/ros/humble /usr/bin/cmake /home/kaduver4/ros2_ws/src/my_reactive_robot -DAMENT_CMAKE_SYMLINK_INSTALL=1 -DCMAKE_INSTALL_PREFIX=/home/kaduver4/ros2_ws/src/install/my_reactive_robot
[6.733s] DEBUG:colcon.colcon_core.event_handler.log_command:Invoking command in '/home/kaduver4/ros2_ws/src/build/my_reactive_robot': CMAKE_PREFIX_PATH=${CMAKE_PREFIX_PATH}:/home/kaduver4/ros2_ws/install/my_controller:/opt/ros/humble /usr/bin/cmake --build /home/kaduver4/ros2_ws/src/build/my_reactive_robot -- -j8 -l8
[6.883s] DEBUG:colcon.colcon_core.event_handler.log_command:Invoked command in '/home/kaduver4/ros2_ws/src/build/my_reactive_robot' returned '0': CMAKE_PREFIX_PATH=${CMAKE_PREFIX_PATH}:/home/kaduver4/ros2_ws/install/my_controller:/opt/ros/humble /usr/bin/cmake --build /home/kaduver4/ros2_ws/src/build/my_reactive_robot -- -j8 -l8
[6.993s] DEBUG:colcon.colcon_core.event_handler.log_command:Invoking command in '/home/kaduver4/ros2_ws/src/build/my_reactive_robot': CMAKE_PREFIX_PATH=${CMAKE_PREFIX_PATH}:/home/kaduver4/ros2_ws/install/my_controller:/opt/ros/humble /usr/bin/cmake --install /home/kaduver4/ros2_ws/src/build/my_reactive_robot
[7.453s] Level 1:colcon.colcon_core.shell:create_environment_hook('my_controller', 'pythonpath_develop')
[7.454s] DEBUG:colcon.colcon_core.event_handler.log_command:Invoked command in '/home/kaduver4/ros2_ws/src/build/my_controller' returned '0': PYTHONPATH=/home/kaduver4/ros2_ws/src/build/my_controller/prefix_override:/home/kaduver4/ros2_ws/src/install/my_controller/lib/python3.10/site-packages:${PYTHONPATH} /usr/bin/python3 setup.py develop --editable --build-directory /home/kaduver4/ros2_ws/src/build/my_controller/build --no-deps install_data
[7.537s] INFO:colcon.colcon_core.shell:Creating environment hook '/home/kaduver4/ros2_ws/src/build/my_controller/share/my_controller/hook/pythonpath_develop.ps1'
[7.540s] INFO:colcon.colcon_core.shell:Creating environment descriptor '/home/kaduver4/ros2_ws/src/build/my_controller/share/my_controller/hook/pythonpath_develop.dsv'
[7.542s] INFO:colcon.colcon_core.shell:Creating environment hook '/home/kaduver4/ros2_ws/src/build/my_controller/share/my_controller/hook/pythonpath_develop.sh'
[7.623s] Level 1:colcon.colcon_core.environment:checking '/home/kaduver4/ros2_ws/src/install/my_controller' for CMake module files
[7.624s] Level 1:colcon.colcon_core.environment:checking '/home/kaduver4/ros2_ws/src/install/my_controller' for CMake config files
[7.625s] Level 1:colcon.colcon_core.environment:checking '/home/kaduver4/ros2_ws/src/install/my_controller/lib'
[7.626s] Level 1:colcon.colcon_core.environment:checking '/home/kaduver4/ros2_ws/src/install/my_controller/bin'
[7.626s] Level 1:colcon.colcon_core.environment:checking '/home/kaduver4/ros2_ws/src/install/my_controller/lib/pkgconfig/my_controller.pc'
[7.627s] Level 1:colcon.colcon_core.environment:checking '/home/kaduver4/ros2_ws/src/install/my_controller/lib/python3.10/site-packages'
[7.627s] Level 1:colcon.colcon_core.shell:create_environment_hook('my_controller', 'pythonpath')
[7.682s] INFO:colcon.colcon_core.shell:Creating environment hook '/home/kaduver4/ros2_ws/src/install/my_controller/share/my_controller/hook/pythonpath.ps1'
[7.684s] INFO:colcon.colcon_core.shell:Creating environment descriptor '/home/kaduver4/ros2_ws/src/install/my_controller/share/my_controller/hook/pythonpath.dsv'
[7.686s] INFO:colcon.colcon_core.shell:Creating environment hook '/home/kaduver4/ros2_ws/src/install/my_controller/share/my_controller/hook/pythonpath.sh'
[7.688s] Level 1:colcon.colcon_core.environment:checking '/home/kaduver4/ros2_ws/src/install/my_controller/bin'
[7.688s] Level 1:colcon.colcon_core.environment:create_environment_scripts_only(my_controller)
[7.739s] INFO:colcon.colcon_core.shell:Creating package script '/home/kaduver4/ros2_ws/src/install/my_controller/share/my_controller/package.ps1'
[7.742s] INFO:colcon.colcon_core.shell:Creating package descriptor '/home/kaduver4/ros2_ws/src/install/my_controller/share/my_controller/package.dsv'
[7.744s] INFO:colcon.colcon_core.shell:Creating package script '/home/kaduver4/ros2_ws/src/install/my_controller/share/my_controller/package.sh'
[7.747s] INFO:colcon.colcon_core.shell:Creating package script '/home/kaduver4/ros2_ws/src/install/my_controller/share/my_controller/package.bash'
[7.749s] INFO:colcon.colcon_core.shell:Creating package script '/home/kaduver4/ros2_ws/src/install/my_controller/share/my_controller/package.zsh'
[7.750s] Level 1:colcon.colcon_core.environment:create_file_with_runtime_dependencies(/home/kaduver4/ros2_ws/src/install/my_controller/share/colcon-core/packages/my_controller)
[7.753s] Level 1:colcon.colcon_core.environment:create_environment_scripts_only(my_reactive_robot)
[7.756s] DEBUG:colcon.colcon_core.event_handler.log_command:Invoked command in '/home/kaduver4/ros2_ws/src/build/my_reactive_robot' returned '0': CMAKE_PREFIX_PATH=${CMAKE_PREFIX_PATH}:/home/kaduver4/ros2_ws/install/my_controller:/opt/ros/humble /usr/bin/cmake --install /home/kaduver4/ros2_ws/src/build/my_reactive_robot
[7.814s] Level 1:colcon.colcon_core.environment:checking '/home/kaduver4/ros2_ws/src/install/my_reactive_robot' for CMake module files
[7.816s] Level 1:colcon.colcon_core.environment:checking '/home/kaduver4/ros2_ws/src/install/my_reactive_robot' for CMake config files
[7.817s] Level 1:colcon.colcon_core.shell:create_environment_hook('my_reactive_robot', 'cmake_prefix_path')
[7.868s] INFO:colcon.colcon_core.shell:Creating environment hook '/home/kaduver4/ros2_ws/src/install/my_reactive_robot/share/my_reactive_robot/hook/cmake_prefix_path.ps1'
[7.870s] INFO:colcon.colcon_core.shell:Creating environment descriptor '/home/kaduver4/ros2_ws/src/install/my_reactive_robot/share/my_reactive_robot/hook/cmake_prefix_path.dsv'
[7.871s] INFO:colcon.colcon_core.shell:Creating environment hook '/home/kaduver4/ros2_ws/src/install/my_reactive_robot/share/my_reactive_robot/hook/cmake_prefix_path.sh'
[7.875s] Level 1:colcon.colcon_core.environment:checking '/home/kaduver4/ros2_ws/src/install/my_reactive_robot/bin'
[7.875s] Level 1:colcon.colcon_core.environment:checking '/home/kaduver4/ros2_ws/src/install/my_reactive_robot/lib/pkgconfig/my_reactive_robot.pc'
[7.876s] Level 1:colcon.colcon_core.environment:checking '/home/kaduver4/ros2_ws/src/install/my_reactive_robot/lib/python3.10/site-packages'
[7.877s] Level 1:colcon.colcon_core.environment:checking '/home/kaduver4/ros2_ws/src/install/my_reactive_robot/bin'
[7.934s] INFO:colcon.colcon_core.shell:Creating package script '/home/kaduver4/ros2_ws/src/install/my_reactive_robot/share/my_reactive_robot/package.ps1'
[7.936s] INFO:colcon.colcon_core.shell:Creating package descriptor '/home/kaduver4/ros2_ws/src/install/my_reactive_robot/share/my_reactive_robot/package.dsv'
[7.938s] INFO:colcon.colcon_core.shell:Creating package script '/home/kaduver4/ros2_ws/src/install/my_reactive_robot/share/my_reactive_robot/package.sh'
[7.940s] INFO:colcon.colcon_core.shell:Creating package script '/home/kaduver4/ros2_ws/src/install/my_reactive_robot/share/my_reactive_robot/package.bash'
[7.941s] INFO:colcon.colcon_core.shell:Creating package script '/home/kaduver4/ros2_ws/src/install/my_reactive_robot/share/my_reactive_robot/package.zsh'
[7.942s] Level 1:colcon.colcon_core.environment:create_file_with_runtime_dependencies(/home/kaduver4/ros2_ws/src/install/my_reactive_robot/share/colcon-core/packages/my_reactive_robot)
[8.059s] Level 1:colcon.colcon_core.environment:create_environment_scripts_only(my_reactive_robot)
[8.101s] Level 1:colcon.colcon_core.environment:checking '/home/kaduver4/ros2_ws/src/install/my_reactive_robot' for CMake module files
[8.102s] Level 1:colcon.colcon_core.environment:checking '/home/kaduver4/ros2_ws/src/install/my_reactive_robot' for CMake config files
[8.102s] Level 1:colcon.colcon_core.shell:create_environment_hook('my_reactive_robot', 'cmake_prefix_path')
[8.141s] INFO:colcon.colcon_core.shell:Creating environment hook '/home/kaduver4/ros2_ws/src/install/my_reactive_robot/share/my_reactive_robot/hook/cmake_prefix_path.ps1'
[8.143s] INFO:colcon.colcon_core.shell:Creating environment descriptor '/home/kaduver4/ros2_ws/src/install/my_reactive_robot/share/my_reactive_robot/hook/cmake_prefix_path.dsv'
[8.143s] INFO:colcon.colcon_core.shell:Creating environment hook '/home/kaduver4/ros2_ws/src/install/my_reactive_robot/share/my_reactive_robot/hook/cmake_prefix_path.sh'
[8.144s] Level 1:colcon.colcon_core.environment:checking '/home/kaduver4/ros2_ws/src/install/my_reactive_robot/bin'
[8.144s] Level 1:colcon.colcon_core.environment:checking '/home/kaduver4/ros2_ws/src/install/my_reactive_robot/lib/pkgconfig/my_reactive_robot.pc'
[8.145s] Level 1:colcon.colcon_core.environment:checking '/home/kaduver4/ros2_ws/src/install/my_reactive_robot/lib/python3.10/site-packages'
[8.145s] Level 1:colcon.colcon_core.environment:checking '/home/kaduver4/ros2_ws/src/install/my_reactive_robot/bin'
[8.184s] INFO:colcon.colcon_core.shell:Creating package script '/home/kaduver4/ros2_ws/src/install/my_reactive_robot/share/my_reactive_robot/package.ps1'
[8.185s] INFO:colcon.colcon_core.shell:Creating package descriptor '/home/kaduver4/ros2_ws/src/install/my_reactive_robot/share/my_reactive_robot/package.dsv'
[8.187s] INFO:colcon.colcon_core.shell:Creating package script '/home/kaduver4/ros2_ws/src/install/my_reactive_robot/share/my_reactive_robot/package.sh'
[8.189s] INFO:colcon.colcon_core.shell:Creating package script '/home/kaduver4/ros2_ws/src/install/my_reactive_robot/share/my_reactive_robot/package.bash'
[8.191s] INFO:colcon.colcon_core.shell:Creating package script '/home/kaduver4/ros2_ws/src/install/my_reactive_robot/share/my_reactive_robot/package.zsh'
[8.192s] Level 1:colcon.colcon_core.environment:create_file_with_runtime_dependencies(/home/kaduver4/ros2_ws/src/install/my_reactive_robot/share/colcon-core/packages/my_reactive_robot)
[8.193s] DEBUG:colcon.colcon_parallel_executor.executor.parallel:closing loop
[8.195s] DEBUG:colcon.colcon_parallel_executor.executor.parallel:loop closed
[8.195s] DEBUG:colcon.colcon_parallel_executor.executor.parallel:run_until_complete finished with '0'
[8.195s] DEBUG:colcon.colcon_core.event_reactor:joining thread
[8.251s] INFO:colcon.colcon_core.plugin_system:Skipping extension 'colcon_notification.desktop_notification.terminal_notifier': Not used on non-Darwin systems
[8.252s] INFO:colcon.colcon_core.plugin_system:Skipping extension 'colcon_notification.desktop_notification.win32': Not used on non-Windows systems
[8.252s] INFO:colcon.colcon_notification.desktop_notification:Sending desktop notification using 'notify2'
[8.286s] DEBUG:colcon.colcon_core.event_reactor:joined thread
[8.330s] INFO:colcon.colcon_core.shell:Creating prefix script '/home/kaduver4/ros2_ws/src/install/local_setup.ps1'
[8.332s] INFO:colcon.colcon_core.shell:Creating prefix util module '/home/kaduver4/ros2_ws/src/install/_local_setup_util_ps1.py'
[8.336s] INFO:colcon.colcon_core.shell:Creating prefix chain script '/home/kaduver4/ros2_ws/src/install/setup.ps1'
[8.383s] INFO:colcon.colcon_core.shell:Creating prefix script '/home/kaduver4/ros2_ws/src/install/local_setup.sh'
[8.385s] INFO:colcon.colcon_core.shell:Creating prefix util module '/home/kaduver4/ros2_ws/src/install/_local_setup_util_sh.py'
[8.386s] INFO:colcon.colcon_core.shell:Creating prefix chain script '/home/kaduver4/ros2_ws/src/install/setup.sh'
[8.434s] INFO:colcon.colcon_core.shell:Creating prefix script '/home/kaduver4/ros2_ws/src/install/local_setup.bash'
[8.435s] INFO:colcon.colcon_core.shell:Creating prefix chain script '/home/kaduver4/ros2_ws/src/install/setup.bash'
[8.482s] INFO:colcon.colcon_core.shell:Creating prefix script '/home/kaduver4/ros2_ws/src/install/local_setup.zsh'
[8.484s] INFO:colcon.colcon_core.shell:Creating prefix chain script '/home/kaduver4/ros2_ws/src/install/setup.zsh'
