[0.159s] Invoking command in '/home/kaduver4/ros2_ws/build/my_reactive_robot': CMAKE_PREFIX_PATH=${CMAKE_PREFIX_PATH}:/opt/ros/humble /usr/bin/cmake --build /home/kaduver4/ros2_ws/build/my_reactive_robot -- -j8 -l8
[0.299s] -- Found ament_cmake: 1.3.5 (/opt/ros/humble/share/ament_cmake/cmake)
[0.584s] -- Override CMake install command with custom implementation using symlinks instead of copying resources
[0.607s] -- Found ament_lint_auto: 0.12.8 (/opt/ros/humble/share/ament_lint_auto/cmake)
[0.761s] -- Added test 'flake8' to check Python code syntax and style conventions
[0.762s] -- Added test 'lint_cmake' to check CMake code style
[0.763s] -- Added test 'pep257' to check Python code against some of the docstring style conventions in PEP 257
[0.765s] -- Added test 'xmllint' to check XML markup files
[0.768s] -- Configuring done
[0.775s] -- Generating done
[0.777s] -- Build files have been written to: /home/kaduver4/ros2_ws/build/my_reactive_robot
[0.815s] Invoked command in '/home/kaduver4/ros2_ws/build/my_reactive_robot' returned '0': CMAKE_PREFIX_PATH=${CMAKE_PREFIX_PATH}:/opt/ros/humble /usr/bin/cmake --build /home/kaduver4/ros2_ws/build/my_reactive_robot -- -j8 -l8
[0.875s] Invoking command in '/home/kaduver4/ros2_ws/build/my_reactive_robot': CMAKE_PREFIX_PATH=${CMAKE_PREFIX_PATH}:/opt/ros/humble /usr/bin/cmake --install /home/kaduver4/ros2_ws/build/my_reactive_robot
[0.887s] -- Install configuration: ""
[0.888s] -- Execute custom install script
[0.888s] -- Up-to-date symlink: /home/kaduver4/ros2_ws/install/my_reactive_robot/share/my_reactive_robot/launch/my_gazebo.launch.py
[0.888s] -- Up-to-date symlink: /home/kaduver4/ros2_ws/install/my_reactive_robot/share/my_reactive_robot/meshes/robot_base.stl
[0.889s] -- Up-to-date symlink: /home/kaduver4/ros2_ws/install/my_reactive_robot/share/my_reactive_robot/worlds/my_world.world
[0.889s] -- Up-to-date symlink: /home/kaduver4/ros2_ws/install/my_reactive_robot/share/my_reactive_robot/urdf/my_robot.urdf
[0.890s] -- Up-to-date symlink: /home/kaduver4/ros2_ws/install/my_reactive_robot/share/my_reactive_robot/rviz/rviz_basic_settings.rviz
[0.890s] -- Up-to-date symlink: /home/kaduver4/ros2_ws/install/my_reactive_robot/share/ament_index/resource_index/package_run_dependencies/my_reactive_robot
[0.890s] -- Up-to-date symlink: /home/kaduver4/ros2_ws/install/my_reactive_robot/share/ament_index/resource_index/parent_prefix_path/my_reactive_robot
[0.890s] -- Up-to-date symlink: /home/kaduver4/ros2_ws/install/my_reactive_robot/share/my_reactive_robot/environment/ament_prefix_path.sh
[0.891s] -- Up-to-date symlink: /home/kaduver4/ros2_ws/install/my_reactive_robot/share/my_reactive_robot/environment/ament_prefix_path.dsv
[0.891s] -- Up-to-date symlink: /home/kaduver4/ros2_ws/install/my_reactive_robot/share/my_reactive_robot/environment/path.sh
[0.891s] -- Up-to-date symlink: /home/kaduver4/ros2_ws/install/my_reactive_robot/share/my_reactive_robot/environment/path.dsv
[0.891s] -- Up-to-date symlink: /home/kaduver4/ros2_ws/install/my_reactive_robot/share/my_reactive_robot/local_setup.bash
[0.892s] -- Up-to-date symlink: /home/kaduver4/ros2_ws/install/my_reactive_robot/share/my_reactive_robot/local_setup.sh
[0.892s] -- Up-to-date symlink: /home/kaduver4/ros2_ws/install/my_reactive_robot/share/my_reactive_robot/local_setup.zsh
[0.892s] -- Up-to-date symlink: /home/kaduver4/ros2_ws/install/my_reactive_robot/share/my_reactive_robot/local_setup.dsv
[0.893s] -- Symlinking: /home/kaduver4/ros2_ws/install/my_reactive_robot/share/my_reactive_robot/package.dsv
[0.910s] -- Up-to-date symlink: /home/kaduver4/ros2_ws/install/my_reactive_robot/share/ament_index/resource_index/packages/my_reactive_robot
[0.910s] -- Up-to-date symlink: /home/kaduver4/ros2_ws/install/my_reactive_robot/share/my_reactive_robot/cmake/my_reactive_robotConfig.cmake
[0.911s] -- Up-to-date symlink: /home/kaduver4/ros2_ws/install/my_reactive_robot/share/my_reactive_robot/cmake/my_reactive_robotConfig-version.cmake
[0.911s] -- Up-to-date symlink: /home/kaduver4/ros2_ws/install/my_reactive_robot/share/my_reactive_robot/package.xml
[0.915s] Invoked command in '/home/kaduver4/ros2_ws/build/my_reactive_robot' returned '0': CMAKE_PREFIX_PATH=${CMAKE_PREFIX_PATH}:/opt/ros/humble /usr/bin/cmake --install /home/kaduver4/ros2_ws/build/my_reactive_robot
