[0.144s] Invoking command in '/home/kaduver4/ros2_ws/build/my_reactive_robot': CMAKE_PREFIX_PATH=/home/kaduver4/ros2_ws/install/my_robot_controller:/opt/ros/humble /usr/bin/cmake /home/kaduver4/ros2_ws/src/my_reactive_robot -DAMENT_CMAKE_SYMLINK_INSTALL=1 -DCMAKE_INSTALL_PREFIX=/home/kaduver4/ros2_ws/install/my_reactive_robot
[0.366s] -- The C compiler identification is GNU 11.4.0
[0.494s] -- The CXX compiler identification is GNU 11.4.0
[0.514s] -- Detecting C compiler ABI info
[0.651s] -- Detecting C compiler ABI info - done
[0.664s] -- Check for working C compiler: /usr/bin/cc - skipped
[0.664s] -- Detecting C compile features
[0.665s] -- Detecting C compile features - done
[0.670s] -- Detecting CXX compiler ABI info
[0.814s] -- Detecting CXX compiler ABI info - done
[0.843s] -- Check for working CXX compiler: /usr/bin/c++ - skipped
[0.844s] -- Detecting CXX compile features
[0.845s] -- Detecting CXX compile features - done
[0.854s] -- Found ament_cmake: 1.3.5 (/opt/ros/humble/share/ament_cmake/cmake)
[1.202s] -- Found Python3: /usr/bin/python3.10 (found version "3.10.12") found components: Interpreter 
[1.340s] -- Override CMake install command with custom implementation using symlinks instead of copying resources
[1.406s] -- Found ament_lint_auto: 0.12.8 (/opt/ros/humble/share/ament_lint_auto/cmake)
[1.575s] -- Added test 'flake8' to check Python code syntax and style conventions
[1.577s] -- Added test 'lint_cmake' to check CMake code style
[1.578s] -- Added test 'pep257' to check Python code against some of the docstring style conventions in PEP 257
[1.582s] -- Added test 'xmllint' to check XML markup files
[1.586s] -- Configuring done
[1.592s] -- Generating done
[1.595s] -- Build files have been written to: /home/kaduver4/ros2_ws/build/my_reactive_robot
[1.605s] Invoked command in '/home/kaduver4/ros2_ws/build/my_reactive_robot' returned '0': CMAKE_PREFIX_PATH=/home/kaduver4/ros2_ws/install/my_robot_controller:/opt/ros/humble /usr/bin/cmake /home/kaduver4/ros2_ws/src/my_reactive_robot -DAMENT_CMAKE_SYMLINK_INSTALL=1 -DCMAKE_INSTALL_PREFIX=/home/kaduver4/ros2_ws/install/my_reactive_robot
[1.609s] Invoking command in '/home/kaduver4/ros2_ws/build/my_reactive_robot': CMAKE_PREFIX_PATH=/home/kaduver4/ros2_ws/install/my_robot_controller:/opt/ros/humble /usr/bin/cmake --build /home/kaduver4/ros2_ws/build/my_reactive_robot -- -j8 -l8
[1.687s] Invoked command in '/home/kaduver4/ros2_ws/build/my_reactive_robot' returned '0': CMAKE_PREFIX_PATH=/home/kaduver4/ros2_ws/install/my_robot_controller:/opt/ros/humble /usr/bin/cmake --build /home/kaduver4/ros2_ws/build/my_reactive_robot -- -j8 -l8
[1.758s] Invoking command in '/home/kaduver4/ros2_ws/build/my_reactive_robot': CMAKE_PREFIX_PATH=/home/kaduver4/ros2_ws/install/my_robot_controller:/opt/ros/humble /usr/bin/cmake --install /home/kaduver4/ros2_ws/build/my_reactive_robot
[1.773s] -- Install configuration: ""
[1.773s] -- Execute custom install script
[1.773s] -- Symlinking: /home/kaduver4/ros2_ws/install/my_reactive_robot/share/ament_index/resource_index/package_run_dependencies/my_reactive_robot
[1.796s] -- Symlinking: /home/kaduver4/ros2_ws/install/my_reactive_robot/share/ament_index/resource_index/parent_prefix_path/my_reactive_robot
[1.820s] -- Symlinking: /home/kaduver4/ros2_ws/install/my_reactive_robot/share/my_reactive_robot/environment/ament_prefix_path.sh
[1.841s] -- Symlinking: /home/kaduver4/ros2_ws/install/my_reactive_robot/share/my_reactive_robot/environment/ament_prefix_path.dsv
[1.857s] -- Symlinking: /home/kaduver4/ros2_ws/install/my_reactive_robot/share/my_reactive_robot/environment/path.sh
[1.882s] -- Symlinking: /home/kaduver4/ros2_ws/install/my_reactive_robot/share/my_reactive_robot/environment/path.dsv
[1.898s] -- Symlinking: /home/kaduver4/ros2_ws/install/my_reactive_robot/share/my_reactive_robot/local_setup.bash
[1.914s] -- Symlinking: /home/kaduver4/ros2_ws/install/my_reactive_robot/share/my_reactive_robot/local_setup.sh
[1.935s] -- Symlinking: /home/kaduver4/ros2_ws/install/my_reactive_robot/share/my_reactive_robot/local_setup.zsh
[1.951s] -- Symlinking: /home/kaduver4/ros2_ws/install/my_reactive_robot/share/my_reactive_robot/local_setup.dsv
[1.967s] -- Symlinking: /home/kaduver4/ros2_ws/install/my_reactive_robot/share/my_reactive_robot/package.dsv
[1.983s] -- Symlinking: /home/kaduver4/ros2_ws/install/my_reactive_robot/share/ament_index/resource_index/packages/my_reactive_robot
[2.004s] -- Symlinking: /home/kaduver4/ros2_ws/install/my_reactive_robot/share/my_reactive_robot/cmake/my_reactive_robotConfig.cmake
[2.024s] -- Symlinking: /home/kaduver4/ros2_ws/install/my_reactive_robot/share/my_reactive_robot/cmake/my_reactive_robotConfig-version.cmake
[2.041s] -- Symlinking: /home/kaduver4/ros2_ws/install/my_reactive_robot/share/my_reactive_robot/package.xml
[2.062s] Invoked command in '/home/kaduver4/ros2_ws/build/my_reactive_robot' returned '0': CMAKE_PREFIX_PATH=/home/kaduver4/ros2_ws/install/my_robot_controller:/opt/ros/humble /usr/bin/cmake --install /home/kaduver4/ros2_ws/build/my_reactive_robot
