-- Install configuration: ""
-- Execute custom install script
-- Symlinking: /home/kaduver4/ros2_ws/install/my_reactive_robot/share/my_reactive_robot/launch/hail_mary.launch.py
-- Up-to-date symlink: /home/kaduver4/ros2_ws/install/my_reactive_robot/share/my_reactive_robot/launch/my_gazebo.launch.py
-- Up-to-date symlink: /home/kaduver4/ros2_ws/install/my_reactive_robot/share/my_reactive_robot/launch/my_gazebo.launch.xml
-- Up-to-date symlink: /home/kaduver4/ros2_ws/install/my_reactive_robot/share/my_reactive_robot/launch/test.launch.py
-- Up-to-date symlink: /home/kaduver4/ros2_ws/install/my_reactive_robot/share/my_reactive_robot/meshes/robot_base.stl
-- Up-to-date symlink: /home/kaduver4/ros2_ws/install/my_reactive_robot/share/my_reactive_robot/worlds/my_world.world
-- Up-to-date symlink: /home/kaduver4/ros2_ws/install/my_reactive_robot/share/my_reactive_robot/urdf/my_robot.urdf
-- Up-to-date symlink: /home/kaduver4/ros2_ws/install/my_reactive_robot/share/my_reactive_robot/rviz/rviz_basic_settings.rviz
-- Up-to-date symlink: /home/kaduver4/ros2_ws/install/my_reactive_robot/share/ament_index/resource_index/package_run_dependencies/my_reactive_robot
-- Up-to-date symlink: /home/kaduver4/ros2_ws/install/my_reactive_robot/share/ament_index/resource_index/parent_prefix_path/my_reactive_robot
-- Up-to-date symlink: /home/kaduver4/ros2_ws/install/my_reactive_robot/share/my_reactive_robot/environment/ament_prefix_path.sh
-- Up-to-date symlink: /home/kaduver4/ros2_ws/install/my_reactive_robot/share/my_reactive_robot/environment/ament_prefix_path.dsv
-- Up-to-date symlink: /home/kaduver4/ros2_ws/install/my_reactive_robot/share/my_reactive_robot/environment/path.sh
-- Up-to-date symlink: /home/kaduver4/ros2_ws/install/my_reactive_robot/share/my_reactive_robot/environment/path.dsv
-- Up-to-date symlink: /home/kaduver4/ros2_ws/install/my_reactive_robot/share/my_reactive_robot/local_setup.bash
-- Up-to-date symlink: /home/kaduver4/ros2_ws/install/my_reactive_robot/share/my_reactive_robot/local_setup.sh
-- Up-to-date symlink: /home/kaduver4/ros2_ws/install/my_reactive_robot/share/my_reactive_robot/local_setup.zsh
-- Up-to-date symlink: /home/kaduver4/ros2_ws/install/my_reactive_robot/share/my_reactive_robot/local_setup.dsv
-- Symlinking: /home/kaduver4/ros2_ws/install/my_reactive_robot/share/my_reactive_robot/package.dsv
-- Up-to-date symlink: /home/kaduver4/ros2_ws/install/my_reactive_robot/share/ament_index/resource_index/packages/my_reactive_robot
-- Up-to-date symlink: /home/kaduver4/ros2_ws/install/my_reactive_robot/share/my_reactive_robot/cmake/my_reactive_robotConfig.cmake
-- Up-to-date symlink: /home/kaduver4/ros2_ws/install/my_reactive_robot/share/my_reactive_robot/cmake/my_reactive_robotConfig-version.cmake
-- Up-to-date symlink: /home/kaduver4/ros2_ws/install/my_reactive_robot/share/my_reactive_robot/package.xml
