running develop
running egg_info
creating my_controller.egg-info
writing my_controller.egg-info/PKG-INFO
writing dependency_links to my_controller.egg-info/dependency_links.txt
writing entry points to my_controller.egg-info/entry_points.txt
writing requirements to my_controller.egg-info/requires.txt
writing top-level names to my_controller.egg-info/top_level.txt
writing manifest file 'my_controller.egg-info/SOURCES.txt'
reading manifest file 'my_controller.egg-info/SOURCES.txt'
writing manifest file 'my_controller.egg-info/SOURCES.txt'
running build_ext
Creating /home/kaduver4/ros2_ws/src/install/my_controller/lib/python3.10/site-packages/my-controller.egg-link (link to .)
Installing controller_node script to /home/kaduver4/ros2_ws/src/install/my_controller/lib/my_controller

Installed /home/kaduver4/ros2_ws/src/build/my_controller
running install_data
creating /home/kaduver4/ros2_ws/src/install/my_controller/share/ament_index
creating /home/kaduver4/ros2_ws/src/install/my_controller/share/ament_index/resource_index
creating /home/kaduver4/ros2_ws/src/install/my_controller/share/ament_index/resource_index/packages
copying resource/my_controller -> /home/kaduver4/ros2_ws/src/install/my_controller/share/ament_index/resource_index/packages
copying package.xml -> /home/kaduver4/ros2_ws/src/install/my_controller/share/my_controller
