[2.267s] Invoking command in '/home/kaduver4/ros2_ws/src/build/my_controller': PYTHONPATH=/home/kaduver4/ros2_ws/src/build/my_controller/prefix_override:/home/kaduver4/ros2_ws/src/install/my_controller/lib/python3.10/site-packages:${PYTHONPATH} /usr/bin/python3 setup.py develop --editable --build-directory /home/kaduver4/ros2_ws/src/build/my_controller/build --no-deps install_data
[3.094s] running develop
[3.717s] running egg_info
[3.717s] creating my_controller.egg-info
[3.717s] writing my_controller.egg-info/PKG-INFO
[3.719s] writing dependency_links to my_controller.egg-info/dependency_links.txt
[3.719s] writing entry points to my_controller.egg-info/entry_points.txt
[3.720s] writing requirements to my_controller.egg-info/requires.txt
[3.720s] writing top-level names to my_controller.egg-info/top_level.txt
[3.721s] writing manifest file 'my_controller.egg-info/SOURCES.txt'
[3.727s] reading manifest file 'my_controller.egg-info/SOURCES.txt'
[3.730s] writing manifest file 'my_controller.egg-info/SOURCES.txt'
[3.736s] running build_ext
[3.736s] Creating /home/kaduver4/ros2_ws/src/install/my_controller/lib/python3.10/site-packages/my-controller.egg-link (link to .)
[3.739s] Installing controller_node script to /home/kaduver4/ros2_ws/src/install/my_controller/lib/my_controller
[3.740s] 
[3.740s] Installed /home/kaduver4/ros2_ws/src/build/my_controller
[3.741s] running install_data
[3.741s] creating /home/kaduver4/ros2_ws/src/install/my_controller/share/ament_index
[3.744s] creating /home/kaduver4/ros2_ws/src/install/my_controller/share/ament_index/resource_index
[3.746s] creating /home/kaduver4/ros2_ws/src/install/my_controller/share/ament_index/resource_index/packages
[3.747s] copying resource/my_controller -> /home/kaduver4/ros2_ws/src/install/my_controller/share/ament_index/resource_index/packages
[3.748s] copying package.xml -> /home/kaduver4/ros2_ws/src/install/my_controller/share/my_controller
[3.921s] Invoked command in '/home/kaduver4/ros2_ws/src/build/my_controller' returned '0': PYTHONPATH=/home/kaduver4/ros2_ws/src/build/my_controller/prefix_override:/home/kaduver4/ros2_ws/src/install/my_controller/lib/python3.10/site-packages:${PYTHONPATH} /usr/bin/python3 setup.py develop --editable --build-directory /home/kaduver4/ros2_ws/src/build/my_controller/build --no-deps install_data
