[1.053s] Invoking command in '/home/kaduver4/ros2_ws/src/build/my_reactive_robot': CMAKE_PREFIX_PATH=${CMAKE_PREFIX_PATH}:/home/kaduver4/ros2_ws/install/my_controller:/opt/ros/humble /usr/bin/cmake /home/kaduver4/ros2_ws/src/my_reactive_robot -DAMENT_CMAKE_SYMLINK_INSTALL=1 -DCMAKE_INSTALL_PREFIX=/home/kaduver4/ros2_ws/src/install/my_reactive_robot
[1.243s] -- The C compiler identification is GNU 11.4.0
[1.412s] -- The CXX compiler identification is GNU 11.4.0
[1.433s] -- Detecting C compiler ABI info
[1.615s] -- Detecting C compiler ABI info - done
[1.641s] -- Check for working C compiler: /usr/bin/cc - skipped
[1.651s] -- Detecting C compile features
[1.653s] -- Detecting C compile features - done
[1.663s] -- Detecting CXX compiler ABI info
[1.857s] -- Detecting CXX compiler ABI info - done
[1.875s] -- Check for working CXX compiler: /usr/bin/c++ - skipped
[1.876s] -- Detecting CXX compile features
[1.877s] -- Detecting CXX compile features - done
[1.899s] -- Found ament_cmake: 1.3.5 (/opt/ros/humble/share/ament_cmake/cmake)
[2.346s] -- Found Python3: /usr/bin/python3.10 (found version "3.10.12") found components: Interpreter 
[2.504s] -- Override CMake install command with custom implementation using symlinks instead of copying resources
[2.596s] -- Found ament_lint_auto: 0.12.8 (/opt/ros/humble/share/ament_lint_auto/cmake)
[2.915s] -- Added test 'flake8' to check Python code syntax and style conventions
[2.918s] -- Added test 'lint_cmake' to check CMake code style
[2.920s] -- Added test 'pep257' to check Python code against some of the docstring style conventions in PEP 257
[2.924s] -- Added test 'xmllint' to check XML markup files
[2.946s] -- Configuring done
[2.966s] -- Generating done
[2.968s] -- Build files have been written to: /home/kaduver4/ros2_ws/src/build/my_reactive_robot
[2.986s] Invoked command in '/home/kaduver4/ros2_ws/src/build/my_reactive_robot' returned '0': CMAKE_PREFIX_PATH=${CMAKE_PREFIX_PATH}:/home/kaduver4/ros2_ws/install/my_controller:/opt/ros/humble /usr/bin/cmake /home/kaduver4/ros2_ws/src/my_reactive_robot -DAMENT_CMAKE_SYMLINK_INSTALL=1 -DCMAKE_INSTALL_PREFIX=/home/kaduver4/ros2_ws/src/install/my_reactive_robot
[2.992s] Invoking command in '/home/kaduver4/ros2_ws/src/build/my_reactive_robot': CMAKE_PREFIX_PATH=${CMAKE_PREFIX_PATH}:/home/kaduver4/ros2_ws/install/my_controller:/opt/ros/humble /usr/bin/cmake --build /home/kaduver4/ros2_ws/src/build/my_reactive_robot -- -j8 -l8
[3.142s] Invoked command in '/home/kaduver4/ros2_ws/src/build/my_reactive_robot' returned '0': CMAKE_PREFIX_PATH=${CMAKE_PREFIX_PATH}:/home/kaduver4/ros2_ws/install/my_controller:/opt/ros/humble /usr/bin/cmake --build /home/kaduver4/ros2_ws/src/build/my_reactive_robot -- -j8 -l8
[3.252s] Invoking command in '/home/kaduver4/ros2_ws/src/build/my_reactive_robot': CMAKE_PREFIX_PATH=${CMAKE_PREFIX_PATH}:/home/kaduver4/ros2_ws/install/my_controller:/opt/ros/humble /usr/bin/cmake --install /home/kaduver4/ros2_ws/src/build/my_reactive_robot
[3.278s] -- Install configuration: ""
[3.281s] -- Execute custom install script
[3.283s] -- Symlinking: /home/kaduver4/ros2_ws/src/install/my_reactive_robot/share/my_reactive_robot/launch/launch.py
[3.316s] -- Symlinking: /home/kaduver4/ros2_ws/src/install/my_reactive_robot/share/my_reactive_robot/worlds/my_world.world
[3.340s] -- Symlinking: /home/kaduver4/ros2_ws/src/install/my_reactive_robot/share/ament_index/resource_index/package_run_dependencies/my_reactive_robot
[3.364s] -- Symlinking: /home/kaduver4/ros2_ws/src/install/my_reactive_robot/share/ament_index/resource_index/parent_prefix_path/my_reactive_robot
[3.387s] -- Symlinking: /home/kaduver4/ros2_ws/src/install/my_reactive_robot/share/my_reactive_robot/environment/ament_prefix_path.sh
[3.412s] -- Symlinking: /home/kaduver4/ros2_ws/src/install/my_reactive_robot/share/my_reactive_robot/environment/ament_prefix_path.dsv
[3.437s] -- Symlinking: /home/kaduver4/ros2_ws/src/install/my_reactive_robot/share/my_reactive_robot/environment/path.sh
[3.475s] -- Symlinking: /home/kaduver4/ros2_ws/src/install/my_reactive_robot/share/my_reactive_robot/environment/path.dsv
[3.502s] -- Symlinking: /home/kaduver4/ros2_ws/src/install/my_reactive_robot/share/my_reactive_robot/local_setup.bash
[3.532s] -- Symlinking: /home/kaduver4/ros2_ws/src/install/my_reactive_robot/share/my_reactive_robot/local_setup.sh
[3.565s] -- Symlinking: /home/kaduver4/ros2_ws/src/install/my_reactive_robot/share/my_reactive_robot/local_setup.zsh
[3.589s] -- Symlinking: /home/kaduver4/ros2_ws/src/install/my_reactive_robot/share/my_reactive_robot/local_setup.dsv
[3.615s] -- Symlinking: /home/kaduver4/ros2_ws/src/install/my_reactive_robot/share/my_reactive_robot/package.dsv
[3.657s] -- Symlinking: /home/kaduver4/ros2_ws/src/install/my_reactive_robot/share/ament_index/resource_index/packages/my_reactive_robot
[3.691s] -- Symlinking: /home/kaduver4/ros2_ws/src/install/my_reactive_robot/share/my_reactive_robot/cmake/my_reactive_robotConfig.cmake
[3.724s] -- Symlinking: /home/kaduver4/ros2_ws/src/install/my_reactive_robot/share/my_reactive_robot/cmake/my_reactive_robotConfig-version.cmake
[3.762s] -- Symlinking: /home/kaduver4/ros2_ws/src/install/my_reactive_robot/share/my_reactive_robot/package.xml
[4.015s] Invoked command in '/home/kaduver4/ros2_ws/src/build/my_reactive_robot' returned '0': CMAKE_PREFIX_PATH=${CMAKE_PREFIX_PATH}:/home/kaduver4/ros2_ws/install/my_controller:/opt/ros/humble /usr/bin/cmake --install /home/kaduver4/ros2_ws/src/build/my_reactive_robot
