[1.376s] DEBUG:colcon:Command line arguments: ['/usr/bin/colcon', 'build', '--symlink-install']
[1.376s] DEBUG:colcon:Parsed command line arguments: Namespace(log_base=None, log_level=None, verb_name='build', build_base='build', install_base='install', merge_install=False, symlink_install=True, test_result_base=None, continue_on_error=False, executor='parallel', parallel_workers=8, event_handlers=None, ignore_user_meta=False, metas=['./colcon.meta'], base_paths=['.'], packages_ignore=None, packages_ignore_regex=None, paths=None, packages_up_to=None, packages_up_to_regex=None, packages_above=None, packages_above_and_dependencies=None, packages_above_depth=None, packages_select_by_dep=None, packages_skip_by_dep=None, packages_skip_up_to=None, packages_select_build_failed=False, packages_skip_build_finished=False, packages_select_test_failures=False, packages_skip_test_passed=False, packages_select=None, packages_skip=None, packages_select_regex=None, packages_skip_regex=None, packages_start=None, packages_end=None, allow_overriding=[], cmake_args=None, cmake_target=None, cmake_target_skip_unavailable=False, cmake_clean_cache=False, cmake_clean_first=False, cmake_force_configure=False, ament_cmake_args=None, catkin_cmake_args=None, catkin_skip_building_tests=False, verb_parser=<colcon_defaults.argument_parser.defaults.DefaultArgumentsDecorator object at 0x7f705a919510>, verb_extension=<colcon_core.verb.build.BuildVerb object at 0x7f705a91ab30>, main=<bound method BuildVerb.main of <colcon_core.verb.build.BuildVerb object at 0x7f705a91ab30>>)
[1.443s] Level 1:colcon.colcon_core.package_discovery:discover_packages(colcon_meta) check parameters
[1.443s] Level 1:colcon.colcon_core.package_discovery:discover_packages(recursive) check parameters
[1.443s] Level 1:colcon.colcon_core.package_discovery:discover_packages(ignore) check parameters
[1.443s] Level 1:colcon.colcon_core.package_discovery:discover_packages(path) check parameters
[1.443s] Level 1:colcon.colcon_core.package_discovery:discover_packages(colcon_meta) discover
[1.443s] Level 1:colcon.colcon_core.package_discovery:discover_packages(recursive) discover
[1.443s] INFO:colcon.colcon_core.package_discovery:Crawling recursively for packages in '/home/kaduver4/ros2_ws'
[1.443s] Level 1:colcon.colcon_core.package_identification:_identify(.) by extensions ['ignore', 'ignore_ament_install']
[1.443s] Level 1:colcon.colcon_core.package_identification:_identify(.) by extension 'ignore'
[1.443s] Level 1:colcon.colcon_core.package_identification:_identify(.) by extension 'ignore_ament_install'
[1.444s] Level 1:colcon.colcon_core.package_identification:_identify(.) by extensions ['colcon_pkg']
[1.444s] Level 1:colcon.colcon_core.package_identification:_identify(.) by extension 'colcon_pkg'
[1.444s] Level 1:colcon.colcon_core.package_identification:_identify(.) by extensions ['colcon_meta']
[1.444s] Level 1:colcon.colcon_core.package_identification:_identify(.) by extension 'colcon_meta'
[1.444s] Level 1:colcon.colcon_core.package_identification:_identify(.) by extensions ['ros']
[1.444s] Level 1:colcon.colcon_core.package_identification:_identify(.) by extension 'ros'
[1.456s] Level 1:colcon.colcon_core.package_identification:_identify(.) by extensions ['cmake', 'python']
[1.456s] Level 1:colcon.colcon_core.package_identification:_identify(.) by extension 'cmake'
[1.456s] Level 1:colcon.colcon_core.package_identification:_identify(.) by extension 'python'
[1.456s] Level 1:colcon.colcon_core.package_identification:_identify(.) by extensions ['python_setup_py']
[1.456s] Level 1:colcon.colcon_core.package_identification:_identify(.) by extension 'python_setup_py'
[1.456s] Level 1:colcon.colcon_core.package_identification:_identify(build) by extensions ['ignore', 'ignore_ament_install']
[1.456s] Level 1:colcon.colcon_core.package_identification:_identify(build) by extension 'ignore'
[1.456s] Level 1:colcon.colcon_core.package_identification:_identify(build) ignored
[1.457s] Level 1:colcon.colcon_core.package_identification:_identify(install) by extensions ['ignore', 'ignore_ament_install']
[1.457s] Level 1:colcon.colcon_core.package_identification:_identify(install) by extension 'ignore'
[1.457s] Level 1:colcon.colcon_core.package_identification:_identify(install) ignored
[1.457s] Level 1:colcon.colcon_core.package_identification:_identify(log) by extensions ['ignore', 'ignore_ament_install']
[1.457s] Level 1:colcon.colcon_core.package_identification:_identify(log) by extension 'ignore'
[1.457s] Level 1:colcon.colcon_core.package_identification:_identify(log) ignored
[1.457s] Level 1:colcon.colcon_core.package_identification:_identify(src) by extensions ['ignore', 'ignore_ament_install']
[1.457s] Level 1:colcon.colcon_core.package_identification:_identify(src) by extension 'ignore'
[1.457s] Level 1:colcon.colcon_core.package_identification:_identify(src) by extension 'ignore_ament_install'
[1.457s] Level 1:colcon.colcon_core.package_identification:_identify(src) by extensions ['colcon_pkg']
[1.457s] Level 1:colcon.colcon_core.package_identification:_identify(src) by extension 'colcon_pkg'
[1.457s] Level 1:colcon.colcon_core.package_identification:_identify(src) by extensions ['colcon_meta']
[1.457s] Level 1:colcon.colcon_core.package_identification:_identify(src) by extension 'colcon_meta'
[1.457s] Level 1:colcon.colcon_core.package_identification:_identify(src) by extensions ['ros']
[1.458s] Level 1:colcon.colcon_core.package_identification:_identify(src) by extension 'ros'
[1.458s] Level 1:colcon.colcon_core.package_identification:_identify(src) by extensions ['cmake', 'python']
[1.458s] Level 1:colcon.colcon_core.package_identification:_identify(src) by extension 'cmake'
[1.458s] Level 1:colcon.colcon_core.package_identification:_identify(src) by extension 'python'
[1.458s] Level 1:colcon.colcon_core.package_identification:_identify(src) by extensions ['python_setup_py']
[1.458s] Level 1:colcon.colcon_core.package_identification:_identify(src) by extension 'python_setup_py'
[1.458s] Level 1:colcon.colcon_core.package_identification:_identify(src/my_reactive_robot) by extensions ['ignore', 'ignore_ament_install']
[1.458s] Level 1:colcon.colcon_core.package_identification:_identify(src/my_reactive_robot) by extension 'ignore'
[1.458s] Level 1:colcon.colcon_core.package_identification:_identify(src/my_reactive_robot) by extension 'ignore_ament_install'
[1.458s] Level 1:colcon.colcon_core.package_identification:_identify(src/my_reactive_robot) by extensions ['colcon_pkg']
[1.458s] Level 1:colcon.colcon_core.package_identification:_identify(src/my_reactive_robot) by extension 'colcon_pkg'
[1.458s] Level 1:colcon.colcon_core.package_identification:_identify(src/my_reactive_robot) by extensions ['colcon_meta']
[1.458s] Level 1:colcon.colcon_core.package_identification:_identify(src/my_reactive_robot) by extension 'colcon_meta'
[1.458s] Level 1:colcon.colcon_core.package_identification:_identify(src/my_reactive_robot) by extensions ['ros']
[1.458s] Level 1:colcon.colcon_core.package_identification:_identify(src/my_reactive_robot) by extension 'ros'
[1.461s] DEBUG:colcon.colcon_core.package_identification:Package 'src/my_reactive_robot' with type 'ros.ament_cmake' and name 'my_reactive_robot'
[1.461s] Level 1:colcon.colcon_core.package_identification:_identify(src/my_reactive_robot_controller) by extensions ['ignore', 'ignore_ament_install']
[1.461s] Level 1:colcon.colcon_core.package_identification:_identify(src/my_reactive_robot_controller) by extension 'ignore'
[1.461s] Level 1:colcon.colcon_core.package_identification:_identify(src/my_reactive_robot_controller) by extension 'ignore_ament_install'
[1.461s] Level 1:colcon.colcon_core.package_identification:_identify(src/my_reactive_robot_controller) by extensions ['colcon_pkg']
[1.461s] Level 1:colcon.colcon_core.package_identification:_identify(src/my_reactive_robot_controller) by extension 'colcon_pkg'
[1.461s] Level 1:colcon.colcon_core.package_identification:_identify(src/my_reactive_robot_controller) by extensions ['colcon_meta']
[1.461s] Level 1:colcon.colcon_core.package_identification:_identify(src/my_reactive_robot_controller) by extension 'colcon_meta'
[1.461s] Level 1:colcon.colcon_core.package_identification:_identify(src/my_reactive_robot_controller) by extensions ['ros']
[1.462s] Level 1:colcon.colcon_core.package_identification:_identify(src/my_reactive_robot_controller) by extension 'ros'
[1.462s] DEBUG:colcon.colcon_core.package_identification:Package 'src/my_reactive_robot_controller' with type 'ros.ament_cmake' and name 'my_reactive_robot_controller'
[1.462s] Level 1:colcon.colcon_core.package_discovery:discover_packages(recursive) using defaults
[1.462s] Level 1:colcon.colcon_core.package_discovery:discover_packages(ignore) discover
[1.462s] Level 1:colcon.colcon_core.package_discovery:discover_packages(ignore) using defaults
[1.462s] Level 1:colcon.colcon_core.package_discovery:discover_packages(path) discover
[1.462s] Level 1:colcon.colcon_core.package_discovery:discover_packages(path) using defaults
[1.570s] Level 1:colcon.colcon_core.package_discovery:discover_packages(prefix_path) check parameters
[1.570s] Level 1:colcon.colcon_core.package_discovery:discover_packages(prefix_path) discover
[1.607s] DEBUG:colcon.colcon_installed_package_information.package_discovery:Found 1 installed packages in /home/kaduver4/ros2_ws/install
[1.626s] DEBUG:colcon.colcon_installed_package_information.package_discovery:Found 338 installed packages in /opt/ros/humble
[1.643s] Level 1:colcon.colcon_core.package_discovery:discover_packages(prefix_path) using defaults
[1.751s] Level 5:colcon.colcon_core.verb:set package 'my_reactive_robot' build argument 'cmake_args' from command line to 'None'
[1.751s] Level 5:colcon.colcon_core.verb:set package 'my_reactive_robot' build argument 'cmake_target' from command line to 'None'
[1.751s] Level 5:colcon.colcon_core.verb:set package 'my_reactive_robot' build argument 'cmake_target_skip_unavailable' from command line to 'False'
[1.751s] Level 5:colcon.colcon_core.verb:set package 'my_reactive_robot' build argument 'cmake_clean_cache' from command line to 'False'
[1.751s] Level 5:colcon.colcon_core.verb:set package 'my_reactive_robot' build argument 'cmake_clean_first' from command line to 'False'
[1.751s] Level 5:colcon.colcon_core.verb:set package 'my_reactive_robot' build argument 'cmake_force_configure' from command line to 'False'
[1.751s] Level 5:colcon.colcon_core.verb:set package 'my_reactive_robot' build argument 'ament_cmake_args' from command line to 'None'
[1.751s] Level 5:colcon.colcon_core.verb:set package 'my_reactive_robot' build argument 'catkin_cmake_args' from command line to 'None'
[1.751s] Level 5:colcon.colcon_core.verb:set package 'my_reactive_robot' build argument 'catkin_skip_building_tests' from command line to 'False'
[1.751s] DEBUG:colcon.colcon_core.verb:Building package 'my_reactive_robot' with the following arguments: {'ament_cmake_args': None, 'build_base': '/home/kaduver4/ros2_ws/build/my_reactive_robot', 'catkin_cmake_args': None, 'catkin_skip_building_tests': False, 'cmake_args': None, 'cmake_clean_cache': False, 'cmake_clean_first': False, 'cmake_force_configure': False, 'cmake_target': None, 'cmake_target_skip_unavailable': False, 'install_base': '/home/kaduver4/ros2_ws/install/my_reactive_robot', 'merge_install': False, 'path': '/home/kaduver4/ros2_ws/src/my_reactive_robot', 'symlink_install': True, 'test_result_base': None}
[1.769s] Level 5:colcon.colcon_core.verb:set package 'my_reactive_robot_controller' build argument 'cmake_args' from command line to 'None'
[1.769s] Level 5:colcon.colcon_core.verb:set package 'my_reactive_robot_controller' build argument 'cmake_target' from command line to 'None'
[1.769s] Level 5:colcon.colcon_core.verb:set package 'my_reactive_robot_controller' build argument 'cmake_target_skip_unavailable' from command line to 'False'
[1.769s] Level 5:colcon.colcon_core.verb:set package 'my_reactive_robot_controller' build argument 'cmake_clean_cache' from command line to 'False'
[1.769s] Level 5:colcon.colcon_core.verb:set package 'my_reactive_robot_controller' build argument 'cmake_clean_first' from command line to 'False'
[1.769s] Level 5:colcon.colcon_core.verb:set package 'my_reactive_robot_controller' build argument 'cmake_force_configure' from command line to 'False'
[1.769s] Level 5:colcon.colcon_core.verb:set package 'my_reactive_robot_controller' build argument 'ament_cmake_args' from command line to 'None'
[1.769s] Level 5:colcon.colcon_core.verb:set package 'my_reactive_robot_controller' build argument 'catkin_cmake_args' from command line to 'None'
[1.769s] Level 5:colcon.colcon_core.verb:set package 'my_reactive_robot_controller' build argument 'catkin_skip_building_tests' from command line to 'False'
[1.769s] DEBUG:colcon.colcon_core.verb:Building package 'my_reactive_robot_controller' with the following arguments: {'ament_cmake_args': None, 'build_base': '/home/kaduver4/ros2_ws/build/my_reactive_robot_controller', 'catkin_cmake_args': None, 'catkin_skip_building_tests': False, 'cmake_args': None, 'cmake_clean_cache': False, 'cmake_clean_first': False, 'cmake_force_configure': False, 'cmake_target': None, 'cmake_target_skip_unavailable': False, 'install_base': '/home/kaduver4/ros2_ws/install/my_reactive_robot_controller', 'merge_install': False, 'path': '/home/kaduver4/ros2_ws/src/my_reactive_robot_controller', 'symlink_install': True, 'test_result_base': None}
[1.787s] INFO:colcon.colcon_core.executor:Executing jobs using 'parallel' executor
[1.806s] DEBUG:colcon.colcon_parallel_executor.executor.parallel:run_until_complete
[1.806s] INFO:colcon.colcon_ros.task.ament_cmake.build:Building ROS package in '/home/kaduver4/ros2_ws/src/my_reactive_robot' with build type 'ament_cmake'
[1.806s] INFO:colcon.colcon_cmake.task.cmake.build:Building CMake package in '/home/kaduver4/ros2_ws/src/my_reactive_robot'
[1.838s] INFO:colcon.colcon_core.plugin_system:Skipping extension 'colcon_core.shell.bat': Not used on non-Windows systems
[1.838s] INFO:colcon.colcon_core.shell:Skip shell extension 'powershell' for command environment: Not usable outside of PowerShell
[1.838s] DEBUG:colcon.colcon_core.shell:Skip shell extension 'dsv' for command environment
[1.896s] INFO:colcon.colcon_ros.task.ament_cmake.build:Building ROS package in '/home/kaduver4/ros2_ws/src/my_reactive_robot_controller' with build type 'ament_cmake'
[1.896s] INFO:colcon.colcon_cmake.task.cmake.build:Building CMake package in '/home/kaduver4/ros2_ws/src/my_reactive_robot_controller'
[1.915s] INFO:colcon.colcon_core.shell:Skip shell extension 'powershell' for command environment: Not usable outside of PowerShell
[1.915s] DEBUG:colcon.colcon_core.shell:Skip shell extension 'dsv' for command environment
[1.987s] DEBUG:colcon.colcon_core.event_handler.log_command:Invoking command in '/home/kaduver4/ros2_ws/build/my_reactive_robot': CMAKE_PREFIX_PATH=${CMAKE_PREFIX_PATH}:/opt/ros/humble /usr/bin/cmake --build /home/kaduver4/ros2_ws/build/my_reactive_robot -- -j8 -l8
[1.991s] DEBUG:colcon.colcon_core.event_handler.log_command:Invoking command in '/home/kaduver4/ros2_ws/build/my_reactive_robot_controller': CMAKE_PREFIX_PATH=${CMAKE_PREFIX_PATH}:/opt/ros/humble /usr/bin/cmake /home/kaduver4/ros2_ws/src/my_reactive_robot_controller -DAMENT_CMAKE_SYMLINK_INSTALL=1 -DCMAKE_INSTALL_PREFIX=/home/kaduver4/ros2_ws/install/my_reactive_robot_controller
[2.062s] DEBUG:colcon.colcon_core.event_handler.log_command:Invoked command in '/home/kaduver4/ros2_ws/build/my_reactive_robot' returned '0': CMAKE_PREFIX_PATH=${CMAKE_PREFIX_PATH}:/opt/ros/humble /usr/bin/cmake --build /home/kaduver4/ros2_ws/build/my_reactive_robot -- -j8 -l8
[2.115s] DEBUG:colcon.colcon_core.event_handler.log_command:Invoking command in '/home/kaduver4/ros2_ws/build/my_reactive_robot': CMAKE_PREFIX_PATH=${CMAKE_PREFIX_PATH}:/opt/ros/humble /usr/bin/cmake --install /home/kaduver4/ros2_ws/build/my_reactive_robot
[2.147s] Level 1:colcon.colcon_core.environment:create_environment_scripts_only(my_reactive_robot)
[2.148s] DEBUG:colcon.colcon_core.event_handler.log_command:Invoked command in '/home/kaduver4/ros2_ws/build/my_reactive_robot' returned '0': CMAKE_PREFIX_PATH=${CMAKE_PREFIX_PATH}:/opt/ros/humble /usr/bin/cmake --install /home/kaduver4/ros2_ws/build/my_reactive_robot
[2.177s] Level 1:colcon.colcon_core.environment:checking '/home/kaduver4/ros2_ws/install/my_reactive_robot' for CMake module files
[2.178s] Level 1:colcon.colcon_core.environment:checking '/home/kaduver4/ros2_ws/install/my_reactive_robot' for CMake config files
[2.179s] Level 1:colcon.colcon_core.shell:create_environment_hook('my_reactive_robot', 'cmake_prefix_path')
[2.205s] INFO:colcon.colcon_core.shell:Creating environment hook '/home/kaduver4/ros2_ws/install/my_reactive_robot/share/my_reactive_robot/hook/cmake_prefix_path.ps1'
[2.206s] INFO:colcon.colcon_core.shell:Creating environment descriptor '/home/kaduver4/ros2_ws/install/my_reactive_robot/share/my_reactive_robot/hook/cmake_prefix_path.dsv'
[2.208s] INFO:colcon.colcon_core.shell:Creating environment hook '/home/kaduver4/ros2_ws/install/my_reactive_robot/share/my_reactive_robot/hook/cmake_prefix_path.sh'
[2.210s] Level 1:colcon.colcon_core.environment:checking '/home/kaduver4/ros2_ws/install/my_reactive_robot/bin'
[2.210s] Level 1:colcon.colcon_core.environment:checking '/home/kaduver4/ros2_ws/install/my_reactive_robot/lib/pkgconfig/my_reactive_robot.pc'
[2.210s] Level 1:colcon.colcon_core.environment:checking '/home/kaduver4/ros2_ws/install/my_reactive_robot/lib/python3.10/site-packages'
[2.210s] Level 1:colcon.colcon_core.environment:checking '/home/kaduver4/ros2_ws/install/my_reactive_robot/bin'
[2.236s] INFO:colcon.colcon_core.shell:Creating package script '/home/kaduver4/ros2_ws/install/my_reactive_robot/share/my_reactive_robot/package.ps1'
[2.237s] INFO:colcon.colcon_core.shell:Creating package descriptor '/home/kaduver4/ros2_ws/install/my_reactive_robot/share/my_reactive_robot/package.dsv'
[2.238s] INFO:colcon.colcon_core.shell:Creating package script '/home/kaduver4/ros2_ws/install/my_reactive_robot/share/my_reactive_robot/package.sh'
[2.239s] INFO:colcon.colcon_core.shell:Creating package script '/home/kaduver4/ros2_ws/install/my_reactive_robot/share/my_reactive_robot/package.bash'
[2.240s] INFO:colcon.colcon_core.shell:Creating package script '/home/kaduver4/ros2_ws/install/my_reactive_robot/share/my_reactive_robot/package.zsh'
[2.241s] Level 1:colcon.colcon_core.environment:create_file_with_runtime_dependencies(/home/kaduver4/ros2_ws/install/my_reactive_robot/share/colcon-core/packages/my_reactive_robot)
[2.297s] Level 1:colcon.colcon_core.environment:create_environment_scripts_only(my_reactive_robot)
[2.320s] Level 1:colcon.colcon_core.environment:checking '/home/kaduver4/ros2_ws/install/my_reactive_robot' for CMake module files
[2.321s] Level 1:colcon.colcon_core.environment:checking '/home/kaduver4/ros2_ws/install/my_reactive_robot' for CMake config files
[2.322s] Level 1:colcon.colcon_core.shell:create_environment_hook('my_reactive_robot', 'cmake_prefix_path')
[2.348s] INFO:colcon.colcon_core.shell:Creating environment hook '/home/kaduver4/ros2_ws/install/my_reactive_robot/share/my_reactive_robot/hook/cmake_prefix_path.ps1'
[2.348s] INFO:colcon.colcon_core.shell:Creating environment descriptor '/home/kaduver4/ros2_ws/install/my_reactive_robot/share/my_reactive_robot/hook/cmake_prefix_path.dsv'
[2.349s] INFO:colcon.colcon_core.shell:Creating environment hook '/home/kaduver4/ros2_ws/install/my_reactive_robot/share/my_reactive_robot/hook/cmake_prefix_path.sh'
[2.350s] Level 1:colcon.colcon_core.environment:checking '/home/kaduver4/ros2_ws/install/my_reactive_robot/bin'
[2.350s] Level 1:colcon.colcon_core.environment:checking '/home/kaduver4/ros2_ws/install/my_reactive_robot/lib/pkgconfig/my_reactive_robot.pc'
[2.350s] Level 1:colcon.colcon_core.environment:checking '/home/kaduver4/ros2_ws/install/my_reactive_robot/lib/python3.10/site-packages'
[2.350s] Level 1:colcon.colcon_core.environment:checking '/home/kaduver4/ros2_ws/install/my_reactive_robot/bin'
[2.374s] INFO:colcon.colcon_core.shell:Creating package script '/home/kaduver4/ros2_ws/install/my_reactive_robot/share/my_reactive_robot/package.ps1'
[2.374s] INFO:colcon.colcon_core.shell:Creating package descriptor '/home/kaduver4/ros2_ws/install/my_reactive_robot/share/my_reactive_robot/package.dsv'
[2.375s] INFO:colcon.colcon_core.shell:Creating package script '/home/kaduver4/ros2_ws/install/my_reactive_robot/share/my_reactive_robot/package.sh'
[2.376s] INFO:colcon.colcon_core.shell:Creating package script '/home/kaduver4/ros2_ws/install/my_reactive_robot/share/my_reactive_robot/package.bash'
[2.376s] INFO:colcon.colcon_core.shell:Creating package script '/home/kaduver4/ros2_ws/install/my_reactive_robot/share/my_reactive_robot/package.zsh'
[2.376s] Level 1:colcon.colcon_core.environment:create_file_with_runtime_dependencies(/home/kaduver4/ros2_ws/install/my_reactive_robot/share/colcon-core/packages/my_reactive_robot)
[2.964s] DEBUG:colcon.colcon_core.event_handler.log_command:Invoked command in '/home/kaduver4/ros2_ws/build/my_reactive_robot_controller' returned '0': CMAKE_PREFIX_PATH=${CMAKE_PREFIX_PATH}:/opt/ros/humble /usr/bin/cmake /home/kaduver4/ros2_ws/src/my_reactive_robot_controller -DAMENT_CMAKE_SYMLINK_INSTALL=1 -DCMAKE_INSTALL_PREFIX=/home/kaduver4/ros2_ws/install/my_reactive_robot_controller
[2.966s] DEBUG:colcon.colcon_core.event_handler.log_command:Invoking command in '/home/kaduver4/ros2_ws/build/my_reactive_robot_controller': CMAKE_PREFIX_PATH=${CMAKE_PREFIX_PATH}:/opt/ros/humble /usr/bin/cmake --build /home/kaduver4/ros2_ws/build/my_reactive_robot_controller -- -j8 -l8
[3.017s] DEBUG:colcon.colcon_core.event_handler.log_command:Invoked command in '/home/kaduver4/ros2_ws/build/my_reactive_robot_controller' returned '0': CMAKE_PREFIX_PATH=${CMAKE_PREFIX_PATH}:/opt/ros/humble /usr/bin/cmake --build /home/kaduver4/ros2_ws/build/my_reactive_robot_controller -- -j8 -l8
[3.049s] DEBUG:colcon.colcon_core.event_handler.log_command:Invoking command in '/home/kaduver4/ros2_ws/build/my_reactive_robot_controller': CMAKE_PREFIX_PATH=${CMAKE_PREFIX_PATH}:/opt/ros/humble /usr/bin/cmake --install /home/kaduver4/ros2_ws/build/my_reactive_robot_controller
[3.241s] Level 1:colcon.colcon_core.environment:create_environment_scripts_only(my_reactive_robot_controller)
[3.242s] DEBUG:colcon.colcon_core.event_handler.log_command:Invoked command in '/home/kaduver4/ros2_ws/build/my_reactive_robot_controller' returned '0': CMAKE_PREFIX_PATH=${CMAKE_PREFIX_PATH}:/opt/ros/humble /usr/bin/cmake --install /home/kaduver4/ros2_ws/build/my_reactive_robot_controller
[3.264s] Level 1:colcon.colcon_core.environment:checking '/home/kaduver4/ros2_ws/install/my_reactive_robot_controller' for CMake module files
[3.264s] Level 1:colcon.colcon_core.environment:checking '/home/kaduver4/ros2_ws/install/my_reactive_robot_controller' for CMake config files
[3.265s] Level 1:colcon.colcon_core.shell:create_environment_hook('my_reactive_robot_controller', 'cmake_prefix_path')
[3.283s] INFO:colcon.colcon_core.shell:Creating environment hook '/home/kaduver4/ros2_ws/install/my_reactive_robot_controller/share/my_reactive_robot_controller/hook/cmake_prefix_path.ps1'
[3.284s] INFO:colcon.colcon_core.shell:Creating environment descriptor '/home/kaduver4/ros2_ws/install/my_reactive_robot_controller/share/my_reactive_robot_controller/hook/cmake_prefix_path.dsv'
[3.284s] INFO:colcon.colcon_core.shell:Creating environment hook '/home/kaduver4/ros2_ws/install/my_reactive_robot_controller/share/my_reactive_robot_controller/hook/cmake_prefix_path.sh'
[3.284s] Level 1:colcon.colcon_core.environment:checking '/home/kaduver4/ros2_ws/install/my_reactive_robot_controller/bin'
[3.285s] Level 1:colcon.colcon_core.environment:checking '/home/kaduver4/ros2_ws/install/my_reactive_robot_controller/lib/pkgconfig/my_reactive_robot_controller.pc'
[3.285s] Level 1:colcon.colcon_core.environment:checking '/home/kaduver4/ros2_ws/install/my_reactive_robot_controller/lib/python3.10/site-packages'
[3.285s] Level 1:colcon.colcon_core.environment:checking '/home/kaduver4/ros2_ws/install/my_reactive_robot_controller/bin'
[3.303s] INFO:colcon.colcon_core.shell:Creating package script '/home/kaduver4/ros2_ws/install/my_reactive_robot_controller/share/my_reactive_robot_controller/package.ps1'
[3.304s] INFO:colcon.colcon_core.shell:Creating package descriptor '/home/kaduver4/ros2_ws/install/my_reactive_robot_controller/share/my_reactive_robot_controller/package.dsv'
[3.304s] INFO:colcon.colcon_core.shell:Creating package script '/home/kaduver4/ros2_ws/install/my_reactive_robot_controller/share/my_reactive_robot_controller/package.sh'
[3.304s] INFO:colcon.colcon_core.shell:Creating package script '/home/kaduver4/ros2_ws/install/my_reactive_robot_controller/share/my_reactive_robot_controller/package.bash'
[3.305s] INFO:colcon.colcon_core.shell:Creating package script '/home/kaduver4/ros2_ws/install/my_reactive_robot_controller/share/my_reactive_robot_controller/package.zsh'
[3.305s] Level 1:colcon.colcon_core.environment:create_file_with_runtime_dependencies(/home/kaduver4/ros2_ws/install/my_reactive_robot_controller/share/colcon-core/packages/my_reactive_robot_controller)
[3.358s] Level 1:colcon.colcon_core.environment:create_environment_scripts_only(my_reactive_robot_controller)
[3.380s] Level 1:colcon.colcon_core.environment:checking '/home/kaduver4/ros2_ws/install/my_reactive_robot_controller' for CMake module files
[3.381s] Level 1:colcon.colcon_core.environment:checking '/home/kaduver4/ros2_ws/install/my_reactive_robot_controller' for CMake config files
[3.381s] Level 1:colcon.colcon_core.shell:create_environment_hook('my_reactive_robot_controller', 'cmake_prefix_path')
[3.403s] INFO:colcon.colcon_core.shell:Creating environment hook '/home/kaduver4/ros2_ws/install/my_reactive_robot_controller/share/my_reactive_robot_controller/hook/cmake_prefix_path.ps1'
[3.403s] INFO:colcon.colcon_core.shell:Creating environment descriptor '/home/kaduver4/ros2_ws/install/my_reactive_robot_controller/share/my_reactive_robot_controller/hook/cmake_prefix_path.dsv'
[3.404s] INFO:colcon.colcon_core.shell:Creating environment hook '/home/kaduver4/ros2_ws/install/my_reactive_robot_controller/share/my_reactive_robot_controller/hook/cmake_prefix_path.sh'
[3.404s] Level 1:colcon.colcon_core.environment:checking '/home/kaduver4/ros2_ws/install/my_reactive_robot_controller/bin'
[3.404s] Level 1:colcon.colcon_core.environment:checking '/home/kaduver4/ros2_ws/install/my_reactive_robot_controller/lib/pkgconfig/my_reactive_robot_controller.pc'
[3.404s] Level 1:colcon.colcon_core.environment:checking '/home/kaduver4/ros2_ws/install/my_reactive_robot_controller/lib/python3.10/site-packages'
[3.405s] Level 1:colcon.colcon_core.environment:checking '/home/kaduver4/ros2_ws/install/my_reactive_robot_controller/bin'
[3.424s] INFO:colcon.colcon_core.shell:Creating package script '/home/kaduver4/ros2_ws/install/my_reactive_robot_controller/share/my_reactive_robot_controller/package.ps1'
[3.424s] INFO:colcon.colcon_core.shell:Creating package descriptor '/home/kaduver4/ros2_ws/install/my_reactive_robot_controller/share/my_reactive_robot_controller/package.dsv'
[3.425s] INFO:colcon.colcon_core.shell:Creating package script '/home/kaduver4/ros2_ws/install/my_reactive_robot_controller/share/my_reactive_robot_controller/package.sh'
[3.425s] INFO:colcon.colcon_core.shell:Creating package script '/home/kaduver4/ros2_ws/install/my_reactive_robot_controller/share/my_reactive_robot_controller/package.bash'
[3.425s] INFO:colcon.colcon_core.shell:Creating package script '/home/kaduver4/ros2_ws/install/my_reactive_robot_controller/share/my_reactive_robot_controller/package.zsh'
[3.426s] Level 1:colcon.colcon_core.environment:create_file_with_runtime_dependencies(/home/kaduver4/ros2_ws/install/my_reactive_robot_controller/share/colcon-core/packages/my_reactive_robot_controller)
[3.426s] DEBUG:colcon.colcon_parallel_executor.executor.parallel:closing loop
[3.426s] DEBUG:colcon.colcon_parallel_executor.executor.parallel:loop closed
[3.426s] DEBUG:colcon.colcon_parallel_executor.executor.parallel:run_until_complete finished with '0'
[3.426s] DEBUG:colcon.colcon_core.event_reactor:joining thread
[3.459s] INFO:colcon.colcon_core.plugin_system:Skipping extension 'colcon_notification.desktop_notification.terminal_notifier': Not used on non-Darwin systems
[3.459s] INFO:colcon.colcon_core.plugin_system:Skipping extension 'colcon_notification.desktop_notification.win32': Not used on non-Windows systems
[3.459s] INFO:colcon.colcon_notification.desktop_notification:Sending desktop notification using 'notify2'
[3.475s] DEBUG:colcon.colcon_core.event_reactor:joined thread
[3.500s] INFO:colcon.colcon_core.shell:Creating prefix script '/home/kaduver4/ros2_ws/install/local_setup.ps1'
[3.502s] INFO:colcon.colcon_core.shell:Creating prefix util module '/home/kaduver4/ros2_ws/install/_local_setup_util_ps1.py'
[3.503s] INFO:colcon.colcon_core.shell:Creating prefix chain script '/home/kaduver4/ros2_ws/install/setup.ps1'
[3.528s] INFO:colcon.colcon_core.shell:Creating prefix script '/home/kaduver4/ros2_ws/install/local_setup.sh'
[3.529s] INFO:colcon.colcon_core.shell:Creating prefix util module '/home/kaduver4/ros2_ws/install/_local_setup_util_sh.py'
[3.529s] INFO:colcon.colcon_core.shell:Creating prefix chain script '/home/kaduver4/ros2_ws/install/setup.sh'
[3.552s] INFO:colcon.colcon_core.shell:Creating prefix script '/home/kaduver4/ros2_ws/install/local_setup.bash'
[3.552s] INFO:colcon.colcon_core.shell:Creating prefix chain script '/home/kaduver4/ros2_ws/install/setup.bash'
[3.575s] INFO:colcon.colcon_core.shell:Creating prefix script '/home/kaduver4/ros2_ws/install/local_setup.zsh'
[3.576s] INFO:colcon.colcon_core.shell:Creating prefix chain script '/home/kaduver4/ros2_ws/install/setup.zsh'
