[0.094s] Invoking command in '/home/kaduver4/ros2_ws/build/my_reactive_robot_controller': CMAKE_PREFIX_PATH=${CMAKE_PREFIX_PATH}:/opt/ros/humble /usr/bin/cmake /home/kaduver4/ros2_ws/src/my_reactive_robot_controller -DAMENT_CMAKE_SYMLINK_INSTALL=1 -DCMAKE_INSTALL_PREFIX=/home/kaduver4/ros2_ws/install/my_reactive_robot_controller
[0.219s] -- The C compiler identification is GNU 11.4.0
[0.320s] -- The CXX compiler identification is GNU 11.4.0
[0.336s] -- Detecting C compiler ABI info
[0.433s] -- Detecting C compiler ABI info - done
[0.443s] -- Check for working C compiler: /usr/bin/cc - skipped
[0.443s] -- Detecting C compile features
[0.444s] -- Detecting C compile features - done
[0.452s] -- Detecting CXX compiler ABI info
[0.558s] -- Detecting CXX compiler ABI info - done
[0.569s] -- Check for working CXX compiler: /usr/bin/c++ - skipped
[0.570s] -- Detecting CXX compile features
[0.570s] -- Detecting CXX compile features - done
[0.575s] -- Found ament_cmake: 1.3.5 (/opt/ros/humble/share/ament_cmake/cmake)
[0.827s] -- Found Python3: /usr/bin/python3.10 (found version "3.10.12") found components: Interpreter 
[0.902s] -- Override CMake install command with custom implementation using symlinks instead of copying resources
[0.946s] -- Found ament_lint_auto: 0.12.8 (/opt/ros/humble/share/ament_lint_auto/cmake)
[1.052s] -- Added test 'flake8' to check Python code syntax and style conventions
[1.053s] -- Added test 'lint_cmake' to check CMake code style
[1.054s] -- Added test 'pep257' to check Python code against some of the docstring style conventions in PEP 257
[1.055s] -- Added test 'xmllint' to check XML markup files
[1.057s] -- Configuring done
[1.061s] -- Generating done
[1.061s] -- Build files have been written to: /home/kaduver4/ros2_ws/build/my_reactive_robot_controller
[1.067s] Invoked command in '/home/kaduver4/ros2_ws/build/my_reactive_robot_controller' returned '0': CMAKE_PREFIX_PATH=${CMAKE_PREFIX_PATH}:/opt/ros/humble /usr/bin/cmake /home/kaduver4/ros2_ws/src/my_reactive_robot_controller -DAMENT_CMAKE_SYMLINK_INSTALL=1 -DCMAKE_INSTALL_PREFIX=/home/kaduver4/ros2_ws/install/my_reactive_robot_controller
[1.070s] Invoking command in '/home/kaduver4/ros2_ws/build/my_reactive_robot_controller': CMAKE_PREFIX_PATH=${CMAKE_PREFIX_PATH}:/opt/ros/humble /usr/bin/cmake --build /home/kaduver4/ros2_ws/build/my_reactive_robot_controller -- -j8 -l8
[1.120s] Invoked command in '/home/kaduver4/ros2_ws/build/my_reactive_robot_controller' returned '0': CMAKE_PREFIX_PATH=${CMAKE_PREFIX_PATH}:/opt/ros/humble /usr/bin/cmake --build /home/kaduver4/ros2_ws/build/my_reactive_robot_controller -- -j8 -l8
[1.153s] Invoking command in '/home/kaduver4/ros2_ws/build/my_reactive_robot_controller': CMAKE_PREFIX_PATH=${CMAKE_PREFIX_PATH}:/opt/ros/humble /usr/bin/cmake --install /home/kaduver4/ros2_ws/build/my_reactive_robot_controller
[1.162s] -- Install configuration: ""
[1.163s] -- Execute custom install script
[1.163s] -- Symlinking: /home/kaduver4/ros2_ws/install/my_reactive_robot_controller/share/ament_index/resource_index/package_run_dependencies/my_reactive_robot_controller
[1.176s] -- Symlinking: /home/kaduver4/ros2_ws/install/my_reactive_robot_controller/share/ament_index/resource_index/parent_prefix_path/my_reactive_robot_controller
[1.186s] -- Symlinking: /home/kaduver4/ros2_ws/install/my_reactive_robot_controller/share/my_reactive_robot_controller/environment/ament_prefix_path.sh
[1.199s] -- Symlinking: /home/kaduver4/ros2_ws/install/my_reactive_robot_controller/share/my_reactive_robot_controller/environment/ament_prefix_path.dsv
[1.211s] -- Symlinking: /home/kaduver4/ros2_ws/install/my_reactive_robot_controller/share/my_reactive_robot_controller/environment/path.sh
[1.224s] -- Symlinking: /home/kaduver4/ros2_ws/install/my_reactive_robot_controller/share/my_reactive_robot_controller/environment/path.dsv
[1.236s] -- Symlinking: /home/kaduver4/ros2_ws/install/my_reactive_robot_controller/share/my_reactive_robot_controller/local_setup.bash
[1.250s] -- Symlinking: /home/kaduver4/ros2_ws/install/my_reactive_robot_controller/share/my_reactive_robot_controller/local_setup.sh
[1.262s] -- Symlinking: /home/kaduver4/ros2_ws/install/my_reactive_robot_controller/share/my_reactive_robot_controller/local_setup.zsh
[1.275s] -- Symlinking: /home/kaduver4/ros2_ws/install/my_reactive_robot_controller/share/my_reactive_robot_controller/local_setup.dsv
[1.286s] -- Symlinking: /home/kaduver4/ros2_ws/install/my_reactive_robot_controller/share/my_reactive_robot_controller/package.dsv
[1.297s] -- Symlinking: /home/kaduver4/ros2_ws/install/my_reactive_robot_controller/share/ament_index/resource_index/packages/my_reactive_robot_controller
[1.308s] -- Symlinking: /home/kaduver4/ros2_ws/install/my_reactive_robot_controller/share/my_reactive_robot_controller/cmake/my_reactive_robot_controllerConfig.cmake
[1.319s] -- Symlinking: /home/kaduver4/ros2_ws/install/my_reactive_robot_controller/share/my_reactive_robot_controller/cmake/my_reactive_robot_controllerConfig-version.cmake
[1.330s] -- Symlinking: /home/kaduver4/ros2_ws/install/my_reactive_robot_controller/share/my_reactive_robot_controller/package.xml
[1.345s] Invoked command in '/home/kaduver4/ros2_ws/build/my_reactive_robot_controller' returned '0': CMAKE_PREFIX_PATH=${CMAKE_PREFIX_PATH}:/opt/ros/humble /usr/bin/cmake --install /home/kaduver4/ros2_ws/build/my_reactive_robot_controller
