-- Found ament_cmake: 1.3.5 (/opt/ros/humble/share/ament_cmake/cmake)
-- Override CMake install command with custom implementation using symlinks instead of copying resources
-- Found ament_lint_auto: 0.12.8 (/opt/ros/humble/share/ament_lint_auto/cmake)
-- Added test 'flake8' to check Python code syntax and style conventions
-- Added test 'lint_cmake' to check CMake code style
-- Added test 'pep257' to check Python code against some of the docstring style conventions in PEP 257
-- Added test 'xmllint' to check XML markup files
-- Configuring done
-- Generating done
-- Build files have been written to: /home/kaduver4/ros2_ws/build/my_reactive_robot_controller
-- Install configuration: ""
-- Execute custom install script
-- Up-to-date symlink: /home/kaduver4/ros2_ws/install/my_reactive_robot_controller/share/ament_index/resource_index/package_run_dependencies/my_reactive_robot_controller
-- Up-to-date symlink: /home/kaduver4/ros2_ws/install/my_reactive_robot_controller/share/ament_index/resource_index/parent_prefix_path/my_reactive_robot_controller
-- Up-to-date symlink: /home/kaduver4/ros2_ws/install/my_reactive_robot_controller/share/my_reactive_robot_controller/environment/ament_prefix_path.sh
-- Up-to-date symlink: /home/kaduver4/ros2_ws/install/my_reactive_robot_controller/share/my_reactive_robot_controller/environment/ament_prefix_path.dsv
-- Up-to-date symlink: /home/kaduver4/ros2_ws/install/my_reactive_robot_controller/share/my_reactive_robot_controller/environment/path.sh
-- Up-to-date symlink: /home/kaduver4/ros2_ws/install/my_reactive_robot_controller/share/my_reactive_robot_controller/environment/path.dsv
-- Up-to-date symlink: /home/kaduver4/ros2_ws/install/my_reactive_robot_controller/share/my_reactive_robot_controller/local_setup.bash
-- Up-to-date symlink: /home/kaduver4/ros2_ws/install/my_reactive_robot_controller/share/my_reactive_robot_controller/local_setup.sh
-- Up-to-date symlink: /home/kaduver4/ros2_ws/install/my_reactive_robot_controller/share/my_reactive_robot_controller/local_setup.zsh
-- Up-to-date symlink: /home/kaduver4/ros2_ws/install/my_reactive_robot_controller/share/my_reactive_robot_controller/local_setup.dsv
-- Symlinking: /home/kaduver4/ros2_ws/install/my_reactive_robot_controller/share/my_reactive_robot_controller/package.dsv
-- Up-to-date symlink: /home/kaduver4/ros2_ws/install/my_reactive_robot_controller/share/ament_index/resource_index/packages/my_reactive_robot_controller
-- Up-to-date symlink: /home/kaduver4/ros2_ws/install/my_reactive_robot_controller/share/my_reactive_robot_controller/cmake/my_reactive_robot_controllerConfig.cmake
-- Up-to-date symlink: /home/kaduver4/ros2_ws/install/my_reactive_robot_controller/share/my_reactive_robot_controller/cmake/my_reactive_robot_controllerConfig-version.cmake
-- Up-to-date symlink: /home/kaduver4/ros2_ws/install/my_reactive_robot_controller/share/my_reactive_robot_controller/package.xml
