[0.167s] Invoking command in '/home/kaduver4/ros2_ws/build/my_reactive_robot_controller': CMAKE_PREFIX_PATH=${CMAKE_PREFIX_PATH}:/opt/ros/humble /usr/bin/cmake --build /home/kaduver4/ros2_ws/build/my_reactive_robot_controller -- -j8 -l8
[0.227s] -- Found ament_cmake: 1.3.5 (/opt/ros/humble/share/ament_cmake/cmake)
[0.488s] -- Override CMake install command with custom implementation using symlinks instead of copying resources
[0.518s] -- Found ament_lint_auto: 0.12.8 (/opt/ros/humble/share/ament_lint_auto/cmake)
[0.766s] -- Added test 'flake8' to check Python code syntax and style conventions
[0.767s] -- Added test 'lint_cmake' to check CMake code style
[0.768s] -- Added test 'pep257' to check Python code against some of the docstring style conventions in PEP 257
[0.770s] -- Added test 'xmllint' to check XML markup files
[0.773s] -- Configuring done
[0.781s] -- Generating done
[0.782s] -- Build files have been written to: /home/kaduver4/ros2_ws/build/my_reactive_robot_controller
[0.820s] Invoked command in '/home/kaduver4/ros2_ws/build/my_reactive_robot_controller' returned '0': CMAKE_PREFIX_PATH=${CMAKE_PREFIX_PATH}:/opt/ros/humble /usr/bin/cmake --build /home/kaduver4/ros2_ws/build/my_reactive_robot_controller -- -j8 -l8
[0.861s] Invoking command in '/home/kaduver4/ros2_ws/build/my_reactive_robot_controller': CMAKE_PREFIX_PATH=${CMAKE_PREFIX_PATH}:/opt/ros/humble /usr/bin/cmake --install /home/kaduver4/ros2_ws/build/my_reactive_robot_controller
[0.872s] -- Install configuration: ""
[0.873s] -- Execute custom install script
[0.874s] -- Up-to-date symlink: /home/kaduver4/ros2_ws/install/my_reactive_robot_controller/share/ament_index/resource_index/package_run_dependencies/my_reactive_robot_controller
[0.874s] -- Up-to-date symlink: /home/kaduver4/ros2_ws/install/my_reactive_robot_controller/share/ament_index/resource_index/parent_prefix_path/my_reactive_robot_controller
[0.874s] -- Up-to-date symlink: /home/kaduver4/ros2_ws/install/my_reactive_robot_controller/share/my_reactive_robot_controller/environment/ament_prefix_path.sh
[0.875s] -- Up-to-date symlink: /home/kaduver4/ros2_ws/install/my_reactive_robot_controller/share/my_reactive_robot_controller/environment/ament_prefix_path.dsv
[0.875s] -- Up-to-date symlink: /home/kaduver4/ros2_ws/install/my_reactive_robot_controller/share/my_reactive_robot_controller/environment/path.sh
[0.875s] -- Up-to-date symlink: /home/kaduver4/ros2_ws/install/my_reactive_robot_controller/share/my_reactive_robot_controller/environment/path.dsv
[0.876s] -- Up-to-date symlink: /home/kaduver4/ros2_ws/install/my_reactive_robot_controller/share/my_reactive_robot_controller/local_setup.bash
[0.876s] -- Up-to-date symlink: /home/kaduver4/ros2_ws/install/my_reactive_robot_controller/share/my_reactive_robot_controller/local_setup.sh
[0.876s] -- Up-to-date symlink: /home/kaduver4/ros2_ws/install/my_reactive_robot_controller/share/my_reactive_robot_controller/local_setup.zsh
[0.877s] -- Up-to-date symlink: /home/kaduver4/ros2_ws/install/my_reactive_robot_controller/share/my_reactive_robot_controller/local_setup.dsv
[0.877s] -- Symlinking: /home/kaduver4/ros2_ws/install/my_reactive_robot_controller/share/my_reactive_robot_controller/package.dsv
[0.893s] -- Up-to-date symlink: /home/kaduver4/ros2_ws/install/my_reactive_robot_controller/share/ament_index/resource_index/packages/my_reactive_robot_controller
[0.893s] -- Up-to-date symlink: /home/kaduver4/ros2_ws/install/my_reactive_robot_controller/share/my_reactive_robot_controller/cmake/my_reactive_robot_controllerConfig.cmake
[0.893s] -- Up-to-date symlink: /home/kaduver4/ros2_ws/install/my_reactive_robot_controller/share/my_reactive_robot_controller/cmake/my_reactive_robot_controllerConfig-version.cmake
[0.893s] -- Up-to-date symlink: /home/kaduver4/ros2_ws/install/my_reactive_robot_controller/share/my_reactive_robot_controller/package.xml
[0.898s] Invoked command in '/home/kaduver4/ros2_ws/build/my_reactive_robot_controller' returned '0': CMAKE_PREFIX_PATH=${CMAKE_PREFIX_PATH}:/opt/ros/humble /usr/bin/cmake --install /home/kaduver4/ros2_ws/build/my_reactive_robot_controller
