[2.493s] DEBUG:colcon:Command line arguments: ['/usr/bin/colcon', 'build', '--symlink-install']
[2.493s] DEBUG:colcon:Parsed command line arguments: Namespace(log_base=None, log_level=None, verb_name='build', build_base='build', install_base='install', merge_install=False, symlink_install=True, test_result_base=None, continue_on_error=False, executor='parallel', parallel_workers=8, event_handlers=None, ignore_user_meta=False, metas=['./colcon.meta'], base_paths=['.'], packages_ignore=None, packages_ignore_regex=None, paths=None, packages_up_to=None, packages_up_to_regex=None, packages_above=None, packages_above_and_dependencies=None, packages_above_depth=None, packages_select_by_dep=None, packages_skip_by_dep=None, packages_skip_up_to=None, packages_select_build_failed=False, packages_skip_build_finished=False, packages_select_test_failures=False, packages_skip_test_passed=False, packages_select=None, packages_skip=None, packages_select_regex=None, packages_skip_regex=None, packages_start=None, packages_end=None, allow_overriding=[], cmake_args=None, cmake_target=None, cmake_target_skip_unavailable=False, cmake_clean_cache=False, cmake_clean_first=False, cmake_force_configure=False, ament_cmake_args=None, catkin_cmake_args=None, catkin_skip_building_tests=False, verb_parser=<colcon_defaults.argument_parser.defaults.DefaultArgumentsDecorator object at 0x7f24909160b0>, verb_extension=<colcon_core.verb.build.BuildVerb object at 0x7f2490916c50>, main=<bound method BuildVerb.main of <colcon_core.verb.build.BuildVerb object at 0x7f2490916c50>>)
[2.596s] Level 1:colcon.colcon_core.package_discovery:discover_packages(colcon_meta) check parameters
[2.597s] Level 1:colcon.colcon_core.package_discovery:discover_packages(recursive) check parameters
[2.597s] Level 1:colcon.colcon_core.package_discovery:discover_packages(ignore) check parameters
[2.597s] Level 1:colcon.colcon_core.package_discovery:discover_packages(path) check parameters
[2.597s] Level 1:colcon.colcon_core.package_discovery:discover_packages(colcon_meta) discover
[2.597s] Level 1:colcon.colcon_core.package_discovery:discover_packages(recursive) discover
[2.597s] INFO:colcon.colcon_core.package_discovery:Crawling recursively for packages in '/home/kaduver4/ros2_ws'
[2.597s] Level 1:colcon.colcon_core.package_identification:_identify(.) by extensions ['ignore', 'ignore_ament_install']
[2.598s] Level 1:colcon.colcon_core.package_identification:_identify(.) by extension 'ignore'
[2.598s] Level 1:colcon.colcon_core.package_identification:_identify(.) by extension 'ignore_ament_install'
[2.598s] Level 1:colcon.colcon_core.package_identification:_identify(.) by extensions ['colcon_pkg']
[2.598s] Level 1:colcon.colcon_core.package_identification:_identify(.) by extension 'colcon_pkg'
[2.598s] Level 1:colcon.colcon_core.package_identification:_identify(.) by extensions ['colcon_meta']
[2.598s] Level 1:colcon.colcon_core.package_identification:_identify(.) by extension 'colcon_meta'
[2.598s] Level 1:colcon.colcon_core.package_identification:_identify(.) by extensions ['ros']
[2.598s] Level 1:colcon.colcon_core.package_identification:_identify(.) by extension 'ros'
[2.622s] Level 1:colcon.colcon_core.package_identification:_identify(.) by extensions ['cmake', 'python']
[2.622s] Level 1:colcon.colcon_core.package_identification:_identify(.) by extension 'cmake'
[2.623s] Level 1:colcon.colcon_core.package_identification:_identify(.) by extension 'python'
[2.623s] Level 1:colcon.colcon_core.package_identification:_identify(.) by extensions ['python_setup_py']
[2.623s] Level 1:colcon.colcon_core.package_identification:_identify(.) by extension 'python_setup_py'
[2.623s] Level 1:colcon.colcon_core.package_identification:_identify(build) by extensions ['ignore', 'ignore_ament_install']
[2.623s] Level 1:colcon.colcon_core.package_identification:_identify(build) by extension 'ignore'
[2.623s] Level 1:colcon.colcon_core.package_identification:_identify(build) ignored
[2.624s] Level 1:colcon.colcon_core.package_identification:_identify(install) by extensions ['ignore', 'ignore_ament_install']
[2.624s] Level 1:colcon.colcon_core.package_identification:_identify(install) by extension 'ignore'
[2.624s] Level 1:colcon.colcon_core.package_identification:_identify(install) ignored
[2.624s] Level 1:colcon.colcon_core.package_identification:_identify(log) by extensions ['ignore', 'ignore_ament_install']
[2.624s] Level 1:colcon.colcon_core.package_identification:_identify(log) by extension 'ignore'
[2.624s] Level 1:colcon.colcon_core.package_identification:_identify(log) ignored
[2.634s] Level 1:colcon.colcon_core.package_identification:_identify(media) by extensions ['ignore', 'ignore_ament_install']
[2.635s] Level 1:colcon.colcon_core.package_identification:_identify(media) by extension 'ignore'
[2.635s] Level 1:colcon.colcon_core.package_identification:_identify(media) by extension 'ignore_ament_install'
[2.635s] Level 1:colcon.colcon_core.package_identification:_identify(media) by extensions ['colcon_pkg']
[2.635s] Level 1:colcon.colcon_core.package_identification:_identify(media) by extension 'colcon_pkg'
[2.635s] Level 1:colcon.colcon_core.package_identification:_identify(media) by extensions ['colcon_meta']
[2.635s] Level 1:colcon.colcon_core.package_identification:_identify(media) by extension 'colcon_meta'
[2.635s] Level 1:colcon.colcon_core.package_identification:_identify(media) by extensions ['ros']
[2.635s] Level 1:colcon.colcon_core.package_identification:_identify(media) by extension 'ros'
[2.636s] Level 1:colcon.colcon_core.package_identification:_identify(media) by extensions ['cmake', 'python']
[2.636s] Level 1:colcon.colcon_core.package_identification:_identify(media) by extension 'cmake'
[2.636s] Level 1:colcon.colcon_core.package_identification:_identify(media) by extension 'python'
[2.636s] Level 1:colcon.colcon_core.package_identification:_identify(media) by extensions ['python_setup_py']
[2.636s] Level 1:colcon.colcon_core.package_identification:_identify(media) by extension 'python_setup_py'
[2.636s] Level 1:colcon.colcon_core.package_identification:_identify(media/interface types) by extensions ['ignore', 'ignore_ament_install']
[2.637s] Level 1:colcon.colcon_core.package_identification:_identify(media/interface types) by extension 'ignore'
[2.637s] Level 1:colcon.colcon_core.package_identification:_identify(media/interface types) by extension 'ignore_ament_install'
[2.637s] Level 1:colcon.colcon_core.package_identification:_identify(media/interface types) by extensions ['colcon_pkg']
[2.637s] Level 1:colcon.colcon_core.package_identification:_identify(media/interface types) by extension 'colcon_pkg'
[2.637s] Level 1:colcon.colcon_core.package_identification:_identify(media/interface types) by extensions ['colcon_meta']
[2.637s] Level 1:colcon.colcon_core.package_identification:_identify(media/interface types) by extension 'colcon_meta'
[2.637s] Level 1:colcon.colcon_core.package_identification:_identify(media/interface types) by extensions ['ros']
[2.637s] Level 1:colcon.colcon_core.package_identification:_identify(media/interface types) by extension 'ros'
[2.638s] Level 1:colcon.colcon_core.package_identification:_identify(media/interface types) by extensions ['cmake', 'python']
[2.638s] Level 1:colcon.colcon_core.package_identification:_identify(media/interface types) by extension 'cmake'
[2.638s] Level 1:colcon.colcon_core.package_identification:_identify(media/interface types) by extension 'python'
[2.638s] Level 1:colcon.colcon_core.package_identification:_identify(media/interface types) by extensions ['python_setup_py']
[2.638s] Level 1:colcon.colcon_core.package_identification:_identify(media/interface types) by extension 'python_setup_py'
[2.638s] Level 1:colcon.colcon_core.package_identification:_identify(src) by extensions ['ignore', 'ignore_ament_install']
[2.638s] Level 1:colcon.colcon_core.package_identification:_identify(src) by extension 'ignore'
[2.638s] Level 1:colcon.colcon_core.package_identification:_identify(src) by extension 'ignore_ament_install'
[2.638s] Level 1:colcon.colcon_core.package_identification:_identify(src) by extensions ['colcon_pkg']
[2.639s] Level 1:colcon.colcon_core.package_identification:_identify(src) by extension 'colcon_pkg'
[2.639s] Level 1:colcon.colcon_core.package_identification:_identify(src) by extensions ['colcon_meta']
[2.639s] Level 1:colcon.colcon_core.package_identification:_identify(src) by extension 'colcon_meta'
[2.639s] Level 1:colcon.colcon_core.package_identification:_identify(src) by extensions ['ros']
[2.639s] Level 1:colcon.colcon_core.package_identification:_identify(src) by extension 'ros'
[2.639s] Level 1:colcon.colcon_core.package_identification:_identify(src) by extensions ['cmake', 'python']
[2.639s] Level 1:colcon.colcon_core.package_identification:_identify(src) by extension 'cmake'
[2.639s] Level 1:colcon.colcon_core.package_identification:_identify(src) by extension 'python'
[2.639s] Level 1:colcon.colcon_core.package_identification:_identify(src) by extensions ['python_setup_py']
[2.639s] Level 1:colcon.colcon_core.package_identification:_identify(src) by extension 'python_setup_py'
[2.640s] Level 1:colcon.colcon_core.package_identification:_identify(src/my_controller) by extensions ['ignore', 'ignore_ament_install']
[2.640s] Level 1:colcon.colcon_core.package_identification:_identify(src/my_controller) by extension 'ignore'
[2.640s] Level 1:colcon.colcon_core.package_identification:_identify(src/my_controller) by extension 'ignore_ament_install'
[2.640s] Level 1:colcon.colcon_core.package_identification:_identify(src/my_controller) by extensions ['colcon_pkg']
[2.640s] Level 1:colcon.colcon_core.package_identification:_identify(src/my_controller) by extension 'colcon_pkg'
[2.640s] Level 1:colcon.colcon_core.package_identification:_identify(src/my_controller) by extensions ['colcon_meta']
[2.640s] Level 1:colcon.colcon_core.package_identification:_identify(src/my_controller) by extension 'colcon_meta'
[2.640s] Level 1:colcon.colcon_core.package_identification:_identify(src/my_controller) by extensions ['ros']
[2.640s] Level 1:colcon.colcon_core.package_identification:_identify(src/my_controller) by extension 'ros'
[2.645s] DEBUG:colcon.colcon_core.package_identification:Package 'src/my_controller' with type 'ros.ament_python' and name 'my_controller'
[2.646s] Level 1:colcon.colcon_core.package_identification:_identify(src/my_reactive_robot) by extensions ['ignore', 'ignore_ament_install']
[2.646s] Level 1:colcon.colcon_core.package_identification:_identify(src/my_reactive_robot) by extension 'ignore'
[2.646s] Level 1:colcon.colcon_core.package_identification:_identify(src/my_reactive_robot) by extension 'ignore_ament_install'
[2.646s] Level 1:colcon.colcon_core.package_identification:_identify(src/my_reactive_robot) by extensions ['colcon_pkg']
[2.646s] Level 1:colcon.colcon_core.package_identification:_identify(src/my_reactive_robot) by extension 'colcon_pkg'
[2.646s] Level 1:colcon.colcon_core.package_identification:_identify(src/my_reactive_robot) by extensions ['colcon_meta']
[2.646s] Level 1:colcon.colcon_core.package_identification:_identify(src/my_reactive_robot) by extension 'colcon_meta'
[2.646s] Level 1:colcon.colcon_core.package_identification:_identify(src/my_reactive_robot) by extensions ['ros']
[2.646s] Level 1:colcon.colcon_core.package_identification:_identify(src/my_reactive_robot) by extension 'ros'
[2.648s] DEBUG:colcon.colcon_core.package_identification:Package 'src/my_reactive_robot' with type 'ros.ament_cmake' and name 'my_reactive_robot'
[2.648s] Level 1:colcon.colcon_core.package_discovery:discover_packages(recursive) using defaults
[2.648s] Level 1:colcon.colcon_core.package_discovery:discover_packages(ignore) discover
[2.648s] Level 1:colcon.colcon_core.package_discovery:discover_packages(ignore) using defaults
[2.648s] Level 1:colcon.colcon_core.package_discovery:discover_packages(path) discover
[2.648s] Level 1:colcon.colcon_core.package_discovery:discover_packages(path) using defaults
[2.884s] Level 1:colcon.colcon_core.package_discovery:discover_packages(prefix_path) check parameters
[2.884s] Level 1:colcon.colcon_core.package_discovery:discover_packages(prefix_path) discover
[2.957s] DEBUG:colcon.colcon_installed_package_information.package_discovery:Found 3 installed packages in /home/kaduver4/ros2_ws/install
[2.993s] DEBUG:colcon.colcon_installed_package_information.package_discovery:Found 338 installed packages in /opt/ros/humble
[3.024s] Level 1:colcon.colcon_core.package_discovery:discover_packages(prefix_path) using defaults
[3.241s] Level 5:colcon.colcon_core.verb:set package 'my_controller' build argument 'cmake_args' from command line to 'None'
[3.241s] Level 5:colcon.colcon_core.verb:set package 'my_controller' build argument 'cmake_target' from command line to 'None'
[3.241s] Level 5:colcon.colcon_core.verb:set package 'my_controller' build argument 'cmake_target_skip_unavailable' from command line to 'False'
[3.241s] Level 5:colcon.colcon_core.verb:set package 'my_controller' build argument 'cmake_clean_cache' from command line to 'False'
[3.241s] Level 5:colcon.colcon_core.verb:set package 'my_controller' build argument 'cmake_clean_first' from command line to 'False'
[3.241s] Level 5:colcon.colcon_core.verb:set package 'my_controller' build argument 'cmake_force_configure' from command line to 'False'
[3.241s] Level 5:colcon.colcon_core.verb:set package 'my_controller' build argument 'ament_cmake_args' from command line to 'None'
[3.241s] Level 5:colcon.colcon_core.verb:set package 'my_controller' build argument 'catkin_cmake_args' from command line to 'None'
[3.241s] Level 5:colcon.colcon_core.verb:set package 'my_controller' build argument 'catkin_skip_building_tests' from command line to 'False'
[3.241s] DEBUG:colcon.colcon_core.verb:Building package 'my_controller' with the following arguments: {'ament_cmake_args': None, 'build_base': '/home/kaduver4/ros2_ws/build/my_controller', 'catkin_cmake_args': None, 'catkin_skip_building_tests': False, 'cmake_args': None, 'cmake_clean_cache': False, 'cmake_clean_first': False, 'cmake_force_configure': False, 'cmake_target': None, 'cmake_target_skip_unavailable': False, 'install_base': '/home/kaduver4/ros2_ws/install/my_controller', 'merge_install': False, 'path': '/home/kaduver4/ros2_ws/src/my_controller', 'symlink_install': True, 'test_result_base': None}
[3.280s] Level 5:colcon.colcon_core.verb:set package 'my_reactive_robot' build argument 'cmake_args' from command line to 'None'
[3.280s] Level 5:colcon.colcon_core.verb:set package 'my_reactive_robot' build argument 'cmake_target' from command line to 'None'
[3.280s] Level 5:colcon.colcon_core.verb:set package 'my_reactive_robot' build argument 'cmake_target_skip_unavailable' from command line to 'False'
[3.280s] Level 5:colcon.colcon_core.verb:set package 'my_reactive_robot' build argument 'cmake_clean_cache' from command line to 'False'
[3.280s] Level 5:colcon.colcon_core.verb:set package 'my_reactive_robot' build argument 'cmake_clean_first' from command line to 'False'
[3.280s] Level 5:colcon.colcon_core.verb:set package 'my_reactive_robot' build argument 'cmake_force_configure' from command line to 'False'
[3.280s] Level 5:colcon.colcon_core.verb:set package 'my_reactive_robot' build argument 'ament_cmake_args' from command line to 'None'
[3.280s] Level 5:colcon.colcon_core.verb:set package 'my_reactive_robot' build argument 'catkin_cmake_args' from command line to 'None'
[3.280s] Level 5:colcon.colcon_core.verb:set package 'my_reactive_robot' build argument 'catkin_skip_building_tests' from command line to 'False'
[3.280s] DEBUG:colcon.colcon_core.verb:Building package 'my_reactive_robot' with the following arguments: {'ament_cmake_args': None, 'build_base': '/home/kaduver4/ros2_ws/build/my_reactive_robot', 'catkin_cmake_args': None, 'catkin_skip_building_tests': False, 'cmake_args': None, 'cmake_clean_cache': False, 'cmake_clean_first': False, 'cmake_force_configure': False, 'cmake_target': None, 'cmake_target_skip_unavailable': False, 'install_base': '/home/kaduver4/ros2_ws/install/my_reactive_robot', 'merge_install': False, 'path': '/home/kaduver4/ros2_ws/src/my_reactive_robot', 'symlink_install': True, 'test_result_base': None}
[3.319s] INFO:colcon.colcon_core.executor:Executing jobs using 'parallel' executor
[3.359s] DEBUG:colcon.colcon_parallel_executor.executor.parallel:run_until_complete
[3.359s] INFO:colcon.colcon_ros.task.ament_python.build:Building ROS package in '/home/kaduver4/ros2_ws/src/my_controller' with build type 'ament_python'
[3.359s] Level 1:colcon.colcon_core.shell:create_environment_hook('my_controller', 'ament_prefix_path')
[3.414s] INFO:colcon.colcon_core.plugin_system:Skipping extension 'colcon_core.shell.bat': Not used on non-Windows systems
[3.415s] INFO:colcon.colcon_core.shell:Creating environment hook '/home/kaduver4/ros2_ws/install/my_controller/share/my_controller/hook/ament_prefix_path.ps1'
[3.417s] INFO:colcon.colcon_core.shell:Creating environment descriptor '/home/kaduver4/ros2_ws/install/my_controller/share/my_controller/hook/ament_prefix_path.dsv'
[3.419s] INFO:colcon.colcon_core.shell:Creating environment hook '/home/kaduver4/ros2_ws/install/my_controller/share/my_controller/hook/ament_prefix_path.sh'
[3.461s] INFO:colcon.colcon_core.shell:Skip shell extension 'powershell' for command environment: Not usable outside of PowerShell
[3.461s] DEBUG:colcon.colcon_core.shell:Skip shell extension 'dsv' for command environment
[3.599s] INFO:colcon.colcon_ros.task.ament_cmake.build:Building ROS package in '/home/kaduver4/ros2_ws/src/my_reactive_robot' with build type 'ament_cmake'
[3.599s] INFO:colcon.colcon_cmake.task.cmake.build:Building CMake package in '/home/kaduver4/ros2_ws/src/my_reactive_robot'
[3.643s] INFO:colcon.colcon_core.shell:Skip shell extension 'powershell' for command environment: Not usable outside of PowerShell
[3.643s] DEBUG:colcon.colcon_core.shell:Skip shell extension 'dsv' for command environment
[4.449s] INFO:colcon.colcon_core.task.python.build:Building Python package in '/home/kaduver4/ros2_ws/src/my_controller'
[4.500s] INFO:colcon.colcon_core.shell:Skip shell extension 'powershell' for command environment: Not usable outside of PowerShell
[4.500s] DEBUG:colcon.colcon_core.shell:Skip shell extension 'dsv' for command environment
[4.654s] DEBUG:colcon.colcon_core.event_handler.log_command:Invoking command in '/home/kaduver4/ros2_ws/build/my_reactive_robot': CMAKE_PREFIX_PATH=${CMAKE_PREFIX_PATH}:/home/kaduver4/ros2_ws/install/my_controller:/opt/ros/humble /usr/bin/cmake /home/kaduver4/ros2_ws/src/my_reactive_robot -DAMENT_CMAKE_SYMLINK_INSTALL=1 -DCMAKE_INSTALL_PREFIX=/home/kaduver4/ros2_ws/install/my_reactive_robot
[5.278s] DEBUG:colcon.colcon_core.event_handler.log_command:Invoked command in '/home/kaduver4/ros2_ws/build/my_reactive_robot' returned '0': CMAKE_PREFIX_PATH=${CMAKE_PREFIX_PATH}:/home/kaduver4/ros2_ws/install/my_controller:/opt/ros/humble /usr/bin/cmake /home/kaduver4/ros2_ws/src/my_reactive_robot -DAMENT_CMAKE_SYMLINK_INSTALL=1 -DCMAKE_INSTALL_PREFIX=/home/kaduver4/ros2_ws/install/my_reactive_robot
[5.283s] DEBUG:colcon.colcon_core.event_handler.log_command:Invoking command in '/home/kaduver4/ros2_ws/build/my_reactive_robot': CMAKE_PREFIX_PATH=${CMAKE_PREFIX_PATH}:/home/kaduver4/ros2_ws/install/my_controller:/opt/ros/humble /usr/bin/cmake --build /home/kaduver4/ros2_ws/build/my_reactive_robot -- -j8 -l8
[5.371s] DEBUG:colcon.colcon_core.event_handler.log_command:Invoked command in '/home/kaduver4/ros2_ws/build/my_reactive_robot' returned '0': CMAKE_PREFIX_PATH=${CMAKE_PREFIX_PATH}:/home/kaduver4/ros2_ws/install/my_controller:/opt/ros/humble /usr/bin/cmake --build /home/kaduver4/ros2_ws/build/my_reactive_robot -- -j8 -l8
[5.441s] DEBUG:colcon.colcon_core.event_handler.log_command:Invoking command in '/home/kaduver4/ros2_ws/build/my_reactive_robot': CMAKE_PREFIX_PATH=${CMAKE_PREFIX_PATH}:/home/kaduver4/ros2_ws/install/my_controller:/opt/ros/humble /usr/bin/cmake --install /home/kaduver4/ros2_ws/build/my_reactive_robot
[5.488s] Level 1:colcon.colcon_core.environment:create_environment_scripts_only(my_reactive_robot)
[5.489s] DEBUG:colcon.colcon_core.event_handler.log_command:Invoked command in '/home/kaduver4/ros2_ws/build/my_reactive_robot' returned '0': CMAKE_PREFIX_PATH=${CMAKE_PREFIX_PATH}:/home/kaduver4/ros2_ws/install/my_controller:/opt/ros/humble /usr/bin/cmake --install /home/kaduver4/ros2_ws/build/my_reactive_robot
[5.537s] Level 1:colcon.colcon_core.environment:checking '/home/kaduver4/ros2_ws/install/my_reactive_robot' for CMake module files
[5.539s] Level 1:colcon.colcon_core.environment:checking '/home/kaduver4/ros2_ws/install/my_reactive_robot' for CMake config files
[5.541s] Level 1:colcon.colcon_core.shell:create_environment_hook('my_reactive_robot', 'cmake_prefix_path')
[5.581s] INFO:colcon.colcon_core.shell:Creating environment hook '/home/kaduver4/ros2_ws/install/my_reactive_robot/share/my_reactive_robot/hook/cmake_prefix_path.ps1'
[5.582s] INFO:colcon.colcon_core.shell:Creating environment descriptor '/home/kaduver4/ros2_ws/install/my_reactive_robot/share/my_reactive_robot/hook/cmake_prefix_path.dsv'
[5.582s] INFO:colcon.colcon_core.shell:Creating environment hook '/home/kaduver4/ros2_ws/install/my_reactive_robot/share/my_reactive_robot/hook/cmake_prefix_path.sh'
[5.584s] Level 1:colcon.colcon_core.environment:checking '/home/kaduver4/ros2_ws/install/my_reactive_robot/bin'
[5.584s] Level 1:colcon.colcon_core.environment:checking '/home/kaduver4/ros2_ws/install/my_reactive_robot/lib/pkgconfig/my_reactive_robot.pc'
[5.585s] Level 1:colcon.colcon_core.environment:checking '/home/kaduver4/ros2_ws/install/my_reactive_robot/lib/python3.10/site-packages'
[5.585s] Level 1:colcon.colcon_core.environment:checking '/home/kaduver4/ros2_ws/install/my_reactive_robot/bin'
[5.624s] INFO:colcon.colcon_core.shell:Creating package script '/home/kaduver4/ros2_ws/install/my_reactive_robot/share/my_reactive_robot/package.ps1'
[5.627s] INFO:colcon.colcon_core.shell:Creating package descriptor '/home/kaduver4/ros2_ws/install/my_reactive_robot/share/my_reactive_robot/package.dsv'
[5.629s] INFO:colcon.colcon_core.shell:Creating package script '/home/kaduver4/ros2_ws/install/my_reactive_robot/share/my_reactive_robot/package.sh'
[5.631s] INFO:colcon.colcon_core.shell:Creating package script '/home/kaduver4/ros2_ws/install/my_reactive_robot/share/my_reactive_robot/package.bash'
[5.632s] INFO:colcon.colcon_core.shell:Creating package script '/home/kaduver4/ros2_ws/install/my_reactive_robot/share/my_reactive_robot/package.zsh'
[5.634s] Level 1:colcon.colcon_core.environment:create_file_with_runtime_dependencies(/home/kaduver4/ros2_ws/install/my_reactive_robot/share/colcon-core/packages/my_reactive_robot)
[5.637s] DEBUG:colcon.colcon_core.task.python.build:While undoing a previous installation files outside the Python library path are being ignored: /home/kaduver4/ros2_ws/install/my_controller/share/ament_index/resource_index/packages/my_controller
[5.637s] DEBUG:colcon.colcon_core.task.python.build:While undoing a previous installation files outside the Python library path are being ignored: /home/kaduver4/ros2_ws/install/my_controller/share/my_controller/package.xml
[5.638s] DEBUG:colcon.colcon_core.task.python.build:While undoing a previous installation files outside the Python library path are being ignored: /home/kaduver4/ros2_ws/install/my_controller/lib/my_controller/controller_node
[5.644s] DEBUG:colcon.colcon_core.event_handler.log_command:Invoking command in '/home/kaduver4/ros2_ws/build/my_controller': PYTHONPATH=/home/kaduver4/ros2_ws/build/my_controller/prefix_override:/home/kaduver4/ros2_ws/install/my_controller/lib/python3.10/site-packages:${PYTHONPATH} /usr/bin/python3 setup.py develop --editable --build-directory /home/kaduver4/ros2_ws/build/my_controller/build --no-deps install_data
[5.725s] Level 1:colcon.colcon_core.environment:create_environment_scripts_only(my_reactive_robot)
[5.764s] Level 1:colcon.colcon_core.environment:checking '/home/kaduver4/ros2_ws/install/my_reactive_robot' for CMake module files
[5.765s] Level 1:colcon.colcon_core.environment:checking '/home/kaduver4/ros2_ws/install/my_reactive_robot' for CMake config files
[5.766s] Level 1:colcon.colcon_core.shell:create_environment_hook('my_reactive_robot', 'cmake_prefix_path')
[5.809s] INFO:colcon.colcon_core.shell:Creating environment hook '/home/kaduver4/ros2_ws/install/my_reactive_robot/share/my_reactive_robot/hook/cmake_prefix_path.ps1'
[5.810s] INFO:colcon.colcon_core.shell:Creating environment descriptor '/home/kaduver4/ros2_ws/install/my_reactive_robot/share/my_reactive_robot/hook/cmake_prefix_path.dsv'
[5.811s] INFO:colcon.colcon_core.shell:Creating environment hook '/home/kaduver4/ros2_ws/install/my_reactive_robot/share/my_reactive_robot/hook/cmake_prefix_path.sh'
[5.813s] Level 1:colcon.colcon_core.environment:checking '/home/kaduver4/ros2_ws/install/my_reactive_robot/bin'
[5.813s] Level 1:colcon.colcon_core.environment:checking '/home/kaduver4/ros2_ws/install/my_reactive_robot/lib/pkgconfig/my_reactive_robot.pc'
[5.813s] Level 1:colcon.colcon_core.environment:checking '/home/kaduver4/ros2_ws/install/my_reactive_robot/lib/python3.10/site-packages'
[5.814s] Level 1:colcon.colcon_core.environment:checking '/home/kaduver4/ros2_ws/install/my_reactive_robot/bin'
[5.852s] INFO:colcon.colcon_core.shell:Creating package script '/home/kaduver4/ros2_ws/install/my_reactive_robot/share/my_reactive_robot/package.ps1'
[5.853s] INFO:colcon.colcon_core.shell:Creating package descriptor '/home/kaduver4/ros2_ws/install/my_reactive_robot/share/my_reactive_robot/package.dsv'
[5.854s] INFO:colcon.colcon_core.shell:Creating package script '/home/kaduver4/ros2_ws/install/my_reactive_robot/share/my_reactive_robot/package.sh'
[5.855s] INFO:colcon.colcon_core.shell:Creating package script '/home/kaduver4/ros2_ws/install/my_reactive_robot/share/my_reactive_robot/package.bash'
[5.856s] INFO:colcon.colcon_core.shell:Creating package script '/home/kaduver4/ros2_ws/install/my_reactive_robot/share/my_reactive_robot/package.zsh'
[5.857s] Level 1:colcon.colcon_core.environment:create_file_with_runtime_dependencies(/home/kaduver4/ros2_ws/install/my_reactive_robot/share/colcon-core/packages/my_reactive_robot)
[6.873s] Level 1:colcon.colcon_core.shell:create_environment_hook('my_controller', 'pythonpath_develop')
[6.874s] DEBUG:colcon.colcon_core.event_handler.log_command:Invoked command in '/home/kaduver4/ros2_ws/build/my_controller' returned '0': PYTHONPATH=/home/kaduver4/ros2_ws/build/my_controller/prefix_override:/home/kaduver4/ros2_ws/install/my_controller/lib/python3.10/site-packages:${PYTHONPATH} /usr/bin/python3 setup.py develop --editable --build-directory /home/kaduver4/ros2_ws/build/my_controller/build --no-deps install_data
[6.915s] INFO:colcon.colcon_core.shell:Creating environment hook '/home/kaduver4/ros2_ws/build/my_controller/share/my_controller/hook/pythonpath_develop.ps1'
[6.927s] INFO:colcon.colcon_core.shell:Creating environment descriptor '/home/kaduver4/ros2_ws/build/my_controller/share/my_controller/hook/pythonpath_develop.dsv'
[6.927s] INFO:colcon.colcon_core.shell:Creating environment hook '/home/kaduver4/ros2_ws/build/my_controller/share/my_controller/hook/pythonpath_develop.sh'
[6.963s] Level 1:colcon.colcon_core.environment:checking '/home/kaduver4/ros2_ws/install/my_controller' for CMake module files
[6.965s] Level 1:colcon.colcon_core.environment:checking '/home/kaduver4/ros2_ws/install/my_controller' for CMake config files
[6.966s] Level 1:colcon.colcon_core.environment:checking '/home/kaduver4/ros2_ws/install/my_controller/lib'
[6.966s] Level 1:colcon.colcon_core.environment:checking '/home/kaduver4/ros2_ws/install/my_controller/bin'
[6.967s] Level 1:colcon.colcon_core.environment:checking '/home/kaduver4/ros2_ws/install/my_controller/lib/pkgconfig/my_controller.pc'
[6.967s] Level 1:colcon.colcon_core.environment:checking '/home/kaduver4/ros2_ws/install/my_controller/lib/python3.10/site-packages'
[6.967s] Level 1:colcon.colcon_core.shell:create_environment_hook('my_controller', 'pythonpath')
[7.003s] INFO:colcon.colcon_core.shell:Creating environment hook '/home/kaduver4/ros2_ws/install/my_controller/share/my_controller/hook/pythonpath.ps1'
[7.005s] INFO:colcon.colcon_core.shell:Creating environment descriptor '/home/kaduver4/ros2_ws/install/my_controller/share/my_controller/hook/pythonpath.dsv'
[7.006s] INFO:colcon.colcon_core.shell:Creating environment hook '/home/kaduver4/ros2_ws/install/my_controller/share/my_controller/hook/pythonpath.sh'
[7.007s] Level 1:colcon.colcon_core.environment:checking '/home/kaduver4/ros2_ws/install/my_controller/bin'
[7.008s] Level 1:colcon.colcon_core.environment:create_environment_scripts_only(my_controller)
[7.044s] INFO:colcon.colcon_core.shell:Creating package script '/home/kaduver4/ros2_ws/install/my_controller/share/my_controller/package.ps1'
[7.045s] INFO:colcon.colcon_core.shell:Creating package descriptor '/home/kaduver4/ros2_ws/install/my_controller/share/my_controller/package.dsv'
[7.046s] INFO:colcon.colcon_core.shell:Creating package script '/home/kaduver4/ros2_ws/install/my_controller/share/my_controller/package.sh'
[7.047s] INFO:colcon.colcon_core.shell:Creating package script '/home/kaduver4/ros2_ws/install/my_controller/share/my_controller/package.bash'
[7.048s] INFO:colcon.colcon_core.shell:Creating package script '/home/kaduver4/ros2_ws/install/my_controller/share/my_controller/package.zsh'
[7.048s] Level 1:colcon.colcon_core.environment:create_file_with_runtime_dependencies(/home/kaduver4/ros2_ws/install/my_controller/share/colcon-core/packages/my_controller)
[7.049s] DEBUG:colcon.colcon_parallel_executor.executor.parallel:closing loop
[7.050s] DEBUG:colcon.colcon_parallel_executor.executor.parallel:loop closed
[7.050s] DEBUG:colcon.colcon_parallel_executor.executor.parallel:run_until_complete finished with '0'
[7.050s] DEBUG:colcon.colcon_core.event_reactor:joining thread
[7.130s] INFO:colcon.colcon_core.plugin_system:Skipping extension 'colcon_notification.desktop_notification.terminal_notifier': Not used on non-Darwin systems
[7.130s] INFO:colcon.colcon_core.plugin_system:Skipping extension 'colcon_notification.desktop_notification.win32': Not used on non-Windows systems
[7.130s] INFO:colcon.colcon_notification.desktop_notification:Sending desktop notification using 'notify2'
[7.166s] DEBUG:colcon.colcon_core.event_reactor:joined thread
[7.204s] INFO:colcon.colcon_core.shell:Creating prefix script '/home/kaduver4/ros2_ws/install/local_setup.ps1'
[7.208s] INFO:colcon.colcon_core.shell:Creating prefix util module '/home/kaduver4/ros2_ws/install/_local_setup_util_ps1.py'
[7.212s] INFO:colcon.colcon_core.shell:Creating prefix chain script '/home/kaduver4/ros2_ws/install/setup.ps1'
[7.251s] INFO:colcon.colcon_core.shell:Creating prefix script '/home/kaduver4/ros2_ws/install/local_setup.sh'
[7.252s] INFO:colcon.colcon_core.shell:Creating prefix util module '/home/kaduver4/ros2_ws/install/_local_setup_util_sh.py'
[7.253s] INFO:colcon.colcon_core.shell:Creating prefix chain script '/home/kaduver4/ros2_ws/install/setup.sh'
[7.294s] INFO:colcon.colcon_core.shell:Creating prefix script '/home/kaduver4/ros2_ws/install/local_setup.bash'
[7.295s] INFO:colcon.colcon_core.shell:Creating prefix chain script '/home/kaduver4/ros2_ws/install/setup.bash'
[7.335s] INFO:colcon.colcon_core.shell:Creating prefix script '/home/kaduver4/ros2_ws/install/local_setup.zsh'
[7.336s] INFO:colcon.colcon_core.shell:Creating prefix chain script '/home/kaduver4/ros2_ws/install/setup.zsh'
