[0.559s] Invoking command in '/home/kaduver4/ros2_ws/build/my_reactive_robot': CMAKE_PREFIX_PATH=${CMAKE_PREFIX_PATH}:/home/kaduver4/ros2_ws/install/my_controller:/opt/ros/humble /usr/bin/cmake /home/kaduver4/ros2_ws/src/my_reactive_robot -DCMAKE_INSTALL_PREFIX=/home/kaduver4/ros2_ws/install/my_reactive_robot
[0.602s] -- Found ament_cmake: 1.3.5 (/opt/ros/humble/share/ament_cmake/cmake)
[0.828s] -- Override CMake install command with custom implementation using symlinks instead of copying resources
[0.853s] -- Found ament_lint_auto: 0.12.8 (/opt/ros/humble/share/ament_lint_auto/cmake)
[0.951s] -- Added test 'flake8' to check Python code syntax and style conventions
[0.952s] -- Added test 'lint_cmake' to check CMake code style
[0.952s] -- Added test 'pep257' to check Python code against some of the docstring style conventions in PEP 257
[0.954s] -- Added test 'xmllint' to check XML markup files
[0.957s] -- Configuring done
[0.964s] -- Generating done
[0.965s] -- Build files have been written to: /home/kaduver4/ros2_ws/build/my_reactive_robot
[0.970s] Invoked command in '/home/kaduver4/ros2_ws/build/my_reactive_robot' returned '0': CMAKE_PREFIX_PATH=${CMAKE_PREFIX_PATH}:/home/kaduver4/ros2_ws/install/my_controller:/opt/ros/humble /usr/bin/cmake /home/kaduver4/ros2_ws/src/my_reactive_robot -DCMAKE_INSTALL_PREFIX=/home/kaduver4/ros2_ws/install/my_reactive_robot
[0.973s] Invoking command in '/home/kaduver4/ros2_ws/build/my_reactive_robot': CMAKE_PREFIX_PATH=${CMAKE_PREFIX_PATH}:/home/kaduver4/ros2_ws/install/my_controller:/opt/ros/humble /usr/bin/cmake --build /home/kaduver4/ros2_ws/build/my_reactive_robot -- -j8 -l8
[1.042s] Invoked command in '/home/kaduver4/ros2_ws/build/my_reactive_robot' returned '0': CMAKE_PREFIX_PATH=${CMAKE_PREFIX_PATH}:/home/kaduver4/ros2_ws/install/my_controller:/opt/ros/humble /usr/bin/cmake --build /home/kaduver4/ros2_ws/build/my_reactive_robot -- -j8 -l8
[1.093s] Invoking command in '/home/kaduver4/ros2_ws/build/my_reactive_robot': CMAKE_PREFIX_PATH=${CMAKE_PREFIX_PATH}:/home/kaduver4/ros2_ws/install/my_controller:/opt/ros/humble /usr/bin/cmake --install /home/kaduver4/ros2_ws/build/my_reactive_robot
[1.108s] -- Install configuration: ""
[1.109s] -- Execute custom install script
[1.110s] -- Symlinking: /home/kaduver4/ros2_ws/install/my_reactive_robot/share/my_reactive_robot/launch/launch.py
[1.122s] [31mCMake Error at ament_cmake_symlink_install/ament_cmake_symlink_install.cmake:100 (message):
[1.122s]   ament_cmake_symlink_install_directory() can't find
[1.123s]   '/home/kaduver4/ros2_ws/src/my_reactive_robot/meshes'
[1.123s] Call Stack (most recent call first):
[1.123s]   ament_cmake_symlink_install/ament_cmake_symlink_install.cmake:314 (ament_cmake_symlink_install_directory)
[1.123s]   cmake_install.cmake:46 (include)
[1.123s] 
[1.123s] [0m
[1.125s] Invoked command in '/home/kaduver4/ros2_ws/build/my_reactive_robot' returned '1': CMAKE_PREFIX_PATH=${CMAKE_PREFIX_PATH}:/home/kaduver4/ros2_ws/install/my_controller:/opt/ros/humble /usr/bin/cmake --install /home/kaduver4/ros2_ws/build/my_reactive_robot
