running develop
running egg_info
writing ../../build/my_controller/my_controller.egg-info/PKG-INFO
writing dependency_links to ../../build/my_controller/my_controller.egg-info/dependency_links.txt
writing entry points to ../../build/my_controller/my_controller.egg-info/entry_points.txt
writing requirements to ../../build/my_controller/my_controller.egg-info/requires.txt
writing top-level names to ../../build/my_controller/my_controller.egg-info/top_level.txt
reading manifest file '../../build/my_controller/my_controller.egg-info/SOURCES.txt'
writing manifest file '../../build/my_controller/my_controller.egg-info/SOURCES.txt'
running build
running build_py
creating /home/kaduver4/ros2_ws/build/my_controller/build
creating /home/kaduver4/ros2_ws/build/my_controller/build/lib
creating /home/kaduver4/ros2_ws/build/my_controller/build/lib/my_controller
copying my_controller/__init__.py -> /home/kaduver4/ros2_ws/build/my_controller/build/lib/my_controller
copying my_controller/controller.py -> /home/kaduver4/ros2_ws/build/my_controller/build/lib/my_controller
running install
running install_lib
creating /home/kaduver4/ros2_ws/install/my_controller/lib/python3.10/site-packages/my_controller
copying /home/kaduver4/ros2_ws/build/my_controller/build/lib/my_controller/__init__.py -> /home/kaduver4/ros2_ws/install/my_controller/lib/python3.10/site-packages/my_controller
copying /home/kaduver4/ros2_ws/build/my_controller/build/lib/my_controller/controller.py -> /home/kaduver4/ros2_ws/install/my_controller/lib/python3.10/site-packages/my_controller
byte-compiling /home/kaduver4/ros2_ws/install/my_controller/lib/python3.10/site-packages/my_controller/__init__.py to __init__.cpython-310.pyc
byte-compiling /home/kaduver4/ros2_ws/install/my_controller/lib/python3.10/site-packages/my_controller/controller.py to controller.cpython-310.pyc
running install_data
running install_egg_info
Copying ../../build/my_controller/my_controller.egg-info to /home/kaduver4/ros2_ws/install/my_controller/lib/python3.10/site-packages/my_controller-0.0.0-py3.10.egg-info
running install_scripts
Installing controller_node script to /home/kaduver4/ros2_ws/install/my_controller/lib/my_controller
writing list of installed files to '/home/kaduver4/ros2_ws/build/my_controller/install.log'
