[1.053s] Invoking command in '/home/kaduver4/ros2_ws/build/my_controller': PYTHONPATH=/home/kaduver4/ros2_ws/build/my_controller/prefix_override:/home/kaduver4/ros2_ws/install/my_controller/lib/python3.10/site-packages:${PYTHONPATH} /usr/bin/python3 setup.py develop --uninstall --editable --build-directory /home/kaduver4/ros2_ws/build/my_controller/build
[1.378s] running develop
[1.629s] Invoked command in '/home/kaduver4/ros2_ws/build/my_controller' returned '0': PYTHONPATH=/home/kaduver4/ros2_ws/build/my_controller/prefix_override:/home/kaduver4/ros2_ws/install/my_controller/lib/python3.10/site-packages:${PYTHONPATH} /usr/bin/python3 setup.py develop --uninstall --editable --build-directory /home/kaduver4/ros2_ws/build/my_controller/build
[1.632s] Invoking command in '/home/kaduver4/ros2_ws/src/my_controller': PYTHONPATH=/home/kaduver4/ros2_ws/build/my_controller/prefix_override:/home/kaduver4/ros2_ws/install/my_controller/lib/python3.10/site-packages:${PYTHONPATH} /usr/bin/python3 setup.py egg_info --egg-base ../../build/my_controller build --build-base /home/kaduver4/ros2_ws/build/my_controller/build install --record /home/kaduver4/ros2_ws/build/my_controller/install.log --single-version-externally-managed
[1.943s] running egg_info
[1.943s] writing ../../build/my_controller/my_controller.egg-info/PKG-INFO
[1.944s] writing dependency_links to ../../build/my_controller/my_controller.egg-info/dependency_links.txt
[1.944s] writing entry points to ../../build/my_controller/my_controller.egg-info/entry_points.txt
[1.944s] writing requirements to ../../build/my_controller/my_controller.egg-info/requires.txt
[1.944s] writing top-level names to ../../build/my_controller/my_controller.egg-info/top_level.txt
[1.946s] reading manifest file '../../build/my_controller/my_controller.egg-info/SOURCES.txt'
[1.954s] writing manifest file '../../build/my_controller/my_controller.egg-info/SOURCES.txt'
[1.954s] running build
[1.955s] running build_py
[1.955s] creating /home/kaduver4/ros2_ws/build/my_controller/build
[1.955s] creating /home/kaduver4/ros2_ws/build/my_controller/build/lib
[1.955s] creating /home/kaduver4/ros2_ws/build/my_controller/build/lib/my_controller
[1.956s] copying my_controller/__init__.py -> /home/kaduver4/ros2_ws/build/my_controller/build/lib/my_controller
[1.956s] copying my_controller/controller.py -> /home/kaduver4/ros2_ws/build/my_controller/build/lib/my_controller
[1.956s] running install
[1.956s] running install_lib
[1.957s] creating /home/kaduver4/ros2_ws/install/my_controller/lib/python3.10/site-packages/my_controller
[1.957s] copying /home/kaduver4/ros2_ws/build/my_controller/build/lib/my_controller/__init__.py -> /home/kaduver4/ros2_ws/install/my_controller/lib/python3.10/site-packages/my_controller
[1.957s] copying /home/kaduver4/ros2_ws/build/my_controller/build/lib/my_controller/controller.py -> /home/kaduver4/ros2_ws/install/my_controller/lib/python3.10/site-packages/my_controller
[1.957s] byte-compiling /home/kaduver4/ros2_ws/install/my_controller/lib/python3.10/site-packages/my_controller/__init__.py to __init__.cpython-310.pyc
[1.958s] byte-compiling /home/kaduver4/ros2_ws/install/my_controller/lib/python3.10/site-packages/my_controller/controller.py to controller.cpython-310.pyc
[1.958s] running install_data
[1.958s] running install_egg_info
[1.960s] Copying ../../build/my_controller/my_controller.egg-info to /home/kaduver4/ros2_ws/install/my_controller/lib/python3.10/site-packages/my_controller-0.0.0-py3.10.egg-info
[1.961s] running install_scripts
[1.981s] Installing controller_node script to /home/kaduver4/ros2_ws/install/my_controller/lib/my_controller
[1.981s] writing list of installed files to '/home/kaduver4/ros2_ws/build/my_controller/install.log'
[2.017s] Invoked command in '/home/kaduver4/ros2_ws/src/my_controller' returned '0': PYTHONPATH=/home/kaduver4/ros2_ws/build/my_controller/prefix_override:/home/kaduver4/ros2_ws/install/my_controller/lib/python3.10/site-packages:${PYTHONPATH} /usr/bin/python3 setup.py egg_info --egg-base ../../build/my_controller build --build-base /home/kaduver4/ros2_ws/build/my_controller/build install --record /home/kaduver4/ros2_ws/build/my_controller/install.log --single-version-externally-managed
